ARM GAS  C:\Users\annat\AppData\Local\Temp\ccS21IGa.s 			page 1


   1              		.syntax unified
   2              		.cpu cortex-m3
   3              		.fpu softvfp
   4              		.eabi_attribute 20, 1
   5              		.eabi_attribute 21, 1
   6              		.eabi_attribute 23, 3
   7              		.eabi_attribute 24, 1
   8              		.eabi_attribute 25, 1
   9              		.eabi_attribute 26, 1
  10              		.eabi_attribute 30, 1
  11              		.eabi_attribute 34, 1
  12              		.eabi_attribute 18, 4
  13              		.thumb
  14              		.syntax unified
  15              		.file	"cymetadata.c"
  16              		.text
  17              	.Ltext0:
  18              		.cfi_sections	.debug_frame
  19              		.global	cy_metadata
  20              		.global	cy_meta_flashprotect
  21              		.global	cy_meta_wonvl
  22              		.global	cy_meta_custnvl
  23              		.global	cy_meta_configecc
  24              		.section	.cyconfigecc,"a",%progbits
  25              		.align	2
  26              		.type	cy_meta_configecc, %object
  27              		.size	cy_meta_configecc, 1432
  28              	cy_meta_configecc:
  29 0000 04       		.byte	4
  30 0001 52       		.byte	82
  31 0002 00       		.byte	0
  32 0003 40       		.byte	64
  33 0004 02       		.byte	2
  34 0005 64       		.byte	100
  35 0006 00       		.byte	0
  36 0007 40       		.byte	64
  37 0008 02       		.byte	2
  38 0009 65       		.byte	101
  39 000a 00       		.byte	0
  40 000b 40       		.byte	64
  41 000c 01       		.byte	1
  42 000d 05       		.byte	5
  43 000e 01       		.byte	1
  44 000f 40       		.byte	64
  45 0010 01       		.byte	1
  46 0011 07       		.byte	7
  47 0012 01       		.byte	1
  48 0013 40       		.byte	64
  49 0014 51       		.byte	81
  50 0015 08       		.byte	8
  51 0016 01       		.byte	1
  52 0017 40       		.byte	64
  53 0018 41       		.byte	65
  54 0019 09       		.byte	9
  55 001a 01       		.byte	1
  56 001b 40       		.byte	64
  57 001c 0E       		.byte	14
ARM GAS  C:\Users\annat\AppData\Local\Temp\ccS21IGa.s 			page 2


  58 001d 0A       		.byte	10
  59 001e 01       		.byte	1
  60 001f 40       		.byte	64
  61 0020 36       		.byte	54
  62 0021 0B       		.byte	11
  63 0022 01       		.byte	1
  64 0023 40       		.byte	64
  65 0024 01       		.byte	1
  66 0025 17       		.byte	23
  67 0026 01       		.byte	1
  68 0027 40       		.byte	64
  69 0028 5B       		.byte	91
  70 0029 18       		.byte	24
  71 002a 01       		.byte	1
  72 002b 40       		.byte	64
  73 002c 48       		.byte	72
  74 002d 19       		.byte	25
  75 002e 01       		.byte	1
  76 002f 40       		.byte	64
  77 0030 4E       		.byte	78
  78 0031 1A       		.byte	26
  79 0032 01       		.byte	1
  80 0033 40       		.byte	64
  81 0034 4C       		.byte	76
  82 0035 1B       		.byte	27
  83 0036 01       		.byte	1
  84 0037 40       		.byte	64
  85 0038 03       		.byte	3
  86 0039 40       		.byte	64
  87 003a 01       		.byte	1
  88 003b 40       		.byte	64
  89 003c 06       		.byte	6
  90 003d 41       		.byte	65
  91 003e 01       		.byte	1
  92 003f 40       		.byte	64
  93 0040 06       		.byte	6
  94 0041 42       		.byte	66
  95 0042 01       		.byte	1
  96 0043 40       		.byte	64
  97 0044 04       		.byte	4
  98 0045 43       		.byte	67
  99 0046 01       		.byte	1
 100 0047 40       		.byte	64
 101 0048 02       		.byte	2
 102 0049 45       		.byte	69
 103 004a 01       		.byte	1
 104 004b 40       		.byte	64
 105 004c 01       		.byte	1
 106 004d 46       		.byte	70
 107 004e 01       		.byte	1
 108 004f 40       		.byte	64
 109 0050 02       		.byte	2
 110 0051 47       		.byte	71
 111 0052 01       		.byte	1
 112 0053 40       		.byte	64
 113 0054 03       		.byte	3
 114 0055 48       		.byte	72
ARM GAS  C:\Users\annat\AppData\Local\Temp\ccS21IGa.s 			page 3


 115 0056 01       		.byte	1
 116 0057 40       		.byte	64
 117 0058 07       		.byte	7
 118 0059 4D       		.byte	77
 119 005a 01       		.byte	1
 120 005b 40       		.byte	64
 121 005c 04       		.byte	4
 122 005d 50       		.byte	80
 123 005e 01       		.byte	1
 124 005f 40       		.byte	64
 125 0060 01       		.byte	1
 126 0061 51       		.byte	81
 127 0062 01       		.byte	1
 128 0063 40       		.byte	64
 129 0064 00       		.byte	0
 130 0065 40       		.byte	64
 131 0066 01       		.byte	1
 132 0067 20       		.byte	32
 133 0068 61       		.byte	97
 134 0069 80       		.byte	-128
 135 006a 64       		.byte	100
 136 006b 40       		.byte	64
 137 006c 88       		.byte	-120
 138 006d 0F       		.byte	15
 139 006e 8A       		.byte	-118
 140 006f 0F       		.byte	15
 141 0070 88       		.byte	-120
 142 0071 38       		.byte	56
 143 0072 8B       		.byte	-117
 144 0073 72       		.byte	114
 145 0074 E2       		.byte	-30
 146 0075 14       		.byte	20
 147 0076 E6       		.byte	-26
 148 0077 02       		.byte	2
 149 0078 03       		.byte	3
 150 0079 01       		.byte	1
 151 007a 0E       		.byte	14
 152 007b 01       		.byte	1
 153 007c 10       		.byte	16
 154 007d 04       		.byte	4
 155 007e 1A       		.byte	26
 156 007f 02       		.byte	2
 157 0080 1B       		.byte	27
 158 0081 01       		.byte	1
 159 0082 25       		.byte	37
 160 0083 01       		.byte	1
 161 0084 2A       		.byte	42
 162 0085 02       		.byte	2
 163 0086 2D       		.byte	45
 164 0087 01       		.byte	1
 165 0088 30       		.byte	48
 166 0089 01       		.byte	1
 167 008a 32       		.byte	50
 168 008b 02       		.byte	2
 169 008c 33       		.byte	51
 170 008d 01       		.byte	1
 171 008e 34       		.byte	52
ARM GAS  C:\Users\annat\AppData\Local\Temp\ccS21IGa.s 			page 4


 172 008f 04       		.byte	4
 173 0090 39       		.byte	57
 174 0091 08       		.byte	8
 175 0092 3E       		.byte	62
 176 0093 14       		.byte	20
 177 0094 54       		.byte	84
 178 0095 01       		.byte	1
 179 0096 58       		.byte	88
 180 0097 04       		.byte	4
 181 0098 59       		.byte	89
 182 0099 04       		.byte	4
 183 009a 5B       		.byte	91
 184 009b 04       		.byte	4
 185 009c 5C       		.byte	92
 186 009d 11       		.byte	17
 187 009e 5D       		.byte	93
 188 009f 10       		.byte	16
 189 00a0 5F       		.byte	95
 190 00a1 01       		.byte	1
 191 00a2 82       		.byte	-126
 192 00a3 80       		.byte	-128
 193 00a4 83       		.byte	-125
 194 00a5 03       		.byte	3
 195 00a6 84       		.byte	-124
 196 00a7 8D       		.byte	-115
 197 00a8 85       		.byte	-123
 198 00a9 14       		.byte	20
 199 00aa 88       		.byte	-120
 200 00ab 40       		.byte	64
 201 00ac 8B       		.byte	-117
 202 00ad 20       		.byte	32
 203 00ae 8C       		.byte	-116
 204 00af 02       		.byte	2
 205 00b0 8D       		.byte	-115
 206 00b1 10       		.byte	16
 207 00b2 8E       		.byte	-114
 208 00b3 0D       		.byte	13
 209 00b4 8F       		.byte	-113
 210 00b5 AC       		.byte	-84
 211 00b6 90       		.byte	-112
 212 00b7 0D       		.byte	13
 213 00b8 92       		.byte	-110
 214 00b9 80       		.byte	-128
 215 00ba 94       		.byte	-108
 216 00bb 42       		.byte	66
 217 00bc 95       		.byte	-107
 218 00bd 0C       		.byte	12
 219 00be 96       		.byte	-106
 220 00bf 08       		.byte	8
 221 00c0 97       		.byte	-105
 222 00c1 71       		.byte	113
 223 00c2 98       		.byte	-104
 224 00c3 8D       		.byte	-115
 225 00c4 99       		.byte	-103
 226 00c5 DC       		.byte	-36
 227 00c6 9B       		.byte	-101
 228 00c7 22       		.byte	34
ARM GAS  C:\Users\annat\AppData\Local\Temp\ccS21IGa.s 			page 5


 229 00c8 9C       		.byte	-100
 230 00c9 8D       		.byte	-115
 231 00ca 9D       		.byte	-99
 232 00cb 10       		.byte	16
 233 00cc 9F       		.byte	-97
 234 00cd 40       		.byte	64
 235 00ce A0       		.byte	-96
 236 00cf 11       		.byte	17
 237 00d0 A2       		.byte	-94
 238 00d1 22       		.byte	34
 239 00d2 A4       		.byte	-92
 240 00d3 8D       		.byte	-115
 241 00d4 A8       		.byte	-88
 242 00d5 62       		.byte	98
 243 00d6 A9       		.byte	-87
 244 00d7 09       		.byte	9
 245 00d8 AA       		.byte	-86
 246 00d9 14       		.byte	20
 247 00da AB       		.byte	-85
 248 00db D0       		.byte	-48
 249 00dc B0       		.byte	-80
 250 00dd 0F       		.byte	15
 251 00de B1       		.byte	-79
 252 00df 1F       		.byte	31
 253 00e0 B3       		.byte	-77
 254 00e1 E0       		.byte	-32
 255 00e2 B4       		.byte	-76
 256 00e3 80       		.byte	-128
 257 00e4 B6       		.byte	-74
 258 00e5 70       		.byte	112
 259 00e6 BA       		.byte	-70
 260 00e7 82       		.byte	-126
 261 00e8 BB       		.byte	-69
 262 00e9 08       		.byte	8
 263 00ea BE       		.byte	-66
 264 00eb 10       		.byte	16
 265 00ec C0       		.byte	-64
 266 00ed 56       		.byte	86
 267 00ee C1       		.byte	-63
 268 00ef 03       		.byte	3
 269 00f0 C5       		.byte	-59
 270 00f1 EC       		.byte	-20
 271 00f2 C7       		.byte	-57
 272 00f3 0B       		.byte	11
 273 00f4 C8       		.byte	-56
 274 00f5 13       		.byte	19
 275 00f6 C9       		.byte	-55
 276 00f7 FF       		.byte	-1
 277 00f8 CA       		.byte	-54
 278 00f9 FF       		.byte	-1
 279 00fa CB       		.byte	-53
 280 00fb FF       		.byte	-1
 281 00fc CE       		.byte	-50
 282 00fd F0       		.byte	-16
 283 00fe CF       		.byte	-49
 284 00ff 44       		.byte	68
 285 0100 D0       		.byte	-48
ARM GAS  C:\Users\annat\AppData\Local\Temp\ccS21IGa.s 			page 6


 286 0101 0C       		.byte	12
 287 0102 D4       		.byte	-44
 288 0103 40       		.byte	64
 289 0104 D6       		.byte	-42
 290 0105 04       		.byte	4
 291 0106 D8       		.byte	-40
 292 0107 04       		.byte	4
 293 0108 D9       		.byte	-39
 294 0109 04       		.byte	4
 295 010a DA       		.byte	-38
 296 010b 04       		.byte	4
 297 010c DB       		.byte	-37
 298 010d 04       		.byte	4
 299 010e DC       		.byte	-36
 300 010f 10       		.byte	16
 301 0110 DD       		.byte	-35
 302 0111 01       		.byte	1
 303 0112 DF       		.byte	-33
 304 0113 01       		.byte	1
 305 0114 E6       		.byte	-26
 306 0115 C0       		.byte	-64
 307 0116 EA       		.byte	-22
 308 0117 40       		.byte	64
 309 0118 EB       		.byte	-21
 310 0119 02       		.byte	2
 311 011a 00       		.byte	0
 312 011b 48       		.byte	72
 313 011c 01       		.byte	1
 314 011d 22       		.byte	34
 315 011e 02       		.byte	2
 316 011f 44       		.byte	68
 317 0120 05       		.byte	5
 318 0121 40       		.byte	64
 319 0122 08       		.byte	8
 320 0123 A0       		.byte	-96
 321 0124 09       		.byte	9
 322 0125 04       		.byte	4
 323 0126 0A       		.byte	10
 324 0127 80       		.byte	-128
 325 0128 0E       		.byte	14
 326 0129 80       		.byte	-128
 327 012a 0F       		.byte	15
 328 012b 04       		.byte	4
 329 012c 10       		.byte	16
 330 012d 20       		.byte	32
 331 012e 12       		.byte	18
 332 012f 08       		.byte	8
 333 0130 13       		.byte	19
 334 0131 02       		.byte	2
 335 0132 17       		.byte	23
 336 0133 20       		.byte	32
 337 0134 18       		.byte	24
 338 0135 40       		.byte	64
 339 0136 1B       		.byte	27
 340 0137 50       		.byte	80
 341 0138 1E       		.byte	30
 342 0139 08       		.byte	8
ARM GAS  C:\Users\annat\AppData\Local\Temp\ccS21IGa.s 			page 7


 343 013a 1F       		.byte	31
 344 013b 05       		.byte	5
 345 013c 21       		.byte	33
 346 013d 0D       		.byte	13
 347 013e 22       		.byte	34
 348 013f 01       		.byte	1
 349 0140 27       		.byte	39
 350 0141 20       		.byte	32
 351 0142 2B       		.byte	43
 352 0143 08       		.byte	8
 353 0144 2D       		.byte	45
 354 0145 40       		.byte	64
 355 0146 2F       		.byte	47
 356 0147 10       		.byte	16
 357 0148 31       		.byte	49
 358 0149 18       		.byte	24
 359 014a 32       		.byte	50
 360 014b 80       		.byte	-128
 361 014c 37       		.byte	55
 362 014d 10       		.byte	16
 363 014e 38       		.byte	56
 364 014f 08       		.byte	8
 365 0150 39       		.byte	57
 366 0151 02       		.byte	2
 367 0152 3B       		.byte	59
 368 0153 90       		.byte	-112
 369 0154 3E       		.byte	62
 370 0155 01       		.byte	1
 371 0156 41       		.byte	65
 372 0157 04       		.byte	4
 373 0158 48       		.byte	72
 374 0159 08       		.byte	8
 375 015a 4A       		.byte	74
 376 015b 72       		.byte	114
 377 015c 4B       		.byte	75
 378 015d 91       		.byte	-111
 379 015e 50       		.byte	80
 380 015f 04       		.byte	4
 381 0160 5E       		.byte	94
 382 0161 68       		.byte	104
 383 0162 5F       		.byte	95
 384 0163 01       		.byte	1
 385 0164 62       		.byte	98
 386 0165 50       		.byte	80
 387 0166 63       		.byte	99
 388 0167 60       		.byte	96
 389 0168 87       		.byte	-121
 390 0169 40       		.byte	64
 391 016a 8D       		.byte	-115
 392 016b 04       		.byte	4
 393 016c 8F       		.byte	-113
 394 016d 40       		.byte	64
 395 016e 92       		.byte	-110
 396 016f 80       		.byte	-128
 397 0170 98       		.byte	-104
 398 0171 E0       		.byte	-32
 399 0172 99       		.byte	-103
ARM GAS  C:\Users\annat\AppData\Local\Temp\ccS21IGa.s 			page 8


 400 0173 07       		.byte	7
 401 0174 9A       		.byte	-102
 402 0175 14       		.byte	20
 403 0176 9B       		.byte	-101
 404 0177 02       		.byte	2
 405 0178 9E       		.byte	-98
 406 0179 01       		.byte	1
 407 017a A0       		.byte	-96
 408 017b 25       		.byte	37
 409 017c A2       		.byte	-94
 410 017d 08       		.byte	8
 411 017e A3       		.byte	-93
 412 017f 01       		.byte	1
 413 0180 A7       		.byte	-89
 414 0181 40       		.byte	64
 415 0182 B4       		.byte	-76
 416 0183 20       		.byte	32
 417 0184 B5       		.byte	-75
 418 0185 08       		.byte	8
 419 0186 B6       		.byte	-74
 420 0187 22       		.byte	34
 421 0188 C0       		.byte	-64
 422 0189 8F       		.byte	-113
 423 018a C2       		.byte	-62
 424 018b 5F       		.byte	95
 425 018c C4       		.byte	-60
 426 018d 4E       		.byte	78
 427 018e CA       		.byte	-54
 428 018f 54       		.byte	84
 429 0190 CC       		.byte	-52
 430 0191 2E       		.byte	46
 431 0192 CE       		.byte	-50
 432 0193 8F       		.byte	-113
 433 0194 D0       		.byte	-48
 434 0195 02       		.byte	2
 435 0196 D2       		.byte	-46
 436 0197 0C       		.byte	12
 437 0198 D6       		.byte	-42
 438 0199 F0       		.byte	-16
 439 019a D8       		.byte	-40
 440 019b 0F       		.byte	15
 441 019c 8D       		.byte	-115
 442 019d 09       		.byte	9
 443 019e 8F       		.byte	-113
 444 019f 16       		.byte	22
 445 01a0 95       		.byte	-107
 446 01a1 15       		.byte	21
 447 01a2 97       		.byte	-105
 448 01a3 0A       		.byte	10
 449 01a4 99       		.byte	-103
 450 01a5 02       		.byte	2
 451 01a6 9B       		.byte	-101
 452 01a7 0D       		.byte	13
 453 01a8 9D       		.byte	-99
 454 01a9 03       		.byte	3
 455 01aa 9F       		.byte	-97
 456 01ab 1C       		.byte	28
ARM GAS  C:\Users\annat\AppData\Local\Temp\ccS21IGa.s 			page 9


 457 01ac B5       		.byte	-75
 458 01ad 0F       		.byte	15
 459 01ae B7       		.byte	-73
 460 01af 10       		.byte	16
 461 01b0 BB       		.byte	-69
 462 01b1 20       		.byte	32
 463 01b2 BF       		.byte	-65
 464 01b3 40       		.byte	64
 465 01b4 D9       		.byte	-39
 466 01b5 04       		.byte	4
 467 01b6 DF       		.byte	-33
 468 01b7 01       		.byte	1
 469 01b8 00       		.byte	0
 470 01b9 50       		.byte	80
 471 01ba 01       		.byte	1
 472 01bb 08       		.byte	8
 473 01bc 02       		.byte	2
 474 01bd 40       		.byte	64
 475 01be 08       		.byte	8
 476 01bf 80       		.byte	-128
 477 01c0 09       		.byte	9
 478 01c1 08       		.byte	8
 479 01c2 0A       		.byte	10
 480 01c3 41       		.byte	65
 481 01c4 0C       		.byte	12
 482 01c5 40       		.byte	64
 483 01c6 0D       		.byte	13
 484 01c7 80       		.byte	-128
 485 01c8 10       		.byte	16
 486 01c9 28       		.byte	40
 487 01ca 12       		.byte	18
 488 01cb 82       		.byte	-126
 489 01cc 18       		.byte	24
 490 01cd 14       		.byte	20
 491 01ce 1B       		.byte	27
 492 01cf 01       		.byte	1
 493 01d0 20       		.byte	32
 494 01d1 02       		.byte	2
 495 01d2 21       		.byte	33
 496 01d3 08       		.byte	8
 497 01d4 22       		.byte	34
 498 01d5 8A       		.byte	-118
 499 01d6 23       		.byte	35
 500 01d7 02       		.byte	2
 501 01d8 25       		.byte	37
 502 01d9 80       		.byte	-128
 503 01da 26       		.byte	38
 504 01db 20       		.byte	32
 505 01dc 29       		.byte	41
 506 01dd 40       		.byte	64
 507 01de 2A       		.byte	42
 508 01df 04       		.byte	4
 509 01e0 2B       		.byte	43
 510 01e1 40       		.byte	64
 511 01e2 31       		.byte	49
 512 01e3 08       		.byte	8
 513 01e4 32       		.byte	50
ARM GAS  C:\Users\annat\AppData\Local\Temp\ccS21IGa.s 			page 10


 514 01e5 42       		.byte	66
 515 01e6 35       		.byte	53
 516 01e7 40       		.byte	64
 517 01e8 36       		.byte	54
 518 01e9 A8       		.byte	-88
 519 01ea 38       		.byte	56
 520 01eb 80       		.byte	-128
 521 01ec 39       		.byte	57
 522 01ed 15       		.byte	21
 523 01ee 3C       		.byte	60
 524 01ef 40       		.byte	64
 525 01f0 3F       		.byte	63
 526 01f1 80       		.byte	-128
 527 01f2 40       		.byte	64
 528 01f3 44       		.byte	68
 529 01f4 42       		.byte	66
 530 01f5 20       		.byte	32
 531 01f6 48       		.byte	72
 532 01f7 01       		.byte	1
 533 01f8 49       		.byte	73
 534 01f9 06       		.byte	6
 535 01fa 4A       		.byte	74
 536 01fb 08       		.byte	8
 537 01fc 52       		.byte	82
 538 01fd 54       		.byte	84
 539 01fe 62       		.byte	98
 540 01ff 20       		.byte	32
 541 0200 68       		.byte	104
 542 0201 2C       		.byte	44
 543 0202 69       		.byte	105
 544 0203 15       		.byte	21
 545 0204 6A       		.byte	106
 546 0205 C1       		.byte	-63
 547 0206 70       		.byte	112
 548 0207 40       		.byte	64
 549 0208 72       		.byte	114
 550 0209 02       		.byte	2
 551 020a 82       		.byte	-126
 552 020b 01       		.byte	1
 553 020c 8C       		.byte	-116
 554 020d 14       		.byte	20
 555 020e 8D       		.byte	-115
 556 020f 01       		.byte	1
 557 0210 C0       		.byte	-64
 558 0211 0F       		.byte	15
 559 0212 C2       		.byte	-62
 560 0213 0D       		.byte	13
 561 0214 C4       		.byte	-60
 562 0215 0F       		.byte	15
 563 0216 CA       		.byte	-54
 564 0217 0B       		.byte	11
 565 0218 CC       		.byte	-52
 566 0219 7B       		.byte	123
 567 021a CE       		.byte	-50
 568 021b 1F       		.byte	31
 569 021c D0       		.byte	-48
 570 021d 07       		.byte	7
ARM GAS  C:\Users\annat\AppData\Local\Temp\ccS21IGa.s 			page 11


 571 021e D2       		.byte	-46
 572 021f 0C       		.byte	12
 573 0220 D8       		.byte	-40
 574 0221 04       		.byte	4
 575 0222 E2       		.byte	-30
 576 0223 10       		.byte	16
 577 0224 E2       		.byte	-30
 578 0225 01       		.byte	1
 579 0226 01       		.byte	1
 580 0227 23       		.byte	35
 581 0228 03       		.byte	3
 582 0229 04       		.byte	4
 583 022a 04       		.byte	4
 584 022b 22       		.byte	34
 585 022c 05       		.byte	5
 586 022d 04       		.byte	4
 587 022e 06       		.byte	6
 588 022f 51       		.byte	81
 589 0230 07       		.byte	7
 590 0231 39       		.byte	57
 591 0232 08       		.byte	8
 592 0233 E7       		.byte	-25
 593 0234 0C       		.byte	12
 594 0235 80       		.byte	-128
 595 0236 0D       		.byte	13
 596 0237 0E       		.byte	14
 597 0238 14       		.byte	20
 598 0239 44       		.byte	68
 599 023a 15       		.byte	21
 600 023b 05       		.byte	5
 601 023c 16       		.byte	22
 602 023d 31       		.byte	49
 603 023e 17       		.byte	23
 604 023f 3A       		.byte	58
 605 0240 18       		.byte	24
 606 0241 01       		.byte	1
 607 0242 1A       		.byte	26
 608 0243 0E       		.byte	14
 609 0244 1B       		.byte	27
 610 0245 10       		.byte	16
 611 0246 24       		.byte	36
 612 0247 E7       		.byte	-25
 613 0248 30       		.byte	48
 614 0249 80       		.byte	-128
 615 024a 32       		.byte	50
 616 024b 60       		.byte	96
 617 024c 33       		.byte	51
 618 024d 30       		.byte	48
 619 024e 34       		.byte	52
 620 024f 07       		.byte	7
 621 0250 36       		.byte	54
 622 0251 18       		.byte	24
 623 0252 37       		.byte	55
 624 0253 0F       		.byte	15
 625 0254 39       		.byte	57
 626 0255 80       		.byte	-128
 627 0256 3E       		.byte	62
ARM GAS  C:\Users\annat\AppData\Local\Temp\ccS21IGa.s 			page 12


 628 0257 40       		.byte	64
 629 0258 40       		.byte	64
 630 0259 64       		.byte	100
 631 025a 41       		.byte	65
 632 025b 05       		.byte	5
 633 025c 42       		.byte	66
 634 025d 02       		.byte	2
 635 025e 44       		.byte	68
 636 025f 01       		.byte	1
 637 0260 45       		.byte	69
 638 0261 CE       		.byte	-50
 639 0262 48       		.byte	72
 640 0263 03       		.byte	3
 641 0264 49       		.byte	73
 642 0265 FF       		.byte	-1
 643 0266 4A       		.byte	74
 644 0267 FF       		.byte	-1
 645 0268 4B       		.byte	75
 646 0269 FF       		.byte	-1
 647 026a 4C       		.byte	76
 648 026b 62       		.byte	98
 649 026c 4D       		.byte	77
 650 026d A0       		.byte	-96
 651 026e 4E       		.byte	78
 652 026f F0       		.byte	-16
 653 0270 4F       		.byte	79
 654 0271 41       		.byte	65
 655 0272 50       		.byte	80
 656 0273 0C       		.byte	12
 657 0274 54       		.byte	84
 658 0275 18       		.byte	24
 659 0276 58       		.byte	88
 660 0277 04       		.byte	4
 661 0278 59       		.byte	89
 662 0279 04       		.byte	4
 663 027a 5A       		.byte	90
 664 027b 04       		.byte	4
 665 027c 5B       		.byte	91
 666 027d 04       		.byte	4
 667 027e 5C       		.byte	92
 668 027f 01       		.byte	1
 669 0280 5D       		.byte	93
 670 0281 11       		.byte	17
 671 0282 5F       		.byte	95
 672 0283 01       		.byte	1
 673 0284 66       		.byte	102
 674 0285 40       		.byte	64
 675 0286 67       		.byte	103
 676 0287 02       		.byte	2
 677 0288 69       		.byte	105
 678 0289 10       		.byte	16
 679 028a 6A       		.byte	106
 680 028b 30       		.byte	48
 681 028c 6B       		.byte	107
 682 028d 10       		.byte	16
 683 028e 6D       		.byte	109
 684 028f 10       		.byte	16
ARM GAS  C:\Users\annat\AppData\Local\Temp\ccS21IGa.s 			page 13


 685 0290 6E       		.byte	110
 686 0291 10       		.byte	16
 687 0292 6F       		.byte	111
 688 0293 12       		.byte	18
 689 0294 84       		.byte	-124
 690 0295 0C       		.byte	12
 691 0296 85       		.byte	-123
 692 0297 03       		.byte	3
 693 0298 86       		.byte	-122
 694 0299 53       		.byte	83
 695 029a 87       		.byte	-121
 696 029b 04       		.byte	4
 697 029c 89       		.byte	-119
 698 029d 03       		.byte	3
 699 029e 8A       		.byte	-118
 700 029f 0C       		.byte	12
 701 02a0 8B       		.byte	-117
 702 02a1 04       		.byte	4
 703 02a2 8C       		.byte	-116
 704 02a3 51       		.byte	81
 705 02a4 8D       		.byte	-115
 706 02a5 03       		.byte	3
 707 02a6 8E       		.byte	-114
 708 02a7 06       		.byte	6
 709 02a8 8F       		.byte	-113
 710 02a9 0C       		.byte	12
 711 02aa 94       		.byte	-108
 712 02ab 51       		.byte	81
 713 02ac 96       		.byte	-106
 714 02ad 0E       		.byte	14
 715 02ae 97       		.byte	-105
 716 02af 05       		.byte	5
 717 02b0 99       		.byte	-103
 718 02b1 0A       		.byte	10
 719 02b2 9B       		.byte	-101
 720 02b3 04       		.byte	4
 721 02b4 A2       		.byte	-94
 722 02b5 08       		.byte	8
 723 02b6 A6       		.byte	-90
 724 02b7 40       		.byte	64
 725 02b8 A8       		.byte	-88
 726 02b9 20       		.byte	32
 727 02ba AA       		.byte	-86
 728 02bb 43       		.byte	67
 729 02bc AB       		.byte	-85
 730 02bd 08       		.byte	8
 731 02be B0       		.byte	-80
 732 02bf 40       		.byte	64
 733 02c0 B1       		.byte	-79
 734 02c1 0F       		.byte	15
 735 02c2 B2       		.byte	-78
 736 02c3 30       		.byte	48
 737 02c4 B4       		.byte	-76
 738 02c5 0F       		.byte	15
 739 02c6 B8       		.byte	-72
 740 02c7 08       		.byte	8
 741 02c8 BA       		.byte	-70
ARM GAS  C:\Users\annat\AppData\Local\Temp\ccS21IGa.s 			page 14


 742 02c9 20       		.byte	32
 743 02ca BB       		.byte	-69
 744 02cb 02       		.byte	2
 745 02cc BE       		.byte	-66
 746 02cd 01       		.byte	1
 747 02ce D4       		.byte	-44
 748 02cf 09       		.byte	9
 749 02d0 D6       		.byte	-42
 750 02d1 04       		.byte	4
 751 02d2 D8       		.byte	-40
 752 02d3 04       		.byte	4
 753 02d4 D9       		.byte	-39
 754 02d5 04       		.byte	4
 755 02d6 DB       		.byte	-37
 756 02d7 04       		.byte	4
 757 02d8 DC       		.byte	-36
 758 02d9 11       		.byte	17
 759 02da DF       		.byte	-33
 760 02db 01       		.byte	1
 761 02dc 00       		.byte	0
 762 02dd 44       		.byte	68
 763 02de 03       		.byte	3
 764 02df 08       		.byte	8
 765 02e0 04       		.byte	4
 766 02e1 20       		.byte	32
 767 02e2 05       		.byte	5
 768 02e3 08       		.byte	8
 769 02e4 07       		.byte	7
 770 02e5 01       		.byte	1
 771 02e6 09       		.byte	9
 772 02e7 08       		.byte	8
 773 02e8 0C       		.byte	12
 774 02e9 04       		.byte	4
 775 02ea 0E       		.byte	14
 776 02eb 24       		.byte	36
 777 02ec 10       		.byte	16
 778 02ed 08       		.byte	8
 779 02ee 12       		.byte	18
 780 02ef B0       		.byte	-80
 781 02f0 17       		.byte	23
 782 02f1 04       		.byte	4
 783 02f2 18       		.byte	24
 784 02f3 04       		.byte	4
 785 02f4 19       		.byte	25
 786 02f5 10       		.byte	16
 787 02f6 1A       		.byte	26
 788 02f7 40       		.byte	64
 789 02f8 1B       		.byte	27
 790 02f9 08       		.byte	8
 791 02fa 1D       		.byte	29
 792 02fb 82       		.byte	-126
 793 02fc 1E       		.byte	30
 794 02fd 24       		.byte	36
 795 02fe 20       		.byte	32
 796 02ff 40       		.byte	64
 797 0300 22       		.byte	34
 798 0301 02       		.byte	2
ARM GAS  C:\Users\annat\AppData\Local\Temp\ccS21IGa.s 			page 15


 799 0302 25       		.byte	37
 800 0303 40       		.byte	64
 801 0304 27       		.byte	39
 802 0305 20       		.byte	32
 803 0306 2B       		.byte	43
 804 0307 08       		.byte	8
 805 0308 30       		.byte	48
 806 0309 08       		.byte	8
 807 030a 31       		.byte	49
 808 030b 10       		.byte	16
 809 030c 36       		.byte	54
 810 030d 08       		.byte	8
 811 030e 37       		.byte	55
 812 030f 20       		.byte	32
 813 0310 38       		.byte	56
 814 0311 40       		.byte	64
 815 0312 39       		.byte	57
 816 0313 08       		.byte	8
 817 0314 3A       		.byte	58
 818 0315 10       		.byte	16
 819 0316 3C       		.byte	60
 820 0317 02       		.byte	2
 821 0318 3D       		.byte	61
 822 0319 88       		.byte	-120
 823 031a 45       		.byte	69
 824 031b 92       		.byte	-110
 825 031c 46       		.byte	70
 826 031d 40       		.byte	64
 827 031e 4C       		.byte	76
 828 031f 81       		.byte	-127
 829 0320 4D       		.byte	77
 830 0321 40       		.byte	64
 831 0322 4F       		.byte	79
 832 0323 14       		.byte	20
 833 0324 58       		.byte	88
 834 0325 40       		.byte	64
 835 0326 59       		.byte	89
 836 0327 25       		.byte	37
 837 0328 5F       		.byte	95
 838 0329 02       		.byte	2
 839 032a 62       		.byte	98
 840 032b 01       		.byte	1
 841 032c 63       		.byte	99
 842 032d 02       		.byte	2
 843 032e 66       		.byte	102
 844 032f 80       		.byte	-128
 845 0330 67       		.byte	103
 846 0331 08       		.byte	8
 847 0332 83       		.byte	-125
 848 0333 20       		.byte	32
 849 0334 91       		.byte	-111
 850 0335 08       		.byte	8
 851 0336 92       		.byte	-110
 852 0337 02       		.byte	2
 853 0338 93       		.byte	-109
 854 0339 0A       		.byte	10
 855 033a 95       		.byte	-107
ARM GAS  C:\Users\annat\AppData\Local\Temp\ccS21IGa.s 			page 16


 856 033b 40       		.byte	64
 857 033c 96       		.byte	-106
 858 033d 41       		.byte	65
 859 033e 97       		.byte	-105
 860 033f 24       		.byte	36
 861 0340 98       		.byte	-104
 862 0341 40       		.byte	64
 863 0342 99       		.byte	-103
 864 0343 25       		.byte	37
 865 0344 9D       		.byte	-99
 866 0345 50       		.byte	80
 867 0346 9E       		.byte	-98
 868 0347 01       		.byte	1
 869 0348 9F       		.byte	-97
 870 0349 10       		.byte	16
 871 034a A0       		.byte	-96
 872 034b 01       		.byte	1
 873 034c A1       		.byte	-95
 874 034d 0C       		.byte	12
 875 034e A2       		.byte	-94
 876 034f 28       		.byte	40
 877 0350 A3       		.byte	-93
 878 0351 01       		.byte	1
 879 0352 A4       		.byte	-92
 880 0353 08       		.byte	8
 881 0354 A6       		.byte	-90
 882 0355 82       		.byte	-126
 883 0356 A7       		.byte	-89
 884 0357 08       		.byte	8
 885 0358 C0       		.byte	-64
 886 0359 E7       		.byte	-25
 887 035a C2       		.byte	-62
 888 035b 64       		.byte	100
 889 035c C4       		.byte	-60
 890 035d 2E       		.byte	46
 891 035e CA       		.byte	-54
 892 035f 04       		.byte	4
 893 0360 CC       		.byte	-52
 894 0361 66       		.byte	102
 895 0362 CE       		.byte	-50
 896 0363 DE       		.byte	-34
 897 0364 D0       		.byte	-48
 898 0365 B0       		.byte	-80
 899 0366 D2       		.byte	-46
 900 0367 30       		.byte	48
 901 0368 D6       		.byte	-42
 902 0369 8F       		.byte	-113
 903 036a D8       		.byte	-40
 904 036b 39       		.byte	57
 905 036c 05       		.byte	5
 906 036d 03       		.byte	3
 907 036e 0D       		.byte	13
 908 036f 03       		.byte	3
 909 0370 17       		.byte	23
 910 0371 01       		.byte	1
 911 0372 19       		.byte	25
 912 0373 02       		.byte	2
ARM GAS  C:\Users\annat\AppData\Local\Temp\ccS21IGa.s 			page 17


 913 0374 1C       		.byte	28
 914 0375 02       		.byte	2
 915 0376 22       		.byte	34
 916 0377 01       		.byte	1
 917 0378 2A       		.byte	42
 918 0379 01       		.byte	1
 919 037a 30       		.byte	48
 920 037b 01       		.byte	1
 921 037c 32       		.byte	50
 922 037d 02       		.byte	2
 923 037e 35       		.byte	53
 924 037f 03       		.byte	3
 925 0380 39       		.byte	57
 926 0381 20       		.byte	32
 927 0382 3E       		.byte	62
 928 0383 05       		.byte	5
 929 0384 3F       		.byte	63
 930 0385 10       		.byte	16
 931 0386 40       		.byte	64
 932 0387 02       		.byte	2
 933 0388 46       		.byte	70
 934 0389 04       		.byte	4
 935 038a 49       		.byte	73
 936 038b FF       		.byte	-1
 937 038c 4A       		.byte	74
 938 038d 07       		.byte	7
 939 038e 4B       		.byte	75
 940 038f FF       		.byte	-1
 941 0390 4C       		.byte	76
 942 0391 40       		.byte	64
 943 0392 4D       		.byte	77
 944 0393 20       		.byte	32
 945 0394 4E       		.byte	78
 946 0395 F0       		.byte	-16
 947 0396 4F       		.byte	79
 948 0397 05       		.byte	5
 949 0398 50       		.byte	80
 950 0399 08       		.byte	8
 951 039a 58       		.byte	88
 952 039b 04       		.byte	4
 953 039c 59       		.byte	89
 954 039d 04       		.byte	4
 955 039e 5A       		.byte	90
 956 039f 04       		.byte	4
 957 03a0 5D       		.byte	93
 958 03a1 01       		.byte	1
 959 03a2 5F       		.byte	95
 960 03a3 01       		.byte	1
 961 03a4 60       		.byte	96
 962 03a5 40       		.byte	64
 963 03a6 61       		.byte	97
 964 03a7 A8       		.byte	-88
 965 03a8 62       		.byte	98
 966 03a9 40       		.byte	64
 967 03aa 63       		.byte	99
 968 03ab 20       		.byte	32
 969 03ac 80       		.byte	-128
ARM GAS  C:\Users\annat\AppData\Local\Temp\ccS21IGa.s 			page 18


 970 03ad 3F       		.byte	63
 971 03ae 81       		.byte	-127
 972 03af 1C       		.byte	28
 973 03b0 83       		.byte	-125
 974 03b1 E1       		.byte	-31
 975 03b2 84       		.byte	-124
 976 03b3 0C       		.byte	12
 977 03b4 85       		.byte	-123
 978 03b5 08       		.byte	8
 979 03b6 88       		.byte	-120
 980 03b7 04       		.byte	4
 981 03b8 89       		.byte	-119
 982 03b9 E7       		.byte	-25
 983 03ba 8B       		.byte	-117
 984 03bb 18       		.byte	24
 985 03bc 8C       		.byte	-116
 986 03bd 01       		.byte	1
 987 03be 8D       		.byte	-115
 988 03bf 10       		.byte	16
 989 03c0 91       		.byte	-111
 990 03c1 FF       		.byte	-1
 991 03c2 94       		.byte	-108
 992 03c3 33       		.byte	51
 993 03c4 95       		.byte	-107
 994 03c5 C0       		.byte	-64
 995 03c6 96       		.byte	-106
 996 03c7 0C       		.byte	12
 997 03c8 98       		.byte	-104
 998 03c9 03       		.byte	3
 999 03ca 99       		.byte	-103
 1000 03cb 18       		.byte	24
 1001 03cc 9C       		.byte	-100
 1002 03cd 1F       		.byte	31
 1003 03ce 9E       		.byte	-98
 1004 03cf 20       		.byte	32
 1005 03d0 9F       		.byte	-97
 1006 03d1 E3       		.byte	-29
 1007 03d2 A1       		.byte	-95
 1008 03d3 3C       		.byte	60
 1009 03d4 A2       		.byte	-94
 1010 03d5 23       		.byte	35
 1011 03d6 A3       		.byte	-93
 1012 03d7 C2       		.byte	-62
 1013 03d8 A4       		.byte	-92
 1014 03d9 02       		.byte	2
 1015 03da A5       		.byte	-91
 1016 03db 44       		.byte	68
 1017 03dc A8       		.byte	-88
 1018 03dd 1C       		.byte	28
 1019 03de A9       		.byte	-87
 1020 03df 80       		.byte	-128
 1021 03e0 AA       		.byte	-86
 1022 03e1 23       		.byte	35
 1023 03e2 AC       		.byte	-84
 1024 03e3 08       		.byte	8
 1025 03e4 AF       		.byte	-81
 1026 03e5 04       		.byte	4
ARM GAS  C:\Users\annat\AppData\Local\Temp\ccS21IGa.s 			page 19


 1027 03e6 B2       		.byte	-78
 1028 03e7 10       		.byte	16
 1029 03e8 B3       		.byte	-77
 1030 03e9 1F       		.byte	31
 1031 03ea B4       		.byte	-76
 1032 03eb 0F       		.byte	15
 1033 03ec B5       		.byte	-75
 1034 03ed 38       		.byte	56
 1035 03ee B6       		.byte	-74
 1036 03ef 2C       		.byte	44
 1037 03f0 B7       		.byte	-73
 1038 03f1 C0       		.byte	-64
 1039 03f2 BA       		.byte	-70
 1040 03f3 A2       		.byte	-94
 1041 03f4 BB       		.byte	-69
 1042 03f5 08       		.byte	8
 1043 03f6 BE       		.byte	-66
 1044 03f7 04       		.byte	4
 1045 03f8 D6       		.byte	-42
 1046 03f9 02       		.byte	2
 1047 03fa D7       		.byte	-41
 1048 03fb 11       		.byte	17
 1049 03fc D8       		.byte	-40
 1050 03fd 04       		.byte	4
 1051 03fe D9       		.byte	-39
 1052 03ff 04       		.byte	4
 1053 0400 DB       		.byte	-37
 1054 0401 04       		.byte	4
 1055 0402 DC       		.byte	-36
 1056 0403 11       		.byte	17
 1057 0404 DD       		.byte	-35
 1058 0405 10       		.byte	16
 1059 0406 DF       		.byte	-33
 1060 0407 01       		.byte	1
 1061 0408 04       		.byte	4
 1062 0409 02       		.byte	2
 1063 040a 05       		.byte	5
 1064 040b 41       		.byte	65
 1065 040c 07       		.byte	7
 1066 040d 28       		.byte	40
 1067 040e 0A       		.byte	10
 1068 040f 02       		.byte	2
 1069 0410 0B       		.byte	11
 1070 0411 30       		.byte	48
 1071 0412 0E       		.byte	14
 1072 0413 0D       		.byte	13
 1073 0414 0F       		.byte	15
 1074 0415 10       		.byte	16
 1075 0416 10       		.byte	16
 1076 0417 80       		.byte	-128
 1077 0418 11       		.byte	17
 1078 0419 20       		.byte	32
 1079 041a 14       		.byte	20
 1080 041b 40       		.byte	64
 1081 041c 16       		.byte	22
 1082 041d 61       		.byte	97
 1083 041e 17       		.byte	23
ARM GAS  C:\Users\annat\AppData\Local\Temp\ccS21IGa.s 			page 20


 1084 041f 10       		.byte	16
 1085 0420 19       		.byte	25
 1086 0421 04       		.byte	4
 1087 0422 1A       		.byte	26
 1088 0423 40       		.byte	64
 1089 0424 1D       		.byte	29
 1090 0425 01       		.byte	1
 1091 0426 1E       		.byte	30
 1092 0427 21       		.byte	33
 1093 0428 1F       		.byte	31
 1094 0429 10       		.byte	16
 1095 042a 20       		.byte	32
 1096 042b 04       		.byte	4
 1097 042c 25       		.byte	37
 1098 042d 10       		.byte	16
 1099 042e 26       		.byte	38
 1100 042f 08       		.byte	8
 1101 0430 27       		.byte	39
 1102 0431 12       		.byte	18
 1103 0432 2C       		.byte	44
 1104 0433 04       		.byte	4
 1105 0434 2D       		.byte	45
 1106 0435 09       		.byte	9
 1107 0436 2E       		.byte	46
 1108 0437 20       		.byte	32
 1109 0438 2F       		.byte	47
 1110 0439 01       		.byte	1
 1111 043a 30       		.byte	48
 1112 043b 08       		.byte	8
 1113 043c 31       		.byte	49
 1114 043d 10       		.byte	16
 1115 043e 34       		.byte	52
 1116 043f 40       		.byte	64
 1117 0440 35       		.byte	53
 1118 0441 01       		.byte	1
 1119 0442 36       		.byte	54
 1120 0443 04       		.byte	4
 1121 0444 37       		.byte	55
 1122 0445 20       		.byte	32
 1123 0446 38       		.byte	56
 1124 0447 40       		.byte	64
 1125 0448 39       		.byte	57
 1126 0449 08       		.byte	8
 1127 044a 3C       		.byte	60
 1128 044b 80       		.byte	-128
 1129 044c 3E       		.byte	62
 1130 044d 09       		.byte	9
 1131 044e 3F       		.byte	63
 1132 044f 10       		.byte	16
 1133 0450 40       		.byte	64
 1134 0451 04       		.byte	4
 1135 0452 42       		.byte	66
 1136 0453 C0       		.byte	-64
 1137 0454 50       		.byte	80
 1138 0455 08       		.byte	8
 1139 0456 52       		.byte	82
 1140 0457 80       		.byte	-128
ARM GAS  C:\Users\annat\AppData\Local\Temp\ccS21IGa.s 			page 21


 1141 0458 5E       		.byte	94
 1142 0459 20       		.byte	32
 1143 045a 6C       		.byte	108
 1144 045b 10       		.byte	16
 1145 045c 6F       		.byte	111
 1146 045d 05       		.byte	5
 1147 045e 74       		.byte	116
 1148 045f 40       		.byte	64
 1149 0460 76       		.byte	118
 1150 0461 09       		.byte	9
 1151 0462 77       		.byte	119
 1152 0463 28       		.byte	40
 1153 0464 81       		.byte	-127
 1154 0465 04       		.byte	4
 1155 0466 85       		.byte	-123
 1156 0467 01       		.byte	1
 1157 0468 86       		.byte	-122
 1158 0469 08       		.byte	8
 1159 046a 89       		.byte	-119
 1160 046b 48       		.byte	72
 1161 046c 90       		.byte	-112
 1162 046d 40       		.byte	64
 1163 046e 91       		.byte	-111
 1164 046f 08       		.byte	8
 1165 0470 92       		.byte	-110
 1166 0471 06       		.byte	6
 1167 0472 93       		.byte	-109
 1168 0473 02       		.byte	2
 1169 0474 94       		.byte	-108
 1170 0475 22       		.byte	34
 1171 0476 96       		.byte	-106
 1172 0477 01       		.byte	1
 1173 0478 97       		.byte	-105
 1174 0479 30       		.byte	48
 1175 047a 98       		.byte	-104
 1176 047b 04       		.byte	4
 1177 047c 99       		.byte	-103
 1178 047d 10       		.byte	16
 1179 047e 9A       		.byte	-102
 1180 047f 40       		.byte	64
 1181 0480 9D       		.byte	-99
 1182 0481 48       		.byte	72
 1183 0482 9E       		.byte	-98
 1184 0483 80       		.byte	-128
 1185 0484 9F       		.byte	-97
 1186 0485 17       		.byte	23
 1187 0486 A0       		.byte	-96
 1188 0487 80       		.byte	-128
 1189 0488 A4       		.byte	-92
 1190 0489 08       		.byte	8
 1191 048a A5       		.byte	-91
 1192 048b 10       		.byte	16
 1193 048c A6       		.byte	-90
 1194 048d 80       		.byte	-128
 1195 048e C0       		.byte	-64
 1196 048f F0       		.byte	-16
 1197 0490 C2       		.byte	-62
ARM GAS  C:\Users\annat\AppData\Local\Temp\ccS21IGa.s 			page 22


 1198 0491 E1       		.byte	-31
 1199 0492 C4       		.byte	-60
 1200 0493 FA       		.byte	-6
 1201 0494 CA       		.byte	-54
 1202 0495 F0       		.byte	-16
 1203 0496 CC       		.byte	-52
 1204 0497 F6       		.byte	-10
 1205 0498 CE       		.byte	-50
 1206 0499 FA       		.byte	-6
 1207 049a D0       		.byte	-48
 1208 049b 04       		.byte	4
 1209 049c D6       		.byte	-42
 1210 049d 20       		.byte	32
 1211 049e E4       		.byte	-28
 1212 049f 01       		.byte	1
 1213 04a0 32       		.byte	50
 1214 04a1 20       		.byte	32
 1215 04a2 35       		.byte	53
 1216 04a3 80       		.byte	-128
 1217 04a4 CC       		.byte	-52
 1218 04a5 30       		.byte	48
 1219 04a6 5E       		.byte	94
 1220 04a7 02       		.byte	2
 1221 04a8 62       		.byte	98
 1222 04a9 04       		.byte	4
 1223 04aa 9D       		.byte	-99
 1224 04ab 80       		.byte	-128
 1225 04ac A6       		.byte	-90
 1226 04ad 20       		.byte	32
 1227 04ae D6       		.byte	-42
 1228 04af 80       		.byte	-128
 1229 04b0 D8       		.byte	-40
 1230 04b1 40       		.byte	64
 1231 04b2 81       		.byte	-127
 1232 04b3 80       		.byte	-128
 1233 04b4 8E       		.byte	-114
 1234 04b5 01       		.byte	1
 1235 04b6 9D       		.byte	-99
 1236 04b7 80       		.byte	-128
 1237 04b8 9E       		.byte	-98
 1238 04b9 04       		.byte	4
 1239 04ba A6       		.byte	-90
 1240 04bb 21       		.byte	33
 1241 04bc E2       		.byte	-30
 1242 04bd 20       		.byte	32
 1243 04be 86       		.byte	-122
 1244 04bf 20       		.byte	32
 1245 04c0 9E       		.byte	-98
 1246 04c1 04       		.byte	4
 1247 04c2 A6       		.byte	-90
 1248 04c3 20       		.byte	32
 1249 04c4 E6       		.byte	-26
 1250 04c5 40       		.byte	64
 1251 04c6 03       		.byte	3
 1252 04c7 10       		.byte	16
 1253 04c8 C0       		.byte	-64
 1254 04c9 08       		.byte	8
ARM GAS  C:\Users\annat\AppData\Local\Temp\ccS21IGa.s 			page 23


 1255 04ca 9B       		.byte	-101
 1256 04cb 10       		.byte	16
 1257 04cc B7       		.byte	-73
 1258 04cd 10       		.byte	16
 1259 04ce EE       		.byte	-18
 1260 04cf 02       		.byte	2
 1261 04d0 82       		.byte	-126
 1262 04d1 04       		.byte	4
 1263 04d2 9E       		.byte	-98
 1264 04d3 04       		.byte	4
 1265 04d4 E2       		.byte	-30
 1266 04d5 80       		.byte	-128
 1267 04d6 10       		.byte	16
 1268 04d7 40       		.byte	64
 1269 04d8 70       		.byte	112
 1270 04d9 04       		.byte	4
 1271 04da 80       		.byte	-128
 1272 04db 04       		.byte	4
 1273 04dc 88       		.byte	-120
 1274 04dd 40       		.byte	64
 1275 04de C4       		.byte	-60
 1276 04df 08       		.byte	8
 1277 04e0 DC       		.byte	-36
 1278 04e1 01       		.byte	1
 1279 04e2 E2       		.byte	-30
 1280 04e3 01       		.byte	1
 1281 04e4 00       		.byte	0
 1282 04e5 03       		.byte	3
 1283 04e6 0C       		.byte	12
 1284 04e7 03       		.byte	3
 1285 04e8 10       		.byte	16
 1286 04e9 03       		.byte	3
 1287 04ea 1C       		.byte	28
 1288 04eb 03       		.byte	3
 1289 04ec 00       		.byte	0
 1290 04ed 0F       		.byte	15
 1291 04ee 00       		.byte	0
 1292 04ef 00       		.byte	0
 1293 04f0 60       		.byte	96
 1294 04f1 9A       		.byte	-102
 1295 04f2 00       		.byte	0
 1296 04f3 00       		.byte	0
 1297 04f4 84       		.byte	-124
 1298 04f5 98       		.byte	-104
 1299 04f6 00       		.byte	0
 1300 04f7 02       		.byte	2
 1301 04f8 01       		.byte	1
 1302 04f9 02       		.byte	2
 1303 04fa 00       		.byte	0
 1304 04fb 98       		.byte	-104
 1305 04fc 56       		.byte	86
 1306 04fd 9A       		.byte	-102
 1307 04fe 09       		.byte	9
 1308 04ff 00       		.byte	0
 1309 0500 04       		.byte	4
 1310 0501 38       		.byte	56
 1311 0502 80       		.byte	-128
ARM GAS  C:\Users\annat\AppData\Local\Temp\ccS21IGa.s 			page 24


 1312 0503 C0       		.byte	-64
 1313 0504 0A       		.byte	10
 1314 0505 21       		.byte	33
 1315 0506 10       		.byte	16
 1316 0507 D8       		.byte	-40
 1317 0508 00       		.byte	0
 1318 0509 00       		.byte	0
 1319 050a 00       		.byte	0
 1320 050b 00       		.byte	0
 1321 050c 84       		.byte	-124
 1322 050d 98       		.byte	-104
 1323 050e 00       		.byte	0
 1324 050f 02       		.byte	2
 1325 0510 07       		.byte	7
 1326 0511 FC       		.byte	-4
 1327 0512 38       		.byte	56
 1328 0513 03       		.byte	3
 1329 0514 84       		.byte	-124
 1330 0515 02       		.byte	2
 1331 0516 00       		.byte	0
 1332 0517 00       		.byte	0
 1333 0518 80       		.byte	-128
 1334 0519 00       		.byte	0
 1335 051a 04       		.byte	4
 1336 051b 00       		.byte	0
 1337 051c 04       		.byte	4
 1338 051d 13       		.byte	19
 1339 051e 00       		.byte	0
 1340 051f 64       		.byte	100
 1341 0520 02       		.byte	2
 1342 0521 E0       		.byte	-32
 1343 0522 7F       		.byte	127
 1344 0523 0F       		.byte	15
 1345 0524 80       		.byte	-128
 1346 0525 00       		.byte	0
 1347 0526 00       		.byte	0
 1348 0527 13       		.byte	19
 1349 0528 08       		.byte	8
 1350 0529 00       		.byte	0
 1351 052a 00       		.byte	0
 1352 052b 0A       		.byte	10
 1353 052c 00       		.byte	0
 1354 052d 00       		.byte	0
 1355 052e 11       		.byte	17
 1356 052f 00       		.byte	0
 1357 0530 64       		.byte	100
 1358 0531 05       		.byte	5
 1359 0532 20       		.byte	32
 1360 0533 00       		.byte	0
 1361 0534 03       		.byte	3
 1362 0535 DE       		.byte	-34
 1363 0536 FB       		.byte	-5
 1364 0537 0C       		.byte	12
 1365 0538 1F       		.byte	31
 1366 0539 FF       		.byte	-1
 1367 053a FF       		.byte	-1
 1368 053b FF       		.byte	-1
ARM GAS  C:\Users\annat\AppData\Local\Temp\ccS21IGa.s 			page 25


 1369 053c 22       		.byte	34
 1370 053d 00       		.byte	0
 1371 053e F0       		.byte	-16
 1372 053f 08       		.byte	8
 1373 0540 04       		.byte	4
 1374 0541 00       		.byte	0
 1375 0542 00       		.byte	0
 1376 0543 00       		.byte	0
 1377 0544 00       		.byte	0
 1378 0545 00       		.byte	0
 1379 0546 02       		.byte	2
 1380 0547 24       		.byte	36
 1381 0548 04       		.byte	4
 1382 0549 04       		.byte	4
 1383 054a 04       		.byte	4
 1384 054b 04       		.byte	4
 1385 054c 00       		.byte	0
 1386 054d 00       		.byte	0
 1387 054e 00       		.byte	0
 1388 054f 01       		.byte	1
 1389 0550 00       		.byte	0
 1390 0551 00       		.byte	0
 1391 0552 C0       		.byte	-64
 1392 0553 00       		.byte	0
 1393 0554 40       		.byte	64
 1394 0555 01       		.byte	1
 1395 0556 10       		.byte	16
 1396 0557 11       		.byte	17
 1397 0558 C0       		.byte	-64
 1398 0559 01       		.byte	1
 1399 055a 00       		.byte	0
 1400 055b 11       		.byte	17
 1401 055c 40       		.byte	64
 1402 055d 01       		.byte	1
 1403 055e 40       		.byte	64
 1404 055f 01       		.byte	1
 1405 0560 00       		.byte	0
 1406 0561 00       		.byte	0
 1407 0562 00       		.byte	0
 1408 0563 00       		.byte	0
 1409 0564 00       		.byte	0
 1410 0565 00       		.byte	0
 1411 0566 00       		.byte	0
 1412 0567 00       		.byte	0
 1413 0568 00       		.byte	0
 1414 0569 00       		.byte	0
 1415 056a 00       		.byte	0
 1416 056b 00       		.byte	0
 1417 056c 00       		.byte	0
 1418 056d 00       		.byte	0
 1419 056e 00       		.byte	0
 1420 056f 00       		.byte	0
 1421 0570 00       		.byte	0
 1422 0571 60       		.byte	96
 1423 0572 60       		.byte	96
 1424 0573 00       		.byte	0
 1425 0574 60       		.byte	96
ARM GAS  C:\Users\annat\AppData\Local\Temp\ccS21IGa.s 			page 26


 1426 0575 00       		.byte	0
 1427 0576 00       		.byte	0
 1428 0577 00       		.byte	0
 1429 0578 80       		.byte	-128
 1430 0579 00       		.byte	0
 1431 057a 40       		.byte	64
 1432 057b 80       		.byte	-128
 1433 057c 80       		.byte	-128
 1434 057d 00       		.byte	0
 1435 057e 80       		.byte	-128
 1436 057f 00       		.byte	0
 1437 0580 00       		.byte	0
 1438 0581 00       		.byte	0
 1439 0582 00       		.byte	0
 1440 0583 00       		.byte	0
 1441 0584 00       		.byte	0
 1442 0585 0B       		.byte	11
 1443 0586 0B       		.byte	11
 1444 0587 00       		.byte	0
 1445 0588 00       		.byte	0
 1446 0589 00       		.byte	0
 1447 058a 00       		.byte	0
 1448 058b 00       		.byte	0
 1449 058c 10       		.byte	16
 1450 058d 00       		.byte	0
 1451 058e 01       		.byte	1
 1452 058f 10       		.byte	16
 1453 0590 10       		.byte	16
 1454 0591 00       		.byte	0
 1455 0592 00       		.byte	0
 1456 0593 00       		.byte	0
 1457 0594 00       		.byte	0
 1458 0595 00       		.byte	0
 1459 0596 00       		.byte	0
 1460 0597 00       		.byte	0
 1461              		.section	.cywolatch,"a",%progbits
 1462              		.align	2
 1463              		.type	cy_meta_wonvl, %object
 1464              		.size	cy_meta_wonvl, 4
 1465              	cy_meta_wonvl:
 1466 0000 BC       		.byte	-68
 1467 0001 90       		.byte	-112
 1468 0002 AC       		.byte	-84
 1469 0003 AF       		.byte	-81
 1470              		.section	.cycustnvl,"a",%progbits
 1471              		.align	2
 1472              		.type	cy_meta_custnvl, %object
 1473              		.size	cy_meta_custnvl, 4
 1474              	cy_meta_custnvl:
 1475 0000 00       		.byte	0
 1476 0001 00       		.byte	0
 1477 0002 40       		.byte	64
 1478 0003 05       		.byte	5
 1479              		.section	.cymeta,"a",%progbits
 1480              		.align	2
 1481              		.type	cy_metadata, %object
 1482              		.size	cy_metadata, 12
ARM GAS  C:\Users\annat\AppData\Local\Temp\ccS21IGa.s 			page 27


 1483              	cy_metadata:
 1484 0000 00       		.byte	0
 1485 0001 01       		.byte	1
 1486 0002 2E       		.byte	46
 1487 0003 16       		.byte	22
 1488 0004 10       		.byte	16
 1489 0005 69       		.byte	105
 1490 0006 00       		.byte	0
 1491 0007 01       		.byte	1
 1492 0008 00       		.byte	0
 1493 0009 00       		.byte	0
 1494 000a 00       		.byte	0
 1495 000b 00       		.byte	0
 1496              		.section	.cyflashprotect,"a",%progbits
 1497              		.align	2
 1498              		.type	cy_meta_flashprotect, %object
 1499              		.size	cy_meta_flashprotect, 256
 1500              	cy_meta_flashprotect:
 1501 0000 00000000 		.space	256
 1501      00000000 
 1501      00000000 
 1501      00000000 
 1501      00000000 
 1502              		.text
 1503              	.Letext0:
 1504              		.file 1 "c:\\program files (x86)\\cypress\\psoc creator\\4.3\\psoc creator\\import\\gnu\\arm\\5.4.
 1505              		.file 2 "c:\\program files (x86)\\cypress\\psoc creator\\4.3\\psoc creator\\import\\gnu\\arm\\5.4.
 1506              		.file 3 "Generated_Source\\PSoC5\\cymetadata.c"
 1507              		.section	.debug_info,"",%progbits
 1508              	.Ldebug_info0:
 1509 0000 32010000 		.4byte	0x132
 1510 0004 0400     		.2byte	0x4
 1511 0006 00000000 		.4byte	.Ldebug_abbrev0
 1512 000a 04       		.byte	0x4
 1513 000b 01       		.uleb128 0x1
 1514 000c 8B000000 		.4byte	.LASF17
 1515 0010 0C       		.byte	0xc
 1516 0011 E5010000 		.4byte	.LASF18
 1517 0015 0A000000 		.4byte	.LASF19
 1518 0019 00000000 		.4byte	.Ldebug_line0
 1519 001d 02       		.uleb128 0x2
 1520 001e 01       		.byte	0x1
 1521 001f 06       		.byte	0x6
 1522 0020 D9010000 		.4byte	.LASF0
 1523 0024 03       		.uleb128 0x3
 1524 0025 00000000 		.4byte	.LASF9
 1525 0029 01       		.byte	0x1
 1526 002a 1D       		.byte	0x1d
 1527 002b 2F000000 		.4byte	0x2f
 1528 002f 02       		.uleb128 0x2
 1529 0030 01       		.byte	0x1
 1530 0031 08       		.byte	0x8
 1531 0032 7D000000 		.4byte	.LASF1
 1532 0036 02       		.uleb128 0x2
 1533 0037 02       		.byte	0x2
 1534 0038 05       		.byte	0x5
 1535 0039 C6010000 		.4byte	.LASF2
ARM GAS  C:\Users\annat\AppData\Local\Temp\ccS21IGa.s 			page 28


 1536 003d 02       		.uleb128 0x2
 1537 003e 02       		.byte	0x2
 1538 003f 07       		.byte	0x7
 1539 0040 2B010000 		.4byte	.LASF3
 1540 0044 02       		.uleb128 0x2
 1541 0045 04       		.byte	0x4
 1542 0046 05       		.byte	0x5
 1543 0047 D0010000 		.4byte	.LASF4
 1544 004b 02       		.uleb128 0x2
 1545 004c 04       		.byte	0x4
 1546 004d 07       		.byte	0x7
 1547 004e 19010000 		.4byte	.LASF5
 1548 0052 02       		.uleb128 0x2
 1549 0053 08       		.byte	0x8
 1550 0054 05       		.byte	0x5
 1551 0055 B8010000 		.4byte	.LASF6
 1552 0059 02       		.uleb128 0x2
 1553 005a 08       		.byte	0x8
 1554 005b 07       		.byte	0x7
 1555 005c 6D010000 		.4byte	.LASF7
 1556 0060 04       		.uleb128 0x4
 1557 0061 04       		.byte	0x4
 1558 0062 05       		.byte	0x5
 1559 0063 696E7400 		.ascii	"int\000"
 1560 0067 02       		.uleb128 0x2
 1561 0068 04       		.byte	0x4
 1562 0069 07       		.byte	0x7
 1563 006a 60010000 		.4byte	.LASF8
 1564 006e 03       		.uleb128 0x3
 1565 006f 84010000 		.4byte	.LASF10
 1566 0073 02       		.byte	0x2
 1567 0074 18       		.byte	0x18
 1568 0075 24000000 		.4byte	0x24
 1569 0079 05       		.uleb128 0x5
 1570 007a 91000000 		.4byte	0x91
 1571 007e 8A000000 		.4byte	0x8a
 1572 0082 06       		.uleb128 0x6
 1573 0083 8A000000 		.4byte	0x8a
 1574 0087 9705     		.2byte	0x597
 1575 0089 00       		.byte	0
 1576 008a 02       		.uleb128 0x2
 1577 008b 04       		.byte	0x4
 1578 008c 07       		.byte	0x7
 1579 008d AF010000 		.4byte	.LASF11
 1580 0091 07       		.uleb128 0x7
 1581 0092 6E000000 		.4byte	0x6e
 1582 0096 08       		.uleb128 0x8
 1583 0097 4E010000 		.4byte	.LASF12
 1584 009b 03       		.byte	0x3
 1585 009c 1F       		.byte	0x1f
 1586 009d A7000000 		.4byte	0xa7
 1587 00a1 05       		.uleb128 0x5
 1588 00a2 03       		.byte	0x3
 1589 00a3 00000000 		.4byte	cy_meta_configecc
 1590 00a7 07       		.uleb128 0x7
 1591 00a8 79000000 		.4byte	0x79
 1592 00ac 05       		.uleb128 0x5
ARM GAS  C:\Users\annat\AppData\Local\Temp\ccS21IGa.s 			page 29


 1593 00ad 91000000 		.4byte	0x91
 1594 00b1 BC000000 		.4byte	0xbc
 1595 00b5 09       		.uleb128 0x9
 1596 00b6 8A000000 		.4byte	0x8a
 1597 00ba 03       		.byte	0x3
 1598 00bb 00       		.byte	0
 1599 00bc 08       		.uleb128 0x8
 1600 00bd 3E010000 		.4byte	.LASF13
 1601 00c1 03       		.byte	0x3
 1602 00c2 DF       		.byte	0xdf
 1603 00c3 CD000000 		.4byte	0xcd
 1604 00c7 05       		.uleb128 0x5
 1605 00c8 03       		.byte	0x3
 1606 00c9 00000000 		.4byte	cy_meta_custnvl
 1607 00cd 07       		.uleb128 0x7
 1608 00ce AC000000 		.4byte	0xac
 1609 00d2 08       		.uleb128 0x8
 1610 00d3 A1010000 		.4byte	.LASF14
 1611 00d7 03       		.byte	0x3
 1612 00d8 ED       		.byte	0xed
 1613 00d9 E3000000 		.4byte	0xe3
 1614 00dd 05       		.uleb128 0x5
 1615 00de 03       		.byte	0x3
 1616 00df 00000000 		.4byte	cy_meta_wonvl
 1617 00e3 07       		.uleb128 0x7
 1618 00e4 AC000000 		.4byte	0xac
 1619 00e8 05       		.uleb128 0x5
 1620 00e9 91000000 		.4byte	0x91
 1621 00ed F8000000 		.4byte	0xf8
 1622 00f1 09       		.uleb128 0x9
 1623 00f2 8A000000 		.4byte	0x8a
 1624 00f6 FF       		.byte	0xff
 1625 00f7 00       		.byte	0
 1626 00f8 08       		.uleb128 0x8
 1627 00f9 8C010000 		.4byte	.LASF15
 1628 00fd 03       		.byte	0x3
 1629 00fe FB       		.byte	0xfb
 1630 00ff 09010000 		.4byte	0x109
 1631 0103 05       		.uleb128 0x5
 1632 0104 03       		.byte	0x3
 1633 0105 00000000 		.4byte	cy_meta_flashprotect
 1634 0109 07       		.uleb128 0x7
 1635 010a E8000000 		.4byte	0xe8
 1636 010e 05       		.uleb128 0x5
 1637 010f 91000000 		.4byte	0x91
 1638 0113 1E010000 		.4byte	0x11e
 1639 0117 09       		.uleb128 0x9
 1640 0118 8A000000 		.4byte	0x8a
 1641 011c 0B       		.byte	0xb
 1642 011d 00       		.byte	0
 1643 011e 0A       		.uleb128 0xa
 1644 011f 71000000 		.4byte	.LASF16
 1645 0123 03       		.byte	0x3
 1646 0124 2801     		.2byte	0x128
 1647 0126 30010000 		.4byte	0x130
 1648 012a 05       		.uleb128 0x5
 1649 012b 03       		.byte	0x3
ARM GAS  C:\Users\annat\AppData\Local\Temp\ccS21IGa.s 			page 30


 1650 012c 00000000 		.4byte	cy_metadata
 1651 0130 07       		.uleb128 0x7
 1652 0131 0E010000 		.4byte	0x10e
 1653 0135 00       		.byte	0
 1654              		.section	.debug_abbrev,"",%progbits
 1655              	.Ldebug_abbrev0:
 1656 0000 01       		.uleb128 0x1
 1657 0001 11       		.uleb128 0x11
 1658 0002 01       		.byte	0x1
 1659 0003 25       		.uleb128 0x25
 1660 0004 0E       		.uleb128 0xe
 1661 0005 13       		.uleb128 0x13
 1662 0006 0B       		.uleb128 0xb
 1663 0007 03       		.uleb128 0x3
 1664 0008 0E       		.uleb128 0xe
 1665 0009 1B       		.uleb128 0x1b
 1666 000a 0E       		.uleb128 0xe
 1667 000b 10       		.uleb128 0x10
 1668 000c 17       		.uleb128 0x17
 1669 000d 00       		.byte	0
 1670 000e 00       		.byte	0
 1671 000f 02       		.uleb128 0x2
 1672 0010 24       		.uleb128 0x24
 1673 0011 00       		.byte	0
 1674 0012 0B       		.uleb128 0xb
 1675 0013 0B       		.uleb128 0xb
 1676 0014 3E       		.uleb128 0x3e
 1677 0015 0B       		.uleb128 0xb
 1678 0016 03       		.uleb128 0x3
 1679 0017 0E       		.uleb128 0xe
 1680 0018 00       		.byte	0
 1681 0019 00       		.byte	0
 1682 001a 03       		.uleb128 0x3
 1683 001b 16       		.uleb128 0x16
 1684 001c 00       		.byte	0
 1685 001d 03       		.uleb128 0x3
 1686 001e 0E       		.uleb128 0xe
 1687 001f 3A       		.uleb128 0x3a
 1688 0020 0B       		.uleb128 0xb
 1689 0021 3B       		.uleb128 0x3b
 1690 0022 0B       		.uleb128 0xb
 1691 0023 49       		.uleb128 0x49
 1692 0024 13       		.uleb128 0x13
 1693 0025 00       		.byte	0
 1694 0026 00       		.byte	0
 1695 0027 04       		.uleb128 0x4
 1696 0028 24       		.uleb128 0x24
 1697 0029 00       		.byte	0
 1698 002a 0B       		.uleb128 0xb
 1699 002b 0B       		.uleb128 0xb
 1700 002c 3E       		.uleb128 0x3e
 1701 002d 0B       		.uleb128 0xb
 1702 002e 03       		.uleb128 0x3
 1703 002f 08       		.uleb128 0x8
 1704 0030 00       		.byte	0
 1705 0031 00       		.byte	0
 1706 0032 05       		.uleb128 0x5
ARM GAS  C:\Users\annat\AppData\Local\Temp\ccS21IGa.s 			page 31


 1707 0033 01       		.uleb128 0x1
 1708 0034 01       		.byte	0x1
 1709 0035 49       		.uleb128 0x49
 1710 0036 13       		.uleb128 0x13
 1711 0037 01       		.uleb128 0x1
 1712 0038 13       		.uleb128 0x13
 1713 0039 00       		.byte	0
 1714 003a 00       		.byte	0
 1715 003b 06       		.uleb128 0x6
 1716 003c 21       		.uleb128 0x21
 1717 003d 00       		.byte	0
 1718 003e 49       		.uleb128 0x49
 1719 003f 13       		.uleb128 0x13
 1720 0040 2F       		.uleb128 0x2f
 1721 0041 05       		.uleb128 0x5
 1722 0042 00       		.byte	0
 1723 0043 00       		.byte	0
 1724 0044 07       		.uleb128 0x7
 1725 0045 26       		.uleb128 0x26
 1726 0046 00       		.byte	0
 1727 0047 49       		.uleb128 0x49
 1728 0048 13       		.uleb128 0x13
 1729 0049 00       		.byte	0
 1730 004a 00       		.byte	0
 1731 004b 08       		.uleb128 0x8
 1732 004c 34       		.uleb128 0x34
 1733 004d 00       		.byte	0
 1734 004e 03       		.uleb128 0x3
 1735 004f 0E       		.uleb128 0xe
 1736 0050 3A       		.uleb128 0x3a
 1737 0051 0B       		.uleb128 0xb
 1738 0052 3B       		.uleb128 0x3b
 1739 0053 0B       		.uleb128 0xb
 1740 0054 49       		.uleb128 0x49
 1741 0055 13       		.uleb128 0x13
 1742 0056 3F       		.uleb128 0x3f
 1743 0057 19       		.uleb128 0x19
 1744 0058 02       		.uleb128 0x2
 1745 0059 18       		.uleb128 0x18
 1746 005a 00       		.byte	0
 1747 005b 00       		.byte	0
 1748 005c 09       		.uleb128 0x9
 1749 005d 21       		.uleb128 0x21
 1750 005e 00       		.byte	0
 1751 005f 49       		.uleb128 0x49
 1752 0060 13       		.uleb128 0x13
 1753 0061 2F       		.uleb128 0x2f
 1754 0062 0B       		.uleb128 0xb
 1755 0063 00       		.byte	0
 1756 0064 00       		.byte	0
 1757 0065 0A       		.uleb128 0xa
 1758 0066 34       		.uleb128 0x34
 1759 0067 00       		.byte	0
 1760 0068 03       		.uleb128 0x3
 1761 0069 0E       		.uleb128 0xe
 1762 006a 3A       		.uleb128 0x3a
 1763 006b 0B       		.uleb128 0xb
ARM GAS  C:\Users\annat\AppData\Local\Temp\ccS21IGa.s 			page 32


 1764 006c 3B       		.uleb128 0x3b
 1765 006d 05       		.uleb128 0x5
 1766 006e 49       		.uleb128 0x49
 1767 006f 13       		.uleb128 0x13
 1768 0070 3F       		.uleb128 0x3f
 1769 0071 19       		.uleb128 0x19
 1770 0072 02       		.uleb128 0x2
 1771 0073 18       		.uleb128 0x18
 1772 0074 00       		.byte	0
 1773 0075 00       		.byte	0
 1774 0076 00       		.byte	0
 1775              		.section	.debug_aranges,"",%progbits
 1776 0000 14000000 		.4byte	0x14
 1777 0004 0200     		.2byte	0x2
 1778 0006 00000000 		.4byte	.Ldebug_info0
 1779 000a 04       		.byte	0x4
 1780 000b 00       		.byte	0
 1781 000c 0000     		.2byte	0
 1782 000e 0000     		.2byte	0
 1783 0010 00000000 		.4byte	0
 1784 0014 00000000 		.4byte	0
 1785              		.section	.debug_line,"",%progbits
 1786              	.Ldebug_line0:
 1787 0000 3D010000 		.section	.debug_str,"MS",%progbits,1
 1787      02003701 
 1787      00000201 
 1787      FB0E0D00 
 1787      01010101 
 1788              	.LASF9:
 1789 0000 5F5F7569 		.ascii	"__uint8_t\000"
 1789      6E74385F 
 1789      7400
 1790              	.LASF19:
 1791 000a 433A5C55 		.ascii	"C:\\Users\\annat\\OneDrive\\Desktop\\Group_01_Final"
 1791      73657273 
 1791      5C616E6E 
 1791      61745C4F 
 1791      6E654472 
 1792 0038 50726F6A 		.ascii	"Project\\Group_01_FinalProject\\InizializationEEPRO"
 1792      6563745C 
 1792      47726F75 
 1792      705F3031 
 1792      5F46696E 
 1793 0069 4D2E6379 		.ascii	"M.cydsn\000"
 1793      64736E00 
 1794              	.LASF16:
 1795 0071 63795F6D 		.ascii	"cy_metadata\000"
 1795      65746164 
 1795      61746100 
 1796              	.LASF1:
 1797 007d 756E7369 		.ascii	"unsigned char\000"
 1797      676E6564 
 1797      20636861 
 1797      7200
 1798              	.LASF17:
 1799 008b 474E5520 		.ascii	"GNU C11 5.4.1 20160609 (release) [ARM/embedded-5-br"
 1799      43313120 
ARM GAS  C:\Users\annat\AppData\Local\Temp\ccS21IGa.s 			page 33


 1799      352E342E 
 1799      31203230 
 1799      31363036 
 1800 00be 616E6368 		.ascii	"anch revision 237715] -mcpu=cortex-m3 -mthumb -g -O"
 1800      20726576 
 1800      6973696F 
 1800      6E203233 
 1800      37373135 
 1801 00f1 67202D66 		.ascii	"g -ffunction-sections -ffat-lto-objects\000"
 1801      66756E63 
 1801      74696F6E 
 1801      2D736563 
 1801      74696F6E 
 1802              	.LASF5:
 1803 0119 6C6F6E67 		.ascii	"long unsigned int\000"
 1803      20756E73 
 1803      69676E65 
 1803      6420696E 
 1803      7400
 1804              	.LASF3:
 1805 012b 73686F72 		.ascii	"short unsigned int\000"
 1805      7420756E 
 1805      7369676E 
 1805      65642069 
 1805      6E7400
 1806              	.LASF13:
 1807 013e 63795F6D 		.ascii	"cy_meta_custnvl\000"
 1807      6574615F 
 1807      63757374 
 1807      6E766C00 
 1808              	.LASF12:
 1809 014e 63795F6D 		.ascii	"cy_meta_configecc\000"
 1809      6574615F 
 1809      636F6E66 
 1809      69676563 
 1809      6300
 1810              	.LASF8:
 1811 0160 756E7369 		.ascii	"unsigned int\000"
 1811      676E6564 
 1811      20696E74 
 1811      00
 1812              	.LASF7:
 1813 016d 6C6F6E67 		.ascii	"long long unsigned int\000"
 1813      206C6F6E 
 1813      6720756E 
 1813      7369676E 
 1813      65642069 
 1814              	.LASF10:
 1815 0184 75696E74 		.ascii	"uint8_t\000"
 1815      385F7400 
 1816              	.LASF15:
 1817 018c 63795F6D 		.ascii	"cy_meta_flashprotect\000"
 1817      6574615F 
 1817      666C6173 
 1817      6870726F 
 1817      74656374 
 1818              	.LASF14:
ARM GAS  C:\Users\annat\AppData\Local\Temp\ccS21IGa.s 			page 34


 1819 01a1 63795F6D 		.ascii	"cy_meta_wonvl\000"
 1819      6574615F 
 1819      776F6E76 
 1819      6C00
 1820              	.LASF11:
 1821 01af 73697A65 		.ascii	"sizetype\000"
 1821      74797065 
 1821      00
 1822              	.LASF6:
 1823 01b8 6C6F6E67 		.ascii	"long long int\000"
 1823      206C6F6E 
 1823      6720696E 
 1823      7400
 1824              	.LASF2:
 1825 01c6 73686F72 		.ascii	"short int\000"
 1825      7420696E 
 1825      7400
 1826              	.LASF4:
 1827 01d0 6C6F6E67 		.ascii	"long int\000"
 1827      20696E74 
 1827      00
 1828              	.LASF0:
 1829 01d9 7369676E 		.ascii	"signed char\000"
 1829      65642063 
 1829      68617200 
 1830              	.LASF18:
 1831 01e5 47656E65 		.ascii	"Generated_Source\\PSoC5\\cymetadata.c\000"
 1831      72617465 
 1831      645F536F 
 1831      75726365 
 1831      5C50536F 
 1832              		.ident	"GCC: (GNU Tools for ARM Embedded Processors) 5.4.1 20160609 (release) [ARM/embedded-5-bran
