ARM GAS  C:\Users\annat\AppData\Local\Temp\ccVVDwUr.s 			page 1


   1              		.syntax unified
   2              		.cpu cortex-m3
   3              		.fpu softvfp
   4              		.eabi_attribute 20, 1
   5              		.eabi_attribute 21, 1
   6              		.eabi_attribute 23, 3
   7              		.eabi_attribute 24, 1
   8              		.eabi_attribute 25, 1
   9              		.eabi_attribute 26, 1
  10              		.eabi_attribute 30, 1
  11              		.eabi_attribute 34, 1
  12              		.eabi_attribute 18, 4
  13              		.thumb
  14              		.syntax unified
  15              		.file	"25LC256.c"
  16              		.text
  17              	.Ltext0:
  18              		.cfi_sections	.debug_frame
  19              		.section	.text.EEPROM_readStatus,"ax",%progbits
  20              		.align	2
  21              		.global	EEPROM_readStatus
  22              		.thumb
  23              		.thumb_func
  24              		.type	EEPROM_readStatus, %function
  25              	EEPROM_readStatus:
  26              	.LFB0:
  27              		.file 1 "25LC256.c"
   1:25LC256.c     **** /**
   2:25LC256.c     ****  * @file 25LC256.c
   3:25LC256.c     ****  * @brief Functions required to interface with the SPI EEPROM 25LC256.
   4:25LC256.c     ****  * 
   5:25LC256.c     ****  * This c file contains the API functions to interface
   6:25LC256.c     ****  * with the SPI EEPROM 25LC256.
   7:25LC256.c     ****  *
   8:25LC256.c     ****  * @author Mattia Pesenti
   9:25LC256.c     ****  * @date 24 March, 2020
  10:25LC256.c     **** */
  11:25LC256.c     **** 
  12:25LC256.c     **** #include "25LC256.h"
  13:25LC256.c     **** 
  14:25LC256.c     **** uint8_t eeprom_Status;
  15:25LC256.c     **** 
  16:25LC256.c     **** /** ====== Helper Functions ====== **/
  17:25LC256.c     **** 
  18:25LC256.c     **** uint8_t EEPROM_readStatus() {
  28              		.loc 1 18 0
  29              		.cfi_startproc
  30              		@ args = 0, pretend = 0, frame = 0
  31              		@ frame_needed = 0, uses_anonymous_args = 0
  32 0000 08B5     		push	{r3, lr}
  33              		.cfi_def_cfa_offset 8
  34              		.cfi_offset 3, -8
  35              		.cfi_offset 14, -4
  19:25LC256.c     ****     
  20:25LC256.c     **** 	return SPI_Interface_ReadByte(SPI_EEPROM_RDSR);
  36              		.loc 1 20 0
  37 0002 0520     		movs	r0, #5
ARM GAS  C:\Users\annat\AppData\Local\Temp\ccVVDwUr.s 			page 2


  38 0004 FFF7FEFF 		bl	SPI_Interface_ReadByte
  39              	.LVL0:
  21:25LC256.c     ****     
  22:25LC256.c     **** }
  40              		.loc 1 22 0
  41 0008 08BD     		pop	{r3, pc}
  42              		.cfi_endproc
  43              	.LFE0:
  44              		.size	EEPROM_readStatus, .-EEPROM_readStatus
  45 000a 00BF     		.section	.text.EEPROM_writeEnable,"ax",%progbits
  46              		.align	2
  47              		.global	EEPROM_writeEnable
  48              		.thumb
  49              		.thumb_func
  50              		.type	EEPROM_writeEnable, %function
  51              	EEPROM_writeEnable:
  52              	.LFB1:
  23:25LC256.c     **** 
  24:25LC256.c     **** void EEPROM_writeEnable() {
  53              		.loc 1 24 0
  54              		.cfi_startproc
  55              		@ args = 0, pretend = 0, frame = 0
  56              		@ frame_needed = 0, uses_anonymous_args = 0
  57 0000 08B5     		push	{r3, lr}
  58              		.cfi_def_cfa_offset 8
  59              		.cfi_offset 3, -8
  60              		.cfi_offset 14, -4
  25:25LC256.c     ****     
  26:25LC256.c     **** 	/* Send 1-byte Instruction */
  27:25LC256.c     **** 	SPI_Interface_tradeByte(SPI_EEPROM_WREN);
  61              		.loc 1 27 0
  62 0002 0620     		movs	r0, #6
  63 0004 FFF7FEFF 		bl	SPI_Interface_tradeByte
  64              	.LVL1:
  65 0008 08BD     		pop	{r3, pc}
  66              		.cfi_endproc
  67              	.LFE1:
  68              		.size	EEPROM_writeEnable, .-EEPROM_writeEnable
  69 000a 00BF     		.section	.text.EEPROM_readByte,"ax",%progbits
  70              		.align	2
  71              		.global	EEPROM_readByte
  72              		.thumb
  73              		.thumb_func
  74              		.type	EEPROM_readByte, %function
  75              	EEPROM_readByte:
  76              	.LFB2:
  28:25LC256.c     ****     
  29:25LC256.c     **** }
  30:25LC256.c     **** 
  31:25LC256.c     **** /** ====== User-level Functions ====== **/
  32:25LC256.c     **** 
  33:25LC256.c     **** uint8_t EEPROM_readByte(uint16_t addr) {
  77              		.loc 1 33 0
  78              		.cfi_startproc
  79              		@ args = 0, pretend = 0, frame = 8
  80              		@ frame_needed = 0, uses_anonymous_args = 0
  81              	.LVL2:
ARM GAS  C:\Users\annat\AppData\Local\Temp\ccVVDwUr.s 			page 3


  82 0000 00B5     		push	{lr}
  83              		.cfi_def_cfa_offset 4
  84              		.cfi_offset 14, -4
  85 0002 83B0     		sub	sp, sp, #12
  86              		.cfi_def_cfa_offset 16
  34:25LC256.c     **** 
  35:25LC256.c     **** 	/* Prepare the TX data packet: instruction + address */
  36:25LC256.c     **** 	uint8_t dataTX[3] = { SPI_EEPROM_READ, ((addr & 0xFF00) >> 8), (addr & 0x00FF) };
  87              		.loc 1 36 0
  88 0004 0321     		movs	r1, #3
  89 0006 8DF80410 		strb	r1, [sp, #4]
  90 000a 030A     		lsrs	r3, r0, #8
  91 000c 8DF80530 		strb	r3, [sp, #5]
  92 0010 8DF80600 		strb	r0, [sp, #6]
  37:25LC256.c     **** 	
  38:25LC256.c     **** 	/* Prepare the RX byte */
  39:25LC256.c     **** 	uint8_t dataRX = 0;
  93              		.loc 1 39 0
  94 0014 02AA     		add	r2, sp, #8
  95 0016 0023     		movs	r3, #0
  96 0018 02F8053D 		strb	r3, [r2, #-5]!
  40:25LC256.c     **** 	
  41:25LC256.c     **** 	/* Read 1 byte from addr */
  42:25LC256.c     **** 	SPI_Interface_Multi_RW(dataTX, 3, &dataRX, 1);
  97              		.loc 1 42 0
  98 001c 0123     		movs	r3, #1
  99 001e 01A8     		add	r0, sp, #4
 100              	.LVL3:
 101 0020 FFF7FEFF 		bl	SPI_Interface_Multi_RW
 102              	.LVL4:
  43:25LC256.c     **** 	
  44:25LC256.c     **** 	return dataRX;
  45:25LC256.c     ****     
  46:25LC256.c     **** }
 103              		.loc 1 46 0
 104 0024 9DF80300 		ldrb	r0, [sp, #3]	@ zero_extendqisi2
 105 0028 03B0     		add	sp, sp, #12
 106              		.cfi_def_cfa_offset 4
 107              		@ sp needed
 108 002a 5DF804FB 		ldr	pc, [sp], #4
 109              		.cfi_endproc
 110              	.LFE2:
 111              		.size	EEPROM_readByte, .-EEPROM_readByte
 112 002e 00BF     		.section	.text.EEPROM_writeByte,"ax",%progbits
 113              		.align	2
 114              		.global	EEPROM_writeByte
 115              		.thumb
 116              		.thumb_func
 117              		.type	EEPROM_writeByte, %function
 118              	EEPROM_writeByte:
 119              	.LFB3:
  47:25LC256.c     **** 
  48:25LC256.c     **** void EEPROM_writeByte(uint16_t addr, uint8_t dataByte) {
 120              		.loc 1 48 0
 121              		.cfi_startproc
 122              		@ args = 0, pretend = 0, frame = 8
 123              		@ frame_needed = 0, uses_anonymous_args = 0
ARM GAS  C:\Users\annat\AppData\Local\Temp\ccVVDwUr.s 			page 4


 124              	.LVL5:
 125 0000 30B5     		push	{r4, r5, lr}
 126              		.cfi_def_cfa_offset 12
 127              		.cfi_offset 4, -12
 128              		.cfi_offset 5, -8
 129              		.cfi_offset 14, -4
 130 0002 83B0     		sub	sp, sp, #12
 131              		.cfi_def_cfa_offset 24
 132 0004 0446     		mov	r4, r0
 133 0006 0D46     		mov	r5, r1
  49:25LC256.c     ****     
  50:25LC256.c     ****     /* Enable WRITE operations */
  51:25LC256.c     ****     EEPROM_writeEnable();
 134              		.loc 1 51 0
 135 0008 FFF7FEFF 		bl	EEPROM_writeEnable
 136              	.LVL6:
  52:25LC256.c     **** 	
  53:25LC256.c     **** 	/* Prepare the TX packet */
  54:25LC256.c     ****     uint8_t dataTX[4] = {SPI_EEPROM_WRITE, ((addr & 0xFF00) >> 8), (addr & 0x00FF), dataByte};
 137              		.loc 1 54 0
 138 000c 0223     		movs	r3, #2
 139 000e 8DF80430 		strb	r3, [sp, #4]
 140 0012 230A     		lsrs	r3, r4, #8
 141 0014 8DF80530 		strb	r3, [sp, #5]
 142 0018 8DF80640 		strb	r4, [sp, #6]
 143 001c 8DF80750 		strb	r5, [sp, #7]
  55:25LC256.c     **** 	/* Nothing to RX... */
  56:25LC256.c     **** 	uint8_t temp = 0;
 144              		.loc 1 56 0
 145 0020 0023     		movs	r3, #0
 146 0022 02AA     		add	r2, sp, #8
 147 0024 02F8053D 		strb	r3, [r2, #-5]!
  57:25LC256.c     **** 	
  58:25LC256.c     **** 	/* Write 1 byte to addr */
  59:25LC256.c     **** 	SPI_Interface_Multi_RW(dataTX, 4, &temp, 0);
 148              		.loc 1 59 0
 149 0028 0421     		movs	r1, #4
 150 002a 0DEB0100 		add	r0, sp, r1
 151 002e FFF7FEFF 		bl	SPI_Interface_Multi_RW
 152              	.LVL7:
  60:25LC256.c     **** 	    
  61:25LC256.c     **** }
 153              		.loc 1 61 0
 154 0032 03B0     		add	sp, sp, #12
 155              		.cfi_def_cfa_offset 12
 156              		@ sp needed
 157 0034 30BD     		pop	{r4, r5, pc}
 158              		.cfi_endproc
 159              	.LFE3:
 160              		.size	EEPROM_writeByte, .-EEPROM_writeByte
 161 0036 00BF     		.section	.text.EEPROM_readPage,"ax",%progbits
 162              		.align	2
 163              		.global	EEPROM_readPage
 164              		.thumb
 165              		.thumb_func
 166              		.type	EEPROM_readPage, %function
 167              	EEPROM_readPage:
ARM GAS  C:\Users\annat\AppData\Local\Temp\ccVVDwUr.s 			page 5


 168              	.LFB4:
  62:25LC256.c     **** 
  63:25LC256.c     **** void EEPROM_readPage(uint16_t addr, uint8_t* dataRX, uint8_t nBytes) {
 169              		.loc 1 63 0
 170              		.cfi_startproc
 171              		@ args = 0, pretend = 0, frame = 8
 172              		@ frame_needed = 0, uses_anonymous_args = 0
 173              	.LVL8:
 174 0000 10B5     		push	{r4, lr}
 175              		.cfi_def_cfa_offset 8
 176              		.cfi_offset 4, -8
 177              		.cfi_offset 14, -4
 178 0002 82B0     		sub	sp, sp, #8
 179              		.cfi_def_cfa_offset 16
  64:25LC256.c     ****     uint8_t dataTX[3]= {SPI_EEPROM_READ, ((addr & 0xFF00) >> 8), (addr & 0x00FF)};
 180              		.loc 1 64 0
 181 0004 0324     		movs	r4, #3
 182 0006 8DF80440 		strb	r4, [sp, #4]
 183 000a 030A     		lsrs	r3, r0, #8
 184 000c 8DF80530 		strb	r3, [sp, #5]
 185 0010 8DF80600 		strb	r0, [sp, #6]
  65:25LC256.c     ****     
  66:25LC256.c     ****     SPI_Interface_Multi_RW(dataTX, 3, dataRX, nBytes);
 186              		.loc 1 66 0
 187 0014 1346     		mov	r3, r2
 188 0016 0A46     		mov	r2, r1
 189              	.LVL9:
 190 0018 2146     		mov	r1, r4
 191              	.LVL10:
 192 001a 01A8     		add	r0, sp, #4
 193              	.LVL11:
 194 001c FFF7FEFF 		bl	SPI_Interface_Multi_RW
 195              	.LVL12:
  67:25LC256.c     **** 	
  68:25LC256.c     **** 		
  69:25LC256.c     **** }
 196              		.loc 1 69 0
 197 0020 02B0     		add	sp, sp, #8
 198              		.cfi_def_cfa_offset 8
 199              		@ sp needed
 200 0022 10BD     		pop	{r4, pc}
 201              		.cfi_endproc
 202              	.LFE4:
 203              		.size	EEPROM_readPage, .-EEPROM_readPage
 204              		.section	.text.EEPROM_writePage,"ax",%progbits
 205              		.align	2
 206              		.global	EEPROM_writePage
 207              		.thumb
 208              		.thumb_func
 209              		.type	EEPROM_writePage, %function
 210              	EEPROM_writePage:
 211              	.LFB5:
  70:25LC256.c     **** 
  71:25LC256.c     **** void EEPROM_writePage(uint16_t addr, uint8_t* data, uint8_t nBytes) {
 212              		.loc 1 71 0
 213              		.cfi_startproc
 214              		@ args = 0, pretend = 0, frame = 8
ARM GAS  C:\Users\annat\AppData\Local\Temp\ccVVDwUr.s 			page 6


 215              		@ frame_needed = 1, uses_anonymous_args = 0
 216              	.LVL13:
 217 0000 2DE9F041 		push	{r4, r5, r6, r7, r8, lr}
 218              		.cfi_def_cfa_offset 24
 219              		.cfi_offset 4, -24
 220              		.cfi_offset 5, -20
 221              		.cfi_offset 6, -16
 222              		.cfi_offset 7, -12
 223              		.cfi_offset 8, -8
 224              		.cfi_offset 14, -4
 225 0004 82B0     		sub	sp, sp, #8
 226              		.cfi_def_cfa_offset 32
 227 0006 00AF     		add	r7, sp, #0
 228              		.cfi_def_cfa_register 7
 229 0008 8046     		mov	r8, r0
 230 000a 0E46     		mov	r6, r1
 231 000c 1446     		mov	r4, r2
 232              	.LVL14:
  72:25LC256.c     ****     
  73:25LC256.c     ****     uint8_t data_TX[nBytes + 3];
 233              		.loc 1 73 0
 234 000e 02F10A03 		add	r3, r2, #10
 235 0012 23F00703 		bic	r3, r3, #7
 236 0016 ADEB030D 		sub	sp, sp, r3
 237 001a 6D46     		mov	r5, sp
 238              	.LVL15:
  74:25LC256.c     ****     uint8_t i;
  75:25LC256.c     ****     EEPROM_writeEnable();
 239              		.loc 1 75 0
 240 001c FFF7FEFF 		bl	EEPROM_writeEnable
 241              	.LVL16:
  76:25LC256.c     **** 	
  77:25LC256.c     ****     CyDelayUs(1);
 242              		.loc 1 77 0
 243 0020 0120     		movs	r0, #1
 244 0022 FFF7FEFF 		bl	CyDelayUs
 245              	.LVL17:
  78:25LC256.c     ****     
  79:25LC256.c     ****     data_TX[0]= SPI_EEPROM_WRITE;
 246              		.loc 1 79 0
 247 0026 0223     		movs	r3, #2
 248 0028 8DF80030 		strb	r3, [sp]
  80:25LC256.c     ****     data_TX[1]= (addr & 0xFF00) >>8;
 249              		.loc 1 80 0
 250 002c 4FEA1823 		lsr	r3, r8, #8
 251 0030 8DF80130 		strb	r3, [sp, #1]
  81:25LC256.c     ****     data_TX[2]= (addr & 0x00FF);
 252              		.loc 1 81 0
 253 0034 8DF80280 		strb	r8, [sp, #2]
  82:25LC256.c     ****     
  83:25LC256.c     ****     for (i=0; i< nBytes ; i++) 
 254              		.loc 1 83 0
 255 0038 0023     		movs	r3, #0
 256 003a FB71     		strb	r3, [r7, #7]
 257 003c 05E0     		b	.L12
 258              	.L13:
  84:25LC256.c     ****         data_TX[i+3]= data[i];
ARM GAS  C:\Users\annat\AppData\Local\Temp\ccVVDwUr.s 			page 7


 259              		.loc 1 84 0 discriminator 3
 260 003e DA1C     		adds	r2, r3, #3
 261 0040 F35C     		ldrb	r3, [r6, r3]	@ zero_extendqisi2
 262 0042 AB54     		strb	r3, [r5, r2]
  83:25LC256.c     ****         data_TX[i+3]= data[i];
 263              		.loc 1 83 0 discriminator 3
 264 0044 FB79     		ldrb	r3, [r7, #7]	@ zero_extendqisi2
 265 0046 0133     		adds	r3, r3, #1
 266 0048 FB71     		strb	r3, [r7, #7]
 267              	.L12:
  83:25LC256.c     ****         data_TX[i+3]= data[i];
 268              		.loc 1 83 0 is_stmt 0 discriminator 1
 269 004a FB79     		ldrb	r3, [r7, #7]	@ zero_extendqisi2
 270 004c 9C42     		cmp	r4, r3
 271 004e F6D8     		bhi	.L13
  85:25LC256.c     ****     
  86:25LC256.c     ****     i=0;
 272              		.loc 1 86 0 is_stmt 1
 273 0050 0023     		movs	r3, #0
 274 0052 07F10802 		add	r2, r7, #8
 275 0056 02F8013D 		strb	r3, [r2, #-1]!
  87:25LC256.c     ****     
  88:25LC256.c     ****     SPI_Interface_Multi_RW(data_TX, nBytes+3, &i, 0);   
 276              		.loc 1 88 0
 277 005a E11C     		adds	r1, r4, #3
 278 005c C9B2     		uxtb	r1, r1
 279 005e 2846     		mov	r0, r5
 280 0060 FFF7FEFF 		bl	SPI_Interface_Multi_RW
 281              	.LVL18:
  89:25LC256.c     **** 	
  90:25LC256.c     **** }
 282              		.loc 1 90 0
 283 0064 0837     		adds	r7, r7, #8
 284              		.cfi_def_cfa_offset 24
 285 0066 BD46     		mov	sp, r7
 286              		.cfi_def_cfa_register 13
 287              		@ sp needed
 288 0068 BDE8F081 		pop	{r4, r5, r6, r7, r8, pc}
 289              		.cfi_endproc
 290              	.LFE5:
 291              		.size	EEPROM_writePage, .-EEPROM_writePage
 292              		.section	.text.EEPROM_waitForWriteComplete,"ax",%progbits
 293              		.align	2
 294              		.global	EEPROM_waitForWriteComplete
 295              		.thumb
 296              		.thumb_func
 297              		.type	EEPROM_waitForWriteComplete, %function
 298              	EEPROM_waitForWriteComplete:
 299              	.LFB6:
  91:25LC256.c     **** 
  92:25LC256.c     **** void EEPROM_waitForWriteComplete() {
 300              		.loc 1 92 0
 301              		.cfi_startproc
 302              		@ args = 0, pretend = 0, frame = 0
 303              		@ frame_needed = 0, uses_anonymous_args = 0
 304 0000 08B5     		push	{r3, lr}
 305              		.cfi_def_cfa_offset 8
ARM GAS  C:\Users\annat\AppData\Local\Temp\ccVVDwUr.s 			page 8


 306              		.cfi_offset 3, -8
 307              		.cfi_offset 14, -4
 308              	.L16:
  93:25LC256.c     ****     
  94:25LC256.c     ****     while( EEPROM_readStatus() & SPI_EEPROM_WRITE_IN_PROGRESS );
 309              		.loc 1 94 0 discriminator 1
 310 0002 FFF7FEFF 		bl	EEPROM_readStatus
 311              	.LVL19:
 312 0006 10F0010F 		tst	r0, #1
 313 000a FAD1     		bne	.L16
  95:25LC256.c     ****     
  96:25LC256.c     **** }
 314              		.loc 1 96 0
 315 000c 08BD     		pop	{r3, pc}
 316              		.cfi_endproc
 317              	.LFE6:
 318              		.size	EEPROM_waitForWriteComplete, .-EEPROM_waitForWriteComplete
 319              		.comm	eeprom_Status,1,1
 320 000e 00BF     		.text
 321              	.Letext0:
 322              		.file 2 "c:\\program files (x86)\\cypress\\psoc creator\\4.3\\psoc creator\\import\\gnu\\arm\\5.4.
 323              		.file 3 "c:\\program files (x86)\\cypress\\psoc creator\\4.3\\psoc creator\\import\\gnu\\arm\\5.4.
 324              		.file 4 "SPI_Interface.h"
 325              		.file 5 "Generated_Source\\PSoC5/CyLib.h"
 326              		.section	.debug_info,"",%progbits
 327              	.Ldebug_info0:
 328 0000 8E030000 		.4byte	0x38e
 329 0004 0400     		.2byte	0x4
 330 0006 00000000 		.4byte	.Ldebug_abbrev0
 331 000a 04       		.byte	0x4
 332 000b 01       		.uleb128 0x1
 333 000c 9A000000 		.4byte	.LASF37
 334 0010 0C       		.byte	0xc
 335 0011 B3010000 		.4byte	.LASF38
 336 0015 28010000 		.4byte	.LASF39
 337 0019 00000000 		.4byte	.Ldebug_ranges0+0
 338 001d 00000000 		.4byte	0
 339 0021 00000000 		.4byte	.Ldebug_line0
 340 0025 02       		.uleb128 0x2
 341 0026 01       		.byte	0x1
 342 0027 06       		.byte	0x6
 343 0028 B0020000 		.4byte	.LASF0
 344 002c 03       		.uleb128 0x3
 345 002d 11000000 		.4byte	.LASF3
 346 0031 02       		.byte	0x2
 347 0032 1D       		.byte	0x1d
 348 0033 37000000 		.4byte	0x37
 349 0037 02       		.uleb128 0x2
 350 0038 01       		.byte	0x1
 351 0039 08       		.byte	0x8
 352 003a 8C000000 		.4byte	.LASF1
 353 003e 02       		.uleb128 0x2
 354 003f 02       		.byte	0x2
 355 0040 05       		.byte	0x5
 356 0041 77020000 		.4byte	.LASF2
 357 0045 03       		.uleb128 0x3
 358 0046 C6010000 		.4byte	.LASF4
ARM GAS  C:\Users\annat\AppData\Local\Temp\ccVVDwUr.s 			page 9


 359 004a 02       		.byte	0x2
 360 004b 2B       		.byte	0x2b
 361 004c 50000000 		.4byte	0x50
 362 0050 02       		.uleb128 0x2
 363 0051 02       		.byte	0x2
 364 0052 07       		.byte	0x7
 365 0053 28000000 		.4byte	.LASF5
 366 0057 02       		.uleb128 0x2
 367 0058 04       		.byte	0x4
 368 0059 05       		.byte	0x5
 369 005a 9B020000 		.4byte	.LASF6
 370 005e 02       		.uleb128 0x2
 371 005f 04       		.byte	0x4
 372 0060 07       		.byte	0x7
 373 0061 87010000 		.4byte	.LASF7
 374 0065 02       		.uleb128 0x2
 375 0066 08       		.byte	0x8
 376 0067 05       		.byte	0x5
 377 0068 64020000 		.4byte	.LASF8
 378 006c 02       		.uleb128 0x2
 379 006d 08       		.byte	0x8
 380 006e 07       		.byte	0x7
 381 006f 19020000 		.4byte	.LASF9
 382 0073 04       		.uleb128 0x4
 383 0074 04       		.byte	0x4
 384 0075 05       		.byte	0x5
 385 0076 696E7400 		.ascii	"int\000"
 386 007a 02       		.uleb128 0x2
 387 007b 04       		.byte	0x4
 388 007c 07       		.byte	0x7
 389 007d 0C020000 		.4byte	.LASF10
 390 0081 03       		.uleb128 0x3
 391 0082 30020000 		.4byte	.LASF11
 392 0086 03       		.byte	0x3
 393 0087 18       		.byte	0x18
 394 0088 2C000000 		.4byte	0x2c
 395 008c 03       		.uleb128 0x3
 396 008d 92020000 		.4byte	.LASF12
 397 0091 03       		.byte	0x3
 398 0092 24       		.byte	0x24
 399 0093 45000000 		.4byte	0x45
 400 0097 02       		.uleb128 0x2
 401 0098 04       		.byte	0x4
 402 0099 04       		.byte	0x4
 403 009a 1B000000 		.4byte	.LASF13
 404 009e 02       		.uleb128 0x2
 405 009f 08       		.byte	0x8
 406 00a0 04       		.byte	0x4
 407 00a1 D1010000 		.4byte	.LASF14
 408 00a5 02       		.uleb128 0x2
 409 00a6 01       		.byte	0x1
 410 00a7 08       		.byte	0x8
 411 00a8 72020000 		.4byte	.LASF15
 412 00ac 02       		.uleb128 0x2
 413 00ad 08       		.byte	0x8
 414 00ae 04       		.byte	0x4
 415 00af A4020000 		.4byte	.LASF16
ARM GAS  C:\Users\annat\AppData\Local\Temp\ccVVDwUr.s 			page 10


 416 00b3 02       		.uleb128 0x2
 417 00b4 04       		.byte	0x4
 418 00b5 07       		.byte	0x7
 419 00b6 5B020000 		.4byte	.LASF17
 420 00ba 05       		.uleb128 0x5
 421 00bb FA010000 		.4byte	.LASF18
 422 00bf 01       		.byte	0x1
 423 00c0 12       		.byte	0x12
 424 00c1 81000000 		.4byte	0x81
 425 00c5 00000000 		.4byte	.LFB0
 426 00c9 0A000000 		.4byte	.LFE0-.LFB0
 427 00cd 01       		.uleb128 0x1
 428 00ce 9C       		.byte	0x9c
 429 00cf E3000000 		.4byte	0xe3
 430 00d3 06       		.uleb128 0x6
 431 00d4 08000000 		.4byte	.LVL0
 432 00d8 65030000 		.4byte	0x365
 433 00dc 07       		.uleb128 0x7
 434 00dd 01       		.uleb128 0x1
 435 00de 50       		.byte	0x50
 436 00df 01       		.uleb128 0x1
 437 00e0 35       		.byte	0x35
 438 00e1 00       		.byte	0
 439 00e2 00       		.byte	0
 440 00e3 08       		.uleb128 0x8
 441 00e4 CB020000 		.4byte	.LASF22
 442 00e8 01       		.byte	0x1
 443 00e9 18       		.byte	0x18
 444 00ea 00000000 		.4byte	.LFB1
 445 00ee 0A000000 		.4byte	.LFE1-.LFB1
 446 00f2 01       		.uleb128 0x1
 447 00f3 9C       		.byte	0x9c
 448 00f4 08010000 		.4byte	0x108
 449 00f8 06       		.uleb128 0x6
 450 00f9 08000000 		.4byte	.LVL1
 451 00fd 70030000 		.4byte	0x370
 452 0101 07       		.uleb128 0x7
 453 0102 01       		.uleb128 0x1
 454 0103 50       		.byte	0x50
 455 0104 01       		.uleb128 0x1
 456 0105 36       		.byte	0x36
 457 0106 00       		.byte	0
 458 0107 00       		.byte	0
 459 0108 05       		.uleb128 0x5
 460 0109 A3010000 		.4byte	.LASF19
 461 010d 01       		.byte	0x1
 462 010e 21       		.byte	0x21
 463 010f 81000000 		.4byte	0x81
 464 0113 00000000 		.4byte	.LFB2
 465 0117 2E000000 		.4byte	.LFE2-.LFB2
 466 011b 01       		.uleb128 0x1
 467 011c 9C       		.byte	0x9c
 468 011d 6D010000 		.4byte	0x16d
 469 0121 09       		.uleb128 0x9
 470 0122 9E010000 		.4byte	.LASF24
 471 0126 01       		.byte	0x1
 472 0127 21       		.byte	0x21
ARM GAS  C:\Users\annat\AppData\Local\Temp\ccVVDwUr.s 			page 11


 473 0128 8C000000 		.4byte	0x8c
 474 012c 00000000 		.4byte	.LLST0
 475 0130 0A       		.uleb128 0xa
 476 0131 BC020000 		.4byte	.LASF20
 477 0135 01       		.byte	0x1
 478 0136 24       		.byte	0x24
 479 0137 6D010000 		.4byte	0x16d
 480 013b 02       		.uleb128 0x2
 481 013c 91       		.byte	0x91
 482 013d 74       		.sleb128 -12
 483 013e 0A       		.uleb128 0xa
 484 013f 38020000 		.4byte	.LASF21
 485 0143 01       		.byte	0x1
 486 0144 27       		.byte	0x27
 487 0145 81000000 		.4byte	0x81
 488 0149 02       		.uleb128 0x2
 489 014a 91       		.byte	0x91
 490 014b 73       		.sleb128 -13
 491 014c 06       		.uleb128 0x6
 492 014d 24000000 		.4byte	.LVL4
 493 0151 7B030000 		.4byte	0x37b
 494 0155 07       		.uleb128 0x7
 495 0156 01       		.uleb128 0x1
 496 0157 50       		.byte	0x50
 497 0158 02       		.uleb128 0x2
 498 0159 91       		.byte	0x91
 499 015a 74       		.sleb128 -12
 500 015b 07       		.uleb128 0x7
 501 015c 01       		.uleb128 0x1
 502 015d 51       		.byte	0x51
 503 015e 01       		.uleb128 0x1
 504 015f 33       		.byte	0x33
 505 0160 07       		.uleb128 0x7
 506 0161 01       		.uleb128 0x1
 507 0162 52       		.byte	0x52
 508 0163 02       		.uleb128 0x2
 509 0164 91       		.byte	0x91
 510 0165 73       		.sleb128 -13
 511 0166 07       		.uleb128 0x7
 512 0167 01       		.uleb128 0x1
 513 0168 53       		.byte	0x53
 514 0169 01       		.uleb128 0x1
 515 016a 31       		.byte	0x31
 516 016b 00       		.byte	0
 517 016c 00       		.byte	0
 518 016d 0B       		.uleb128 0xb
 519 016e 81000000 		.4byte	0x81
 520 0172 7D010000 		.4byte	0x17d
 521 0176 0C       		.uleb128 0xc
 522 0177 B3000000 		.4byte	0xb3
 523 017b 02       		.byte	0x2
 524 017c 00       		.byte	0
 525 017d 08       		.uleb128 0x8
 526 017e 00000000 		.4byte	.LASF23
 527 0182 01       		.byte	0x1
 528 0183 30       		.byte	0x30
 529 0184 00000000 		.4byte	.LFB3
ARM GAS  C:\Users\annat\AppData\Local\Temp\ccVVDwUr.s 			page 12


 530 0188 36000000 		.4byte	.LFE3-.LFB3
 531 018c 01       		.uleb128 0x1
 532 018d 9C       		.byte	0x9c
 533 018e F6010000 		.4byte	0x1f6
 534 0192 09       		.uleb128 0x9
 535 0193 9E010000 		.4byte	.LASF24
 536 0197 01       		.byte	0x1
 537 0198 30       		.byte	0x30
 538 0199 8C000000 		.4byte	0x8c
 539 019d 21000000 		.4byte	.LLST1
 540 01a1 09       		.uleb128 0x9
 541 01a2 BD010000 		.4byte	.LASF25
 542 01a6 01       		.byte	0x1
 543 01a7 30       		.byte	0x30
 544 01a8 81000000 		.4byte	0x81
 545 01ac 42000000 		.4byte	.LLST2
 546 01b0 0A       		.uleb128 0xa
 547 01b1 BC020000 		.4byte	.LASF20
 548 01b5 01       		.byte	0x1
 549 01b6 36       		.byte	0x36
 550 01b7 F6010000 		.4byte	0x1f6
 551 01bb 02       		.uleb128 0x2
 552 01bc 91       		.byte	0x91
 553 01bd 6C       		.sleb128 -20
 554 01be 0A       		.uleb128 0xa
 555 01bf 99010000 		.4byte	.LASF26
 556 01c3 01       		.byte	0x1
 557 01c4 38       		.byte	0x38
 558 01c5 81000000 		.4byte	0x81
 559 01c9 02       		.uleb128 0x2
 560 01ca 91       		.byte	0x91
 561 01cb 6B       		.sleb128 -21
 562 01cc 0D       		.uleb128 0xd
 563 01cd 0C000000 		.4byte	.LVL6
 564 01d1 E3000000 		.4byte	0xe3
 565 01d5 06       		.uleb128 0x6
 566 01d6 32000000 		.4byte	.LVL7
 567 01da 7B030000 		.4byte	0x37b
 568 01de 07       		.uleb128 0x7
 569 01df 01       		.uleb128 0x1
 570 01e0 50       		.byte	0x50
 571 01e1 02       		.uleb128 0x2
 572 01e2 91       		.byte	0x91
 573 01e3 6C       		.sleb128 -20
 574 01e4 07       		.uleb128 0x7
 575 01e5 01       		.uleb128 0x1
 576 01e6 51       		.byte	0x51
 577 01e7 01       		.uleb128 0x1
 578 01e8 34       		.byte	0x34
 579 01e9 07       		.uleb128 0x7
 580 01ea 01       		.uleb128 0x1
 581 01eb 52       		.byte	0x52
 582 01ec 02       		.uleb128 0x2
 583 01ed 91       		.byte	0x91
 584 01ee 6B       		.sleb128 -21
 585 01ef 07       		.uleb128 0x7
 586 01f0 01       		.uleb128 0x1
ARM GAS  C:\Users\annat\AppData\Local\Temp\ccVVDwUr.s 			page 13


 587 01f1 53       		.byte	0x53
 588 01f2 01       		.uleb128 0x1
 589 01f3 30       		.byte	0x30
 590 01f4 00       		.byte	0
 591 01f5 00       		.byte	0
 592 01f6 0B       		.uleb128 0xb
 593 01f7 81000000 		.4byte	0x81
 594 01fb 06020000 		.4byte	0x206
 595 01ff 0C       		.uleb128 0xc
 596 0200 B3000000 		.4byte	0xb3
 597 0204 03       		.byte	0x3
 598 0205 00       		.byte	0
 599 0206 08       		.uleb128 0x8
 600 0207 52000000 		.4byte	.LASF27
 601 020b 01       		.byte	0x1
 602 020c 3F       		.byte	0x3f
 603 020d 00000000 		.4byte	.LFB4
 604 0211 24000000 		.4byte	.LFE4-.LFB4
 605 0215 01       		.uleb128 0x1
 606 0216 9C       		.byte	0x9c
 607 0217 74020000 		.4byte	0x274
 608 021b 09       		.uleb128 0x9
 609 021c 9E010000 		.4byte	.LASF24
 610 0220 01       		.byte	0x1
 611 0221 3F       		.byte	0x3f
 612 0222 8C000000 		.4byte	0x8c
 613 0226 63000000 		.4byte	.LLST3
 614 022a 09       		.uleb128 0x9
 615 022b 38020000 		.4byte	.LASF21
 616 022f 01       		.byte	0x1
 617 0230 3F       		.byte	0x3f
 618 0231 74020000 		.4byte	0x274
 619 0235 84000000 		.4byte	.LLST4
 620 0239 09       		.uleb128 0x9
 621 023a 21000000 		.4byte	.LASF28
 622 023e 01       		.byte	0x1
 623 023f 3F       		.byte	0x3f
 624 0240 81000000 		.4byte	0x81
 625 0244 B0000000 		.4byte	.LLST5
 626 0248 0A       		.uleb128 0xa
 627 0249 BC020000 		.4byte	.LASF20
 628 024d 01       		.byte	0x1
 629 024e 40       		.byte	0x40
 630 024f 6D010000 		.4byte	0x16d
 631 0253 02       		.uleb128 0x2
 632 0254 91       		.byte	0x91
 633 0255 74       		.sleb128 -12
 634 0256 06       		.uleb128 0x6
 635 0257 20000000 		.4byte	.LVL12
 636 025b 7B030000 		.4byte	0x37b
 637 025f 07       		.uleb128 0x7
 638 0260 01       		.uleb128 0x1
 639 0261 50       		.byte	0x50
 640 0262 02       		.uleb128 0x2
 641 0263 91       		.byte	0x91
 642 0264 74       		.sleb128 -12
 643 0265 07       		.uleb128 0x7
ARM GAS  C:\Users\annat\AppData\Local\Temp\ccVVDwUr.s 			page 14


 644 0266 01       		.uleb128 0x1
 645 0267 51       		.byte	0x51
 646 0268 02       		.uleb128 0x2
 647 0269 74       		.byte	0x74
 648 026a 00       		.sleb128 0
 649 026b 07       		.uleb128 0x7
 650 026c 01       		.uleb128 0x1
 651 026d 52       		.byte	0x52
 652 026e 03       		.uleb128 0x3
 653 026f F3       		.byte	0xf3
 654 0270 01       		.uleb128 0x1
 655 0271 51       		.byte	0x51
 656 0272 00       		.byte	0
 657 0273 00       		.byte	0
 658 0274 0E       		.uleb128 0xe
 659 0275 04       		.byte	0x4
 660 0276 81000000 		.4byte	0x81
 661 027a 08       		.uleb128 0x8
 662 027b 81020000 		.4byte	.LASF29
 663 027f 01       		.byte	0x1
 664 0280 47       		.byte	0x47
 665 0281 00000000 		.4byte	.LFB5
 666 0285 6C000000 		.4byte	.LFE5-.LFB5
 667 0289 01       		.uleb128 0x1
 668 028a 9C       		.byte	0x9c
 669 028b 1D030000 		.4byte	0x31d
 670 028f 09       		.uleb128 0x9
 671 0290 9E010000 		.4byte	.LASF24
 672 0294 01       		.byte	0x1
 673 0295 47       		.byte	0x47
 674 0296 8C000000 		.4byte	0x8c
 675 029a D1000000 		.4byte	.LLST6
 676 029e 09       		.uleb128 0x9
 677 029f 70000000 		.4byte	.LASF30
 678 02a3 01       		.byte	0x1
 679 02a4 47       		.byte	0x47
 680 02a5 74020000 		.4byte	0x274
 681 02a9 F2000000 		.4byte	.LLST7
 682 02ad 09       		.uleb128 0x9
 683 02ae 21000000 		.4byte	.LASF28
 684 02b2 01       		.byte	0x1
 685 02b3 47       		.byte	0x47
 686 02b4 81000000 		.4byte	0x81
 687 02b8 10010000 		.4byte	.LLST8
 688 02bc 0F       		.uleb128 0xf
 689 02bd 30030000 		.4byte	0x330
 690 02c1 31010000 		.4byte	.LLST9
 691 02c5 0A       		.uleb128 0xa
 692 02c6 C3020000 		.4byte	.LASF31
 693 02ca 01       		.byte	0x1
 694 02cb 49       		.byte	0x49
 695 02cc 1D030000 		.4byte	0x31d
 696 02d0 02       		.uleb128 0x2
 697 02d1 75       		.byte	0x75
 698 02d2 00       		.sleb128 0
 699 02d3 10       		.uleb128 0x10
 700 02d4 6900     		.ascii	"i\000"
ARM GAS  C:\Users\annat\AppData\Local\Temp\ccVVDwUr.s 			page 15


 701 02d6 01       		.byte	0x1
 702 02d7 4A       		.byte	0x4a
 703 02d8 81000000 		.4byte	0x81
 704 02dc 02       		.uleb128 0x2
 705 02dd 91       		.byte	0x91
 706 02de 67       		.sleb128 -25
 707 02df 0D       		.uleb128 0xd
 708 02e0 20000000 		.4byte	.LVL16
 709 02e4 E3000000 		.4byte	0xe3
 710 02e8 11       		.uleb128 0x11
 711 02e9 26000000 		.4byte	.LVL17
 712 02ed 86030000 		.4byte	0x386
 713 02f1 FB020000 		.4byte	0x2fb
 714 02f5 07       		.uleb128 0x7
 715 02f6 01       		.uleb128 0x1
 716 02f7 50       		.byte	0x50
 717 02f8 01       		.uleb128 0x1
 718 02f9 31       		.byte	0x31
 719 02fa 00       		.byte	0
 720 02fb 06       		.uleb128 0x6
 721 02fc 64000000 		.4byte	.LVL18
 722 0300 7B030000 		.4byte	0x37b
 723 0304 07       		.uleb128 0x7
 724 0305 01       		.uleb128 0x1
 725 0306 50       		.byte	0x50
 726 0307 02       		.uleb128 0x2
 727 0308 75       		.byte	0x75
 728 0309 00       		.sleb128 0
 729 030a 07       		.uleb128 0x7
 730 030b 01       		.uleb128 0x1
 731 030c 51       		.byte	0x51
 732 030d 02       		.uleb128 0x2
 733 030e 74       		.byte	0x74
 734 030f 03       		.sleb128 3
 735 0310 07       		.uleb128 0x7
 736 0311 01       		.uleb128 0x1
 737 0312 52       		.byte	0x52
 738 0313 02       		.uleb128 0x2
 739 0314 77       		.byte	0x77
 740 0315 17       		.sleb128 23
 741 0316 07       		.uleb128 0x7
 742 0317 01       		.uleb128 0x1
 743 0318 53       		.byte	0x53
 744 0319 01       		.uleb128 0x1
 745 031a 30       		.byte	0x30
 746 031b 00       		.byte	0
 747 031c 00       		.byte	0
 748 031d 0B       		.uleb128 0xb
 749 031e 81000000 		.4byte	0x81
 750 0322 30030000 		.4byte	0x330
 751 0326 12       		.uleb128 0x12
 752 0327 B3000000 		.4byte	0xb3
 753 032b BC020000 		.4byte	0x2bc
 754 032f 00       		.byte	0
 755 0330 13       		.uleb128 0x13
 756 0331 B3000000 		.4byte	0xb3
 757 0335 08       		.uleb128 0x8
ARM GAS  C:\Users\annat\AppData\Local\Temp\ccVVDwUr.s 			page 16


 758 0336 3F020000 		.4byte	.LASF32
 759 033a 01       		.byte	0x1
 760 033b 5C       		.byte	0x5c
 761 033c 00000000 		.4byte	.LFB6
 762 0340 0E000000 		.4byte	.LFE6-.LFB6
 763 0344 01       		.uleb128 0x1
 764 0345 9C       		.byte	0x9c
 765 0346 54030000 		.4byte	0x354
 766 034a 0D       		.uleb128 0xd
 767 034b 06000000 		.4byte	.LVL19
 768 034f BA000000 		.4byte	0xba
 769 0353 00       		.byte	0
 770 0354 14       		.uleb128 0x14
 771 0355 62000000 		.4byte	.LASF40
 772 0359 01       		.byte	0x1
 773 035a 0E       		.byte	0xe
 774 035b 81000000 		.4byte	0x81
 775 035f 05       		.uleb128 0x5
 776 0360 03       		.byte	0x3
 777 0361 00000000 		.4byte	eeprom_Status
 778 0365 15       		.uleb128 0x15
 779 0366 75000000 		.4byte	.LASF33
 780 036a 75000000 		.4byte	.LASF33
 781 036e 04       		.byte	0x4
 782 036f 3E       		.byte	0x3e
 783 0370 15       		.uleb128 0x15
 784 0371 D8010000 		.4byte	.LASF34
 785 0375 D8010000 		.4byte	.LASF34
 786 0379 04       		.byte	0x4
 787 037a 2E       		.byte	0x2e
 788 037b 15       		.uleb128 0x15
 789 037c 3B000000 		.4byte	.LASF35
 790 0380 3B000000 		.4byte	.LASF35
 791 0384 04       		.byte	0x4
 792 0385 5A       		.byte	0x5a
 793 0386 15       		.uleb128 0x15
 794 0387 F0010000 		.4byte	.LASF36
 795 038b F0010000 		.4byte	.LASF36
 796 038f 05       		.byte	0x5
 797 0390 77       		.byte	0x77
 798 0391 00       		.byte	0
 799              		.section	.debug_abbrev,"",%progbits
 800              	.Ldebug_abbrev0:
 801 0000 01       		.uleb128 0x1
 802 0001 11       		.uleb128 0x11
 803 0002 01       		.byte	0x1
 804 0003 25       		.uleb128 0x25
 805 0004 0E       		.uleb128 0xe
 806 0005 13       		.uleb128 0x13
 807 0006 0B       		.uleb128 0xb
 808 0007 03       		.uleb128 0x3
 809 0008 0E       		.uleb128 0xe
 810 0009 1B       		.uleb128 0x1b
 811 000a 0E       		.uleb128 0xe
 812 000b 55       		.uleb128 0x55
 813 000c 17       		.uleb128 0x17
 814 000d 11       		.uleb128 0x11
ARM GAS  C:\Users\annat\AppData\Local\Temp\ccVVDwUr.s 			page 17


 815 000e 01       		.uleb128 0x1
 816 000f 10       		.uleb128 0x10
 817 0010 17       		.uleb128 0x17
 818 0011 00       		.byte	0
 819 0012 00       		.byte	0
 820 0013 02       		.uleb128 0x2
 821 0014 24       		.uleb128 0x24
 822 0015 00       		.byte	0
 823 0016 0B       		.uleb128 0xb
 824 0017 0B       		.uleb128 0xb
 825 0018 3E       		.uleb128 0x3e
 826 0019 0B       		.uleb128 0xb
 827 001a 03       		.uleb128 0x3
 828 001b 0E       		.uleb128 0xe
 829 001c 00       		.byte	0
 830 001d 00       		.byte	0
 831 001e 03       		.uleb128 0x3
 832 001f 16       		.uleb128 0x16
 833 0020 00       		.byte	0
 834 0021 03       		.uleb128 0x3
 835 0022 0E       		.uleb128 0xe
 836 0023 3A       		.uleb128 0x3a
 837 0024 0B       		.uleb128 0xb
 838 0025 3B       		.uleb128 0x3b
 839 0026 0B       		.uleb128 0xb
 840 0027 49       		.uleb128 0x49
 841 0028 13       		.uleb128 0x13
 842 0029 00       		.byte	0
 843 002a 00       		.byte	0
 844 002b 04       		.uleb128 0x4
 845 002c 24       		.uleb128 0x24
 846 002d 00       		.byte	0
 847 002e 0B       		.uleb128 0xb
 848 002f 0B       		.uleb128 0xb
 849 0030 3E       		.uleb128 0x3e
 850 0031 0B       		.uleb128 0xb
 851 0032 03       		.uleb128 0x3
 852 0033 08       		.uleb128 0x8
 853 0034 00       		.byte	0
 854 0035 00       		.byte	0
 855 0036 05       		.uleb128 0x5
 856 0037 2E       		.uleb128 0x2e
 857 0038 01       		.byte	0x1
 858 0039 3F       		.uleb128 0x3f
 859 003a 19       		.uleb128 0x19
 860 003b 03       		.uleb128 0x3
 861 003c 0E       		.uleb128 0xe
 862 003d 3A       		.uleb128 0x3a
 863 003e 0B       		.uleb128 0xb
 864 003f 3B       		.uleb128 0x3b
 865 0040 0B       		.uleb128 0xb
 866 0041 27       		.uleb128 0x27
 867 0042 19       		.uleb128 0x19
 868 0043 49       		.uleb128 0x49
 869 0044 13       		.uleb128 0x13
 870 0045 11       		.uleb128 0x11
 871 0046 01       		.uleb128 0x1
ARM GAS  C:\Users\annat\AppData\Local\Temp\ccVVDwUr.s 			page 18


 872 0047 12       		.uleb128 0x12
 873 0048 06       		.uleb128 0x6
 874 0049 40       		.uleb128 0x40
 875 004a 18       		.uleb128 0x18
 876 004b 9742     		.uleb128 0x2117
 877 004d 19       		.uleb128 0x19
 878 004e 01       		.uleb128 0x1
 879 004f 13       		.uleb128 0x13
 880 0050 00       		.byte	0
 881 0051 00       		.byte	0
 882 0052 06       		.uleb128 0x6
 883 0053 898201   		.uleb128 0x4109
 884 0056 01       		.byte	0x1
 885 0057 11       		.uleb128 0x11
 886 0058 01       		.uleb128 0x1
 887 0059 31       		.uleb128 0x31
 888 005a 13       		.uleb128 0x13
 889 005b 00       		.byte	0
 890 005c 00       		.byte	0
 891 005d 07       		.uleb128 0x7
 892 005e 8A8201   		.uleb128 0x410a
 893 0061 00       		.byte	0
 894 0062 02       		.uleb128 0x2
 895 0063 18       		.uleb128 0x18
 896 0064 9142     		.uleb128 0x2111
 897 0066 18       		.uleb128 0x18
 898 0067 00       		.byte	0
 899 0068 00       		.byte	0
 900 0069 08       		.uleb128 0x8
 901 006a 2E       		.uleb128 0x2e
 902 006b 01       		.byte	0x1
 903 006c 3F       		.uleb128 0x3f
 904 006d 19       		.uleb128 0x19
 905 006e 03       		.uleb128 0x3
 906 006f 0E       		.uleb128 0xe
 907 0070 3A       		.uleb128 0x3a
 908 0071 0B       		.uleb128 0xb
 909 0072 3B       		.uleb128 0x3b
 910 0073 0B       		.uleb128 0xb
 911 0074 27       		.uleb128 0x27
 912 0075 19       		.uleb128 0x19
 913 0076 11       		.uleb128 0x11
 914 0077 01       		.uleb128 0x1
 915 0078 12       		.uleb128 0x12
 916 0079 06       		.uleb128 0x6
 917 007a 40       		.uleb128 0x40
 918 007b 18       		.uleb128 0x18
 919 007c 9742     		.uleb128 0x2117
 920 007e 19       		.uleb128 0x19
 921 007f 01       		.uleb128 0x1
 922 0080 13       		.uleb128 0x13
 923 0081 00       		.byte	0
 924 0082 00       		.byte	0
 925 0083 09       		.uleb128 0x9
 926 0084 05       		.uleb128 0x5
 927 0085 00       		.byte	0
 928 0086 03       		.uleb128 0x3
ARM GAS  C:\Users\annat\AppData\Local\Temp\ccVVDwUr.s 			page 19


 929 0087 0E       		.uleb128 0xe
 930 0088 3A       		.uleb128 0x3a
 931 0089 0B       		.uleb128 0xb
 932 008a 3B       		.uleb128 0x3b
 933 008b 0B       		.uleb128 0xb
 934 008c 49       		.uleb128 0x49
 935 008d 13       		.uleb128 0x13
 936 008e 02       		.uleb128 0x2
 937 008f 17       		.uleb128 0x17
 938 0090 00       		.byte	0
 939 0091 00       		.byte	0
 940 0092 0A       		.uleb128 0xa
 941 0093 34       		.uleb128 0x34
 942 0094 00       		.byte	0
 943 0095 03       		.uleb128 0x3
 944 0096 0E       		.uleb128 0xe
 945 0097 3A       		.uleb128 0x3a
 946 0098 0B       		.uleb128 0xb
 947 0099 3B       		.uleb128 0x3b
 948 009a 0B       		.uleb128 0xb
 949 009b 49       		.uleb128 0x49
 950 009c 13       		.uleb128 0x13
 951 009d 02       		.uleb128 0x2
 952 009e 18       		.uleb128 0x18
 953 009f 00       		.byte	0
 954 00a0 00       		.byte	0
 955 00a1 0B       		.uleb128 0xb
 956 00a2 01       		.uleb128 0x1
 957 00a3 01       		.byte	0x1
 958 00a4 49       		.uleb128 0x49
 959 00a5 13       		.uleb128 0x13
 960 00a6 01       		.uleb128 0x1
 961 00a7 13       		.uleb128 0x13
 962 00a8 00       		.byte	0
 963 00a9 00       		.byte	0
 964 00aa 0C       		.uleb128 0xc
 965 00ab 21       		.uleb128 0x21
 966 00ac 00       		.byte	0
 967 00ad 49       		.uleb128 0x49
 968 00ae 13       		.uleb128 0x13
 969 00af 2F       		.uleb128 0x2f
 970 00b0 0B       		.uleb128 0xb
 971 00b1 00       		.byte	0
 972 00b2 00       		.byte	0
 973 00b3 0D       		.uleb128 0xd
 974 00b4 898201   		.uleb128 0x4109
 975 00b7 00       		.byte	0
 976 00b8 11       		.uleb128 0x11
 977 00b9 01       		.uleb128 0x1
 978 00ba 31       		.uleb128 0x31
 979 00bb 13       		.uleb128 0x13
 980 00bc 00       		.byte	0
 981 00bd 00       		.byte	0
 982 00be 0E       		.uleb128 0xe
 983 00bf 0F       		.uleb128 0xf
 984 00c0 00       		.byte	0
 985 00c1 0B       		.uleb128 0xb
ARM GAS  C:\Users\annat\AppData\Local\Temp\ccVVDwUr.s 			page 20


 986 00c2 0B       		.uleb128 0xb
 987 00c3 49       		.uleb128 0x49
 988 00c4 13       		.uleb128 0x13
 989 00c5 00       		.byte	0
 990 00c6 00       		.byte	0
 991 00c7 0F       		.uleb128 0xf
 992 00c8 34       		.uleb128 0x34
 993 00c9 00       		.byte	0
 994 00ca 34       		.uleb128 0x34
 995 00cb 19       		.uleb128 0x19
 996 00cc 49       		.uleb128 0x49
 997 00cd 13       		.uleb128 0x13
 998 00ce 02       		.uleb128 0x2
 999 00cf 17       		.uleb128 0x17
 1000 00d0 00       		.byte	0
 1001 00d1 00       		.byte	0
 1002 00d2 10       		.uleb128 0x10
 1003 00d3 34       		.uleb128 0x34
 1004 00d4 00       		.byte	0
 1005 00d5 03       		.uleb128 0x3
 1006 00d6 08       		.uleb128 0x8
 1007 00d7 3A       		.uleb128 0x3a
 1008 00d8 0B       		.uleb128 0xb
 1009 00d9 3B       		.uleb128 0x3b
 1010 00da 0B       		.uleb128 0xb
 1011 00db 49       		.uleb128 0x49
 1012 00dc 13       		.uleb128 0x13
 1013 00dd 02       		.uleb128 0x2
 1014 00de 18       		.uleb128 0x18
 1015 00df 00       		.byte	0
 1016 00e0 00       		.byte	0
 1017 00e1 11       		.uleb128 0x11
 1018 00e2 898201   		.uleb128 0x4109
 1019 00e5 01       		.byte	0x1
 1020 00e6 11       		.uleb128 0x11
 1021 00e7 01       		.uleb128 0x1
 1022 00e8 31       		.uleb128 0x31
 1023 00e9 13       		.uleb128 0x13
 1024 00ea 01       		.uleb128 0x1
 1025 00eb 13       		.uleb128 0x13
 1026 00ec 00       		.byte	0
 1027 00ed 00       		.byte	0
 1028 00ee 12       		.uleb128 0x12
 1029 00ef 21       		.uleb128 0x21
 1030 00f0 00       		.byte	0
 1031 00f1 49       		.uleb128 0x49
 1032 00f2 13       		.uleb128 0x13
 1033 00f3 2F       		.uleb128 0x2f
 1034 00f4 13       		.uleb128 0x13
 1035 00f5 00       		.byte	0
 1036 00f6 00       		.byte	0
 1037 00f7 13       		.uleb128 0x13
 1038 00f8 26       		.uleb128 0x26
 1039 00f9 00       		.byte	0
 1040 00fa 49       		.uleb128 0x49
 1041 00fb 13       		.uleb128 0x13
 1042 00fc 00       		.byte	0
ARM GAS  C:\Users\annat\AppData\Local\Temp\ccVVDwUr.s 			page 21


 1043 00fd 00       		.byte	0
 1044 00fe 14       		.uleb128 0x14
 1045 00ff 34       		.uleb128 0x34
 1046 0100 00       		.byte	0
 1047 0101 03       		.uleb128 0x3
 1048 0102 0E       		.uleb128 0xe
 1049 0103 3A       		.uleb128 0x3a
 1050 0104 0B       		.uleb128 0xb
 1051 0105 3B       		.uleb128 0x3b
 1052 0106 0B       		.uleb128 0xb
 1053 0107 49       		.uleb128 0x49
 1054 0108 13       		.uleb128 0x13
 1055 0109 3F       		.uleb128 0x3f
 1056 010a 19       		.uleb128 0x19
 1057 010b 02       		.uleb128 0x2
 1058 010c 18       		.uleb128 0x18
 1059 010d 00       		.byte	0
 1060 010e 00       		.byte	0
 1061 010f 15       		.uleb128 0x15
 1062 0110 2E       		.uleb128 0x2e
 1063 0111 00       		.byte	0
 1064 0112 3F       		.uleb128 0x3f
 1065 0113 19       		.uleb128 0x19
 1066 0114 3C       		.uleb128 0x3c
 1067 0115 19       		.uleb128 0x19
 1068 0116 6E       		.uleb128 0x6e
 1069 0117 0E       		.uleb128 0xe
 1070 0118 03       		.uleb128 0x3
 1071 0119 0E       		.uleb128 0xe
 1072 011a 3A       		.uleb128 0x3a
 1073 011b 0B       		.uleb128 0xb
 1074 011c 3B       		.uleb128 0x3b
 1075 011d 0B       		.uleb128 0xb
 1076 011e 00       		.byte	0
 1077 011f 00       		.byte	0
 1078 0120 00       		.byte	0
 1079              		.section	.debug_loc,"",%progbits
 1080              	.Ldebug_loc0:
 1081              	.LLST0:
 1082 0000 00000000 		.4byte	.LVL2
 1083 0004 20000000 		.4byte	.LVL3
 1084 0008 0100     		.2byte	0x1
 1085 000a 50       		.byte	0x50
 1086 000b 20000000 		.4byte	.LVL3
 1087 000f 2E000000 		.4byte	.LFE2
 1088 0013 0400     		.2byte	0x4
 1089 0015 F3       		.byte	0xf3
 1090 0016 01       		.uleb128 0x1
 1091 0017 50       		.byte	0x50
 1092 0018 9F       		.byte	0x9f
 1093 0019 00000000 		.4byte	0
 1094 001d 00000000 		.4byte	0
 1095              	.LLST1:
 1096 0021 00000000 		.4byte	.LVL5
 1097 0025 0B000000 		.4byte	.LVL6-1
 1098 0029 0100     		.2byte	0x1
 1099 002b 50       		.byte	0x50
ARM GAS  C:\Users\annat\AppData\Local\Temp\ccVVDwUr.s 			page 22


 1100 002c 0B000000 		.4byte	.LVL6-1
 1101 0030 36000000 		.4byte	.LFE3
 1102 0034 0400     		.2byte	0x4
 1103 0036 F3       		.byte	0xf3
 1104 0037 01       		.uleb128 0x1
 1105 0038 50       		.byte	0x50
 1106 0039 9F       		.byte	0x9f
 1107 003a 00000000 		.4byte	0
 1108 003e 00000000 		.4byte	0
 1109              	.LLST2:
 1110 0042 00000000 		.4byte	.LVL5
 1111 0046 0B000000 		.4byte	.LVL6-1
 1112 004a 0100     		.2byte	0x1
 1113 004c 51       		.byte	0x51
 1114 004d 0B000000 		.4byte	.LVL6-1
 1115 0051 36000000 		.4byte	.LFE3
 1116 0055 0400     		.2byte	0x4
 1117 0057 F3       		.byte	0xf3
 1118 0058 01       		.uleb128 0x1
 1119 0059 51       		.byte	0x51
 1120 005a 9F       		.byte	0x9f
 1121 005b 00000000 		.4byte	0
 1122 005f 00000000 		.4byte	0
 1123              	.LLST3:
 1124 0063 00000000 		.4byte	.LVL8
 1125 0067 1C000000 		.4byte	.LVL11
 1126 006b 0100     		.2byte	0x1
 1127 006d 50       		.byte	0x50
 1128 006e 1C000000 		.4byte	.LVL11
 1129 0072 24000000 		.4byte	.LFE4
 1130 0076 0400     		.2byte	0x4
 1131 0078 F3       		.byte	0xf3
 1132 0079 01       		.uleb128 0x1
 1133 007a 50       		.byte	0x50
 1134 007b 9F       		.byte	0x9f
 1135 007c 00000000 		.4byte	0
 1136 0080 00000000 		.4byte	0
 1137              	.LLST4:
 1138 0084 00000000 		.4byte	.LVL8
 1139 0088 1A000000 		.4byte	.LVL10
 1140 008c 0100     		.2byte	0x1
 1141 008e 51       		.byte	0x51
 1142 008f 1A000000 		.4byte	.LVL10
 1143 0093 1F000000 		.4byte	.LVL12-1
 1144 0097 0100     		.2byte	0x1
 1145 0099 52       		.byte	0x52
 1146 009a 1F000000 		.4byte	.LVL12-1
 1147 009e 24000000 		.4byte	.LFE4
 1148 00a2 0400     		.2byte	0x4
 1149 00a4 F3       		.byte	0xf3
 1150 00a5 01       		.uleb128 0x1
 1151 00a6 51       		.byte	0x51
 1152 00a7 9F       		.byte	0x9f
 1153 00a8 00000000 		.4byte	0
 1154 00ac 00000000 		.4byte	0
 1155              	.LLST5:
 1156 00b0 00000000 		.4byte	.LVL8
ARM GAS  C:\Users\annat\AppData\Local\Temp\ccVVDwUr.s 			page 23


 1157 00b4 18000000 		.4byte	.LVL9
 1158 00b8 0100     		.2byte	0x1
 1159 00ba 52       		.byte	0x52
 1160 00bb 18000000 		.4byte	.LVL9
 1161 00bf 24000000 		.4byte	.LFE4
 1162 00c3 0400     		.2byte	0x4
 1163 00c5 F3       		.byte	0xf3
 1164 00c6 01       		.uleb128 0x1
 1165 00c7 52       		.byte	0x52
 1166 00c8 9F       		.byte	0x9f
 1167 00c9 00000000 		.4byte	0
 1168 00cd 00000000 		.4byte	0
 1169              	.LLST6:
 1170 00d1 00000000 		.4byte	.LVL13
 1171 00d5 1F000000 		.4byte	.LVL16-1
 1172 00d9 0100     		.2byte	0x1
 1173 00db 50       		.byte	0x50
 1174 00dc 1F000000 		.4byte	.LVL16-1
 1175 00e0 6C000000 		.4byte	.LFE5
 1176 00e4 0400     		.2byte	0x4
 1177 00e6 F3       		.byte	0xf3
 1178 00e7 01       		.uleb128 0x1
 1179 00e8 50       		.byte	0x50
 1180 00e9 9F       		.byte	0x9f
 1181 00ea 00000000 		.4byte	0
 1182 00ee 00000000 		.4byte	0
 1183              	.LLST7:
 1184 00f2 00000000 		.4byte	.LVL13
 1185 00f6 1F000000 		.4byte	.LVL16-1
 1186 00fa 0100     		.2byte	0x1
 1187 00fc 51       		.byte	0x51
 1188 00fd 1F000000 		.4byte	.LVL16-1
 1189 0101 6C000000 		.4byte	.LFE5
 1190 0105 0100     		.2byte	0x1
 1191 0107 56       		.byte	0x56
 1192 0108 00000000 		.4byte	0
 1193 010c 00000000 		.4byte	0
 1194              	.LLST8:
 1195 0110 00000000 		.4byte	.LVL13
 1196 0114 1F000000 		.4byte	.LVL16-1
 1197 0118 0100     		.2byte	0x1
 1198 011a 52       		.byte	0x52
 1199 011b 1F000000 		.4byte	.LVL16-1
 1200 011f 6C000000 		.4byte	.LFE5
 1201 0123 0400     		.2byte	0x4
 1202 0125 F3       		.byte	0xf3
 1203 0126 01       		.uleb128 0x1
 1204 0127 52       		.byte	0x52
 1205 0128 9F       		.byte	0x9f
 1206 0129 00000000 		.4byte	0
 1207 012d 00000000 		.4byte	0
 1208              	.LLST9:
 1209 0131 0E000000 		.4byte	.LVL14
 1210 0135 1F000000 		.4byte	.LVL16-1
 1211 0139 0800     		.2byte	0x8
 1212 013b 72       		.byte	0x72
 1213 013c 00       		.sleb128 0
ARM GAS  C:\Users\annat\AppData\Local\Temp\ccVVDwUr.s 			page 24


 1214 013d 08       		.byte	0x8
 1215 013e FF       		.byte	0xff
 1216 013f 1A       		.byte	0x1a
 1217 0140 23       		.byte	0x23
 1218 0141 02       		.uleb128 0x2
 1219 0142 9F       		.byte	0x9f
 1220 0143 1F000000 		.4byte	.LVL16-1
 1221 0147 6C000000 		.4byte	.LFE5
 1222 014b 0900     		.2byte	0x9
 1223 014d F3       		.byte	0xf3
 1224 014e 01       		.uleb128 0x1
 1225 014f 52       		.byte	0x52
 1226 0150 08       		.byte	0x8
 1227 0151 FF       		.byte	0xff
 1228 0152 1A       		.byte	0x1a
 1229 0153 23       		.byte	0x23
 1230 0154 02       		.uleb128 0x2
 1231 0155 9F       		.byte	0x9f
 1232 0156 00000000 		.4byte	0
 1233 015a 00000000 		.4byte	0
 1234              		.section	.debug_aranges,"",%progbits
 1235 0000 4C000000 		.4byte	0x4c
 1236 0004 0200     		.2byte	0x2
 1237 0006 00000000 		.4byte	.Ldebug_info0
 1238 000a 04       		.byte	0x4
 1239 000b 00       		.byte	0
 1240 000c 0000     		.2byte	0
 1241 000e 0000     		.2byte	0
 1242 0010 00000000 		.4byte	.LFB0
 1243 0014 0A000000 		.4byte	.LFE0-.LFB0
 1244 0018 00000000 		.4byte	.LFB1
 1245 001c 0A000000 		.4byte	.LFE1-.LFB1
 1246 0020 00000000 		.4byte	.LFB2
 1247 0024 2E000000 		.4byte	.LFE2-.LFB2
 1248 0028 00000000 		.4byte	.LFB3
 1249 002c 36000000 		.4byte	.LFE3-.LFB3
 1250 0030 00000000 		.4byte	.LFB4
 1251 0034 24000000 		.4byte	.LFE4-.LFB4
 1252 0038 00000000 		.4byte	.LFB5
 1253 003c 6C000000 		.4byte	.LFE5-.LFB5
 1254 0040 00000000 		.4byte	.LFB6
 1255 0044 0E000000 		.4byte	.LFE6-.LFB6
 1256 0048 00000000 		.4byte	0
 1257 004c 00000000 		.4byte	0
 1258              		.section	.debug_ranges,"",%progbits
 1259              	.Ldebug_ranges0:
 1260 0000 00000000 		.4byte	.LFB0
 1261 0004 0A000000 		.4byte	.LFE0
 1262 0008 00000000 		.4byte	.LFB1
 1263 000c 0A000000 		.4byte	.LFE1
 1264 0010 00000000 		.4byte	.LFB2
 1265 0014 2E000000 		.4byte	.LFE2
 1266 0018 00000000 		.4byte	.LFB3
 1267 001c 36000000 		.4byte	.LFE3
 1268 0020 00000000 		.4byte	.LFB4
 1269 0024 24000000 		.4byte	.LFE4
 1270 0028 00000000 		.4byte	.LFB5
ARM GAS  C:\Users\annat\AppData\Local\Temp\ccVVDwUr.s 			page 25


 1271 002c 6C000000 		.4byte	.LFE5
 1272 0030 00000000 		.4byte	.LFB6
 1273 0034 0E000000 		.4byte	.LFE6
 1274 0038 00000000 		.4byte	0
 1275 003c 00000000 		.4byte	0
 1276              		.section	.debug_line,"",%progbits
 1277              	.Ldebug_line0:
 1278 0000 F3010000 		.section	.debug_str,"MS",%progbits,1
 1278      02005201 
 1278      00000201 
 1278      FB0E0D00 
 1278      01010101 
 1279              	.LASF23:
 1280 0000 45455052 		.ascii	"EEPROM_writeByte\000"
 1280      4F4D5F77 
 1280      72697465 
 1280      42797465 
 1280      00
 1281              	.LASF3:
 1282 0011 5F5F7569 		.ascii	"__uint8_t\000"
 1282      6E74385F 
 1282      7400
 1283              	.LASF13:
 1284 001b 666C6F61 		.ascii	"float\000"
 1284      7400
 1285              	.LASF28:
 1286 0021 6E427974 		.ascii	"nBytes\000"
 1286      657300
 1287              	.LASF5:
 1288 0028 73686F72 		.ascii	"short unsigned int\000"
 1288      7420756E 
 1288      7369676E 
 1288      65642069 
 1288      6E7400
 1289              	.LASF35:
 1290 003b 5350495F 		.ascii	"SPI_Interface_Multi_RW\000"
 1290      496E7465 
 1290      72666163 
 1290      655F4D75 
 1290      6C74695F 
 1291              	.LASF27:
 1292 0052 45455052 		.ascii	"EEPROM_readPage\000"
 1292      4F4D5F72 
 1292      65616450 
 1292      61676500 
 1293              	.LASF40:
 1294 0062 65657072 		.ascii	"eeprom_Status\000"
 1294      6F6D5F53 
 1294      74617475 
 1294      7300
 1295              	.LASF30:
 1296 0070 64617461 		.ascii	"data\000"
 1296      00
 1297              	.LASF33:
 1298 0075 5350495F 		.ascii	"SPI_Interface_ReadByte\000"
 1298      496E7465 
 1298      72666163 
ARM GAS  C:\Users\annat\AppData\Local\Temp\ccVVDwUr.s 			page 26


 1298      655F5265 
 1298      61644279 
 1299              	.LASF1:
 1300 008c 756E7369 		.ascii	"unsigned char\000"
 1300      676E6564 
 1300      20636861 
 1300      7200
 1301              	.LASF37:
 1302 009a 474E5520 		.ascii	"GNU C11 5.4.1 20160609 (release) [ARM/embedded-5-br"
 1302      43313120 
 1302      352E342E 
 1302      31203230 
 1302      31363036 
 1303 00cd 616E6368 		.ascii	"anch revision 237715] -mcpu=cortex-m3 -mthumb -g -O"
 1303      20726576 
 1303      6973696F 
 1303      6E203233 
 1303      37373135 
 1304 0100 67202D66 		.ascii	"g -ffunction-sections -ffat-lto-objects\000"
 1304      66756E63 
 1304      74696F6E 
 1304      2D736563 
 1304      74696F6E 
 1305              	.LASF39:
 1306 0128 433A5C55 		.ascii	"C:\\Users\\annat\\OneDrive\\Desktop\\Group_01_Final"
 1306      73657273 
 1306      5C616E6E 
 1306      61745C4F 
 1306      6E654472 
 1307 0156 50726F6A 		.ascii	"Project\\Group_01_FinalProject\\FinalProject.cydsn\000"
 1307      6563745C 
 1307      47726F75 
 1307      705F3031 
 1307      5F46696E 
 1308              	.LASF7:
 1309 0187 6C6F6E67 		.ascii	"long unsigned int\000"
 1309      20756E73 
 1309      69676E65 
 1309      6420696E 
 1309      7400
 1310              	.LASF26:
 1311 0199 74656D70 		.ascii	"temp\000"
 1311      00
 1312              	.LASF24:
 1313 019e 61646472 		.ascii	"addr\000"
 1313      00
 1314              	.LASF19:
 1315 01a3 45455052 		.ascii	"EEPROM_readByte\000"
 1315      4F4D5F72 
 1315      65616442 
 1315      79746500 
 1316              	.LASF38:
 1317 01b3 32354C43 		.ascii	"25LC256.c\000"
 1317      3235362E 
 1317      6300
 1318              	.LASF25:
 1319 01bd 64617461 		.ascii	"dataByte\000"
ARM GAS  C:\Users\annat\AppData\Local\Temp\ccVVDwUr.s 			page 27


 1319      42797465 
 1319      00
 1320              	.LASF4:
 1321 01c6 5F5F7569 		.ascii	"__uint16_t\000"
 1321      6E743136 
 1321      5F7400
 1322              	.LASF14:
 1323 01d1 646F7562 		.ascii	"double\000"
 1323      6C6500
 1324              	.LASF34:
 1325 01d8 5350495F 		.ascii	"SPI_Interface_tradeByte\000"
 1325      496E7465 
 1325      72666163 
 1325      655F7472 
 1325      61646542 
 1326              	.LASF36:
 1327 01f0 43794465 		.ascii	"CyDelayUs\000"
 1327      6C617955 
 1327      7300
 1328              	.LASF18:
 1329 01fa 45455052 		.ascii	"EEPROM_readStatus\000"
 1329      4F4D5F72 
 1329      65616453 
 1329      74617475 
 1329      7300
 1330              	.LASF10:
 1331 020c 756E7369 		.ascii	"unsigned int\000"
 1331      676E6564 
 1331      20696E74 
 1331      00
 1332              	.LASF9:
 1333 0219 6C6F6E67 		.ascii	"long long unsigned int\000"
 1333      206C6F6E 
 1333      6720756E 
 1333      7369676E 
 1333      65642069 
 1334              	.LASF11:
 1335 0230 75696E74 		.ascii	"uint8_t\000"
 1335      385F7400 
 1336              	.LASF21:
 1337 0238 64617461 		.ascii	"dataRX\000"
 1337      525800
 1338              	.LASF32:
 1339 023f 45455052 		.ascii	"EEPROM_waitForWriteComplete\000"
 1339      4F4D5F77 
 1339      61697446 
 1339      6F725772 
 1339      69746543 
 1340              	.LASF17:
 1341 025b 73697A65 		.ascii	"sizetype\000"
 1341      74797065 
 1341      00
 1342              	.LASF8:
 1343 0264 6C6F6E67 		.ascii	"long long int\000"
 1343      206C6F6E 
 1343      6720696E 
 1343      7400
ARM GAS  C:\Users\annat\AppData\Local\Temp\ccVVDwUr.s 			page 28


 1344              	.LASF15:
 1345 0272 63686172 		.ascii	"char\000"
 1345      00
 1346              	.LASF2:
 1347 0277 73686F72 		.ascii	"short int\000"
 1347      7420696E 
 1347      7400
 1348              	.LASF29:
 1349 0281 45455052 		.ascii	"EEPROM_writePage\000"
 1349      4F4D5F77 
 1349      72697465 
 1349      50616765 
 1349      00
 1350              	.LASF12:
 1351 0292 75696E74 		.ascii	"uint16_t\000"
 1351      31365F74 
 1351      00
 1352              	.LASF6:
 1353 029b 6C6F6E67 		.ascii	"long int\000"
 1353      20696E74 
 1353      00
 1354              	.LASF16:
 1355 02a4 6C6F6E67 		.ascii	"long double\000"
 1355      20646F75 
 1355      626C6500 
 1356              	.LASF0:
 1357 02b0 7369676E 		.ascii	"signed char\000"
 1357      65642063 
 1357      68617200 
 1358              	.LASF20:
 1359 02bc 64617461 		.ascii	"dataTX\000"
 1359      545800
 1360              	.LASF31:
 1361 02c3 64617461 		.ascii	"data_TX\000"
 1361      5F545800 
 1362              	.LASF22:
 1363 02cb 45455052 		.ascii	"EEPROM_writeEnable\000"
 1363      4F4D5F77 
 1363      72697465 
 1363      456E6162 
 1363      6C6500
 1364              		.ident	"GCC: (GNU Tools for ARM Embedded Processors) 5.4.1 20160609 (release) [ARM/embedded-5-bran
