ARM GAS  C:\Users\Vanessa Aloia.Vanessa\AppData\Local\Temp\ccPBps7t.s 			page 1


   1              		.syntax unified
   2              		.cpu cortex-m3
   3              		.fpu softvfp
   4              		.eabi_attribute 20, 1
   5              		.eabi_attribute 21, 1
   6              		.eabi_attribute 23, 3
   7              		.eabi_attribute 24, 1
   8              		.eabi_attribute 25, 1
   9              		.eabi_attribute 26, 1
  10              		.eabi_attribute 30, 1
  11              		.eabi_attribute 34, 1
  12              		.eabi_attribute 18, 4
  13              		.thumb
  14              		.syntax unified
  15              		.file	"ConfigurationMenu.c"
  16              		.text
  17              	.Ltext0:
  18              		.cfi_sections	.debug_frame
  19              		.section	.text.Menu_edge,"ax",%progbits
  20              		.align	2
  21              		.global	Menu_edge
  22              		.thumb
  23              		.thumb_func
  24              		.type	Menu_edge, %function
  25              	Menu_edge:
  26              	.LFB68:
  27              		.file 1 "ConfigurationMenu.c"
   1:ConfigurationMenu.c **** /* ========================================
   2:ConfigurationMenu.c ****  *
   3:ConfigurationMenu.c ****  * Copyright YOUR COMPANY, THE YEAR
   4:ConfigurationMenu.c ****  * All Rights Reserved
   5:ConfigurationMenu.c ****  * UNPUBLISHED, LICENSED SOFTWARE.
   6:ConfigurationMenu.c ****  *
   7:ConfigurationMenu.c ****  * CONFIDENTIAL AND PROPRIETARY INFORMATION
   8:ConfigurationMenu.c ****  * WHICH IS THE PROPERTY OF your company.
   9:ConfigurationMenu.c ****  *
  10:ConfigurationMenu.c ****  * ========================================
  11:ConfigurationMenu.c **** */
  12:ConfigurationMenu.c **** #include "ConfigurationMenu.h"
  13:ConfigurationMenu.c **** #include "OptionsToBeDisplayed.h"
  14:ConfigurationMenu.c **** 
  15:ConfigurationMenu.c **** 
  16:ConfigurationMenu.c **** char message [LENGTH_MEX];
  17:ConfigurationMenu.c **** 
  18:ConfigurationMenu.c **** 
  19:ConfigurationMenu.c ****  
  20:ConfigurationMenu.c **** 
  21:ConfigurationMenu.c **** /* Menu displayed to the user while the system is running. Actual configuration of the acceleromete
  22:ConfigurationMenu.c **** * \and temperature sensor are shown. Keyboard commands to change settings for the acquisition,
  23:ConfigurationMenu.c **** * \to visualize data or to stop the visualization of data are indicated
  24:ConfigurationMenu.c **** */
  25:ConfigurationMenu.c **** 
  26:ConfigurationMenu.c **** void While_Working_Menu(void)
  27:ConfigurationMenu.c **** {   
  28:ConfigurationMenu.c ****     
  29:ConfigurationMenu.c ****     Menu_edge();
  30:ConfigurationMenu.c ****     /* !!DATA TO BE INSERTED */
ARM GAS  C:\Users\Vanessa Aloia.Vanessa\AppData\Local\Temp\ccPBps7t.s 			page 2


  31:ConfigurationMenu.c ****     
  32:ConfigurationMenu.c ****     /* if the system is acquiring data */
  33:ConfigurationMenu.c ****     if(1/* the flag start/stop is in start*/) 
  34:ConfigurationMenu.c ****     {
  35:ConfigurationMenu.c ****         sprintf(message, "Ongoing data acquisition... \r\n\n");
  36:ConfigurationMenu.c ****         UART_PutString(message);
  37:ConfigurationMenu.c ****     }
  38:ConfigurationMenu.c ****     /* if the acquisition has been stopped */
  39:ConfigurationMenu.c ****     else 
  40:ConfigurationMenu.c ****     {
  41:ConfigurationMenu.c ****         sprintf(message, "Data acquisition stopped \r\n\n");
  42:ConfigurationMenu.c ****         UART_PutString(message);
  43:ConfigurationMenu.c ****     }
  44:ConfigurationMenu.c ****         
  45:ConfigurationMenu.c ****     /* !!DATA TO BE INSERTED */ 
  46:ConfigurationMenu.c ****     
  47:ConfigurationMenu.c ****     /* Accelerometer acquisition configuration displayed */
  48:ConfigurationMenu.c ****     sprintf(message, "Current accelerometer acquisition configuration:\r\nFull scale range: %d\r\nS
  49:ConfigurationMenu.c ****     UART_PutString(message);
  50:ConfigurationMenu.c ****     
  51:ConfigurationMenu.c ****     /* !!DATA TO BE INSERTED */ 
  52:ConfigurationMenu.c ****     
  53:ConfigurationMenu.c ****     /* Temperature sensor acquisition configuration displayed */
  54:ConfigurationMenu.c ****     sprintf(message, "Temperature sensor data format:\r\n%s\r\n\n", (1==1)? "Fahrenheit" : "Celsius
  55:ConfigurationMenu.c ****     UART_PutString(message);
  56:ConfigurationMenu.c ****     
  57:ConfigurationMenu.c ****     /* Keyboard commands to change configuation and to handle data visualization */
  58:ConfigurationMenu.c ****     sprintf(message, "Press '?' to change the configuration settings for data acquisition\r\nPress 
  59:ConfigurationMenu.c ****     UART_PutString(message);
  60:ConfigurationMenu.c ****     
  61:ConfigurationMenu.c ****     Menu_edge();
  62:ConfigurationMenu.c **** }
  63:ConfigurationMenu.c **** 
  64:ConfigurationMenu.c **** /* when the user presses 'v' this message is displayed to inform to switch to Bridge control panel 
  65:ConfigurationMenu.c **** void Switch_to_BridgeControlPanel(void)
  66:ConfigurationMenu.c **** {
  67:ConfigurationMenu.c ****     Menu_edge();
  68:ConfigurationMenu.c ****     /* !! DATA TO BE INSERTED */
  69:ConfigurationMenu.c ****     sprintf(message, "Data will be displayed in %d seconds. Open Bridge Control Panel\n\n",1);
  70:ConfigurationMenu.c ****     UART_PutString(message);
  71:ConfigurationMenu.c ****     Menu_edge();
  72:ConfigurationMenu.c **** }
  73:ConfigurationMenu.c **** 
  74:ConfigurationMenu.c **** /* Function that displays the correct table depending on which parameter the user wants to change.
  75:ConfigurationMenu.c **** * \This information is contained in option_table global variable The first time that the function i
  76:ConfigurationMenu.c **** * \the array set_of tables is initialized.
  77:ConfigurationMenu.c **** * \ set_of_tables[0] contains the struct with the information to display related with the accelerom
  78:ConfigurationMenu.c **** * \ set_of tables[1] contains the struct with the information to display reòated with the accelero
  79:ConfigurationMenu.c **** * \ set_of tables[2] contains the struct with the information to display related with the unit of m
  80:ConfigurationMenu.c **** * \ A pointer is defined and associanted with the first cell memory of the variable header1 of the 
  81:ConfigurationMenu.c **** * \ The elements of the struct are printed though a foor loop using the pointer.
  82:ConfigurationMenu.c **** */
  83:ConfigurationMenu.c **** 
  84:ConfigurationMenu.c **** void Show_table(char index_table) 
  85:ConfigurationMenu.c **** {   
  86:ConfigurationMenu.c ****     
  87:ConfigurationMenu.c ****     uint8_t i;
ARM GAS  C:\Users\Vanessa Aloia.Vanessa\AppData\Local\Temp\ccPBps7t.s 			page 3


  88:ConfigurationMenu.c ****     uint8_t start;
  89:ConfigurationMenu.c ****     uint8_t stop;
  90:ConfigurationMenu.c ****     
  91:ConfigurationMenu.c ****     /* global variable "initialized" is set in main.c to 0. The first time that the function is cal
  92:ConfigurationMenu.c ****     * / is initialized and the variable "initialized" is set to 1
  93:ConfigurationMenu.c ****     */
  94:ConfigurationMenu.c ****     if( !initialized) {
  95:ConfigurationMenu.c ****         set_of_tables[0]= FSR;
  96:ConfigurationMenu.c ****         set_of_tables[1]= SampFreq;
  97:ConfigurationMenu.c ****         set_of_tables[2]= TempFormat;
  98:ConfigurationMenu.c ****         initialized=1;
  99:ConfigurationMenu.c ****     }
 100:ConfigurationMenu.c ****     /* pointer variable "index" points the memory cell of the first element of the struct related w
 101:ConfigurationMenu.c ****     char *index= (set_of_tables[0].header1);
 102:ConfigurationMenu.c ****     
 103:ConfigurationMenu.c ****     
 104:ConfigurationMenu.c ****     /* start variable is used in the for loop to define the initial memory cell pointed. 
 105:ConfigurationMenu.c ****     * \ header1 and header2 are printed before to enter in the for loop. The first cell to point is
 106:ConfigurationMenu.c ****     * \pointed by index
 107:ConfigurationMenu.c ****     */
 108:ConfigurationMenu.c ****     
 109:ConfigurationMenu.c ****     start= 2* WORD_SIZE;
 110:ConfigurationMenu.c ****     
 111:ConfigurationMenu.c ****     /* stop variable is used in the for loop to define the last memory cell pointed in the last cyc
 112:ConfigurationMenu.c ****     * \ if the paramter to change is the temperature data format just to options have to be display
 113:ConfigurationMenu.c ****     * \ So, in this case the last cell to be pointed is after 1+WORD_SIZE (key1 size+ option1 size)
 114:ConfigurationMenu.c ****     * \ In the other cases, the table is composed by 4 options so the last cell memory to be pointe
 115:ConfigurationMenu.c ****     */
 116:ConfigurationMenu.c ****     stop= (option_table == TEMP)? (start +(1+ WORD_SIZE +1)): (start + (1+WORD_SIZE)*3+1);
 117:ConfigurationMenu.c ****     Menu_edge();
 118:ConfigurationMenu.c ****     
 119:ConfigurationMenu.c ****     
 120:ConfigurationMenu.c ****     /* header1 and header2 of the correct table sent through UART */
 121:ConfigurationMenu.c ****     sprintf(message,"   %s | %s\r\n", index, index+WORD_SIZE);
 122:ConfigurationMenu.c ****     UART_PutString(message);
 123:ConfigurationMenu.c ****     
 124:ConfigurationMenu.c ****     /* in each cycle a row is printed (n-key = character) +( n-option = string) */
 125:ConfigurationMenu.c ****     for (i=start; i<stop; i+= (1+ WORD_SIZE))
 126:ConfigurationMenu.c ****     {
 127:ConfigurationMenu.c ****         sprintf(message, "       %c     |   %s\r\n", *(index+i) , index+i+1);
 128:ConfigurationMenu.c ****         UART_PutString( message);
 129:ConfigurationMenu.c ****     }  
 130:ConfigurationMenu.c ****     Menu_edge();
 131:ConfigurationMenu.c **** }
 132:ConfigurationMenu.c **** void Keys_menu (void) 
 133:ConfigurationMenu.c **** {
 134:ConfigurationMenu.c ****     Menu_edge();
 135:ConfigurationMenu.c ****     sprintf(message, "Press 'b' to start data acquisition and storage\r\n\n");
 136:ConfigurationMenu.c ****     UART_PutString(message);
 137:ConfigurationMenu.c ****     
 138:ConfigurationMenu.c ****     sprintf(message, "Press 's' to stop data acquisition and storage\r\n\n");
 139:ConfigurationMenu.c ****     UART_PutString(message);
 140:ConfigurationMenu.c ****     
 141:ConfigurationMenu.c ****     sprintf(message, "Press 'f' to change the accelerometer full scale range.Previous stored data w
 142:ConfigurationMenu.c ****     UART_PutString(message);
 143:ConfigurationMenu.c ****     
 144:ConfigurationMenu.c ****     sprintf(message, "Press 'p' to change the accelerometer sampling frequency.Previous data will b
ARM GAS  C:\Users\Vanessa Aloia.Vanessa\AppData\Local\Temp\ccPBps7t.s 			page 4


 145:ConfigurationMenu.c ****     UART_PutString(message);
 146:ConfigurationMenu.c ****     
 147:ConfigurationMenu.c ****     sprintf(message, "Press 't' to change the temperature data format\r\n\n");
 148:ConfigurationMenu.c ****     UART_PutString(message);
 149:ConfigurationMenu.c ****     
 150:ConfigurationMenu.c ****     sprintf(message, "Press 'q' to quit the menu\r\n\n");
 151:ConfigurationMenu.c ****     UART_PutString(message);
 152:ConfigurationMenu.c ****     Menu_edge();
 153:ConfigurationMenu.c **** }
 154:ConfigurationMenu.c **** 
 155:ConfigurationMenu.c **** void Menu_edge(void)
 156:ConfigurationMenu.c **** {
  28              		.loc 1 156 0
  29              		.cfi_startproc
  30              		@ args = 0, pretend = 0, frame = 0
  31              		@ frame_needed = 0, uses_anonymous_args = 0
  32 0000 F8B5     		push	{r3, r4, r5, r6, r7, lr}
  33              		.cfi_def_cfa_offset 24
  34              		.cfi_offset 3, -24
  35              		.cfi_offset 4, -20
  36              		.cfi_offset 5, -16
  37              		.cfi_offset 6, -12
  38              		.cfi_offset 7, -8
  39              		.cfi_offset 14, -4
 157:ConfigurationMenu.c ****     sprintf(message,"\r\n     ************************\r\n\n");
  40              		.loc 1 157 0
  41 0002 0B4E     		ldr	r6, .L4
  42 0004 0B4C     		ldr	r4, .L4+4
  43 0006 06F12007 		add	r7, r6, #32
  44              	.L2:
  45 000a 3546     		mov	r5, r6
  46 000c 0FCD     		ldmia	r5!, {r0, r1, r2, r3}
  47 000e 2060     		str	r0, [r4]	@ unaligned
  48 0010 6160     		str	r1, [r4, #4]	@ unaligned
  49 0012 A260     		str	r2, [r4, #8]	@ unaligned
  50 0014 E360     		str	r3, [r4, #12]	@ unaligned
  51 0016 2E46     		mov	r6, r5
  52 0018 1034     		adds	r4, r4, #16
  53 001a BD42     		cmp	r5, r7
  54 001c F5D1     		bne	.L2
  55 001e 2A88     		ldrh	r2, [r5]	@ unaligned
  56 0020 AB78     		ldrb	r3, [r5, #2]	@ zero_extendqisi2
  57 0022 2280     		strh	r2, [r4]	@ unaligned
  58 0024 A370     		strb	r3, [r4, #2]
 158:ConfigurationMenu.c ****     UART_PutString(message);
  59              		.loc 1 158 0
  60 0026 0348     		ldr	r0, .L4+4
  61 0028 FFF7FEFF 		bl	UART_PutString
  62              	.LVL0:
  63 002c F8BD     		pop	{r3, r4, r5, r6, r7, pc}
  64              	.L5:
  65 002e 00BF     		.align	2
  66              	.L4:
  67 0030 00000000 		.word	.LC0
  68 0034 00000000 		.word	message
  69              		.cfi_endproc
  70              	.LFE68:
ARM GAS  C:\Users\Vanessa Aloia.Vanessa\AppData\Local\Temp\ccPBps7t.s 			page 5


  71              		.size	Menu_edge, .-Menu_edge
  72              		.section	.text.While_Working_Menu,"ax",%progbits
  73              		.align	2
  74              		.global	While_Working_Menu
  75              		.thumb
  76              		.thumb_func
  77              		.type	While_Working_Menu, %function
  78              	While_Working_Menu:
  79              	.LFB64:
  27:ConfigurationMenu.c ****     
  80              		.loc 1 27 0
  81              		.cfi_startproc
  82              		@ args = 0, pretend = 0, frame = 0
  83              		@ frame_needed = 0, uses_anonymous_args = 0
  84 0000 38B5     		push	{r3, r4, r5, lr}
  85              		.cfi_def_cfa_offset 16
  86              		.cfi_offset 3, -16
  87              		.cfi_offset 4, -12
  88              		.cfi_offset 5, -8
  89              		.cfi_offset 14, -4
  29:ConfigurationMenu.c ****     /* !!DATA TO BE INSERTED */
  90              		.loc 1 29 0
  91 0002 FFF7FEFF 		bl	Menu_edge
  92              	.LVL1:
  35:ConfigurationMenu.c ****         UART_PutString(message);
  93              		.loc 1 35 0
  94 0006 154C     		ldr	r4, .L8
  95 0008 154D     		ldr	r5, .L8+4
  96 000a 0FCD     		ldmia	r5!, {r0, r1, r2, r3}
  97 000c 2060     		str	r0, [r4]	@ unaligned
  98 000e 6160     		str	r1, [r4, #4]	@ unaligned
  99 0010 A260     		str	r2, [r4, #8]	@ unaligned
 100 0012 E360     		str	r3, [r4, #12]	@ unaligned
 101 0014 0FCD     		ldmia	r5!, {r0, r1, r2, r3}
 102 0016 2061     		str	r0, [r4, #16]	@ unaligned
 103 0018 6161     		str	r1, [r4, #20]	@ unaligned
 104 001a A261     		str	r2, [r4, #24]	@ unaligned
 105 001c E361     		str	r3, [r4, #28]	@ unaligned
  36:ConfigurationMenu.c ****     }
 106              		.loc 1 36 0
 107 001e 2046     		mov	r0, r4
 108 0020 FFF7FEFF 		bl	UART_PutString
 109              	.LVL2:
  48:ConfigurationMenu.c ****     UART_PutString(message);
 110              		.loc 1 48 0
 111 0024 0223     		movs	r3, #2
 112 0026 0122     		movs	r2, #1
 113 0028 0E49     		ldr	r1, .L8+8
 114 002a 2046     		mov	r0, r4
 115 002c FFF7FEFF 		bl	sprintf
 116              	.LVL3:
  49:ConfigurationMenu.c ****     
 117              		.loc 1 49 0
 118 0030 2046     		mov	r0, r4
 119 0032 FFF7FEFF 		bl	UART_PutString
 120              	.LVL4:
  54:ConfigurationMenu.c ****     UART_PutString(message);
ARM GAS  C:\Users\Vanessa Aloia.Vanessa\AppData\Local\Temp\ccPBps7t.s 			page 6


 121              		.loc 1 54 0
 122 0036 0C4A     		ldr	r2, .L8+12
 123 0038 0C49     		ldr	r1, .L8+16
 124 003a 2046     		mov	r0, r4
 125 003c FFF7FEFF 		bl	sprintf
 126              	.LVL5:
  55:ConfigurationMenu.c ****     
 127              		.loc 1 55 0
 128 0040 2046     		mov	r0, r4
 129 0042 FFF7FEFF 		bl	UART_PutString
 130              	.LVL6:
  58:ConfigurationMenu.c ****     UART_PutString(message);
 131              		.loc 1 58 0
 132 0046 B422     		movs	r2, #180
 133 0048 0949     		ldr	r1, .L8+20
 134 004a 2046     		mov	r0, r4
 135 004c FFF7FEFF 		bl	memcpy
 136              	.LVL7:
  59:ConfigurationMenu.c ****     
 137              		.loc 1 59 0
 138 0050 2046     		mov	r0, r4
 139 0052 FFF7FEFF 		bl	UART_PutString
 140              	.LVL8:
  61:ConfigurationMenu.c **** }
 141              		.loc 1 61 0
 142 0056 FFF7FEFF 		bl	Menu_edge
 143              	.LVL9:
 144 005a 38BD     		pop	{r3, r4, r5, pc}
 145              	.L9:
 146              		.align	2
 147              	.L8:
 148 005c 00000000 		.word	message
 149 0060 24000000 		.word	.LC1
 150 0064 44000000 		.word	.LC2
 151 0068 A8000000 		.word	.LC3
 152 006c B4000000 		.word	.LC4
 153 0070 DC000000 		.word	.LC5
 154              		.cfi_endproc
 155              	.LFE64:
 156              		.size	While_Working_Menu, .-While_Working_Menu
 157              		.section	.text.Switch_to_BridgeControlPanel,"ax",%progbits
 158              		.align	2
 159              		.global	Switch_to_BridgeControlPanel
 160              		.thumb
 161              		.thumb_func
 162              		.type	Switch_to_BridgeControlPanel, %function
 163              	Switch_to_BridgeControlPanel:
 164              	.LFB65:
  66:ConfigurationMenu.c ****     Menu_edge();
 165              		.loc 1 66 0
 166              		.cfi_startproc
 167              		@ args = 0, pretend = 0, frame = 0
 168              		@ frame_needed = 0, uses_anonymous_args = 0
 169 0000 10B5     		push	{r4, lr}
 170              		.cfi_def_cfa_offset 8
 171              		.cfi_offset 4, -8
 172              		.cfi_offset 14, -4
ARM GAS  C:\Users\Vanessa Aloia.Vanessa\AppData\Local\Temp\ccPBps7t.s 			page 7


  67:ConfigurationMenu.c ****     /* !! DATA TO BE INSERTED */
 173              		.loc 1 67 0
 174 0002 FFF7FEFF 		bl	Menu_edge
 175              	.LVL10:
  69:ConfigurationMenu.c ****     UART_PutString(message);
 176              		.loc 1 69 0
 177 0006 064C     		ldr	r4, .L12
 178 0008 0122     		movs	r2, #1
 179 000a 0649     		ldr	r1, .L12+4
 180 000c 2046     		mov	r0, r4
 181 000e FFF7FEFF 		bl	sprintf
 182              	.LVL11:
  70:ConfigurationMenu.c ****     Menu_edge();
 183              		.loc 1 70 0
 184 0012 2046     		mov	r0, r4
 185 0014 FFF7FEFF 		bl	UART_PutString
 186              	.LVL12:
  71:ConfigurationMenu.c **** }
 187              		.loc 1 71 0
 188 0018 FFF7FEFF 		bl	Menu_edge
 189              	.LVL13:
 190 001c 10BD     		pop	{r4, pc}
 191              	.L13:
 192 001e 00BF     		.align	2
 193              	.L12:
 194 0020 00000000 		.word	message
 195 0024 90010000 		.word	.LC6
 196              		.cfi_endproc
 197              	.LFE65:
 198              		.size	Switch_to_BridgeControlPanel, .-Switch_to_BridgeControlPanel
 199              		.section	.text.Show_table,"ax",%progbits
 200              		.align	2
 201              		.global	Show_table
 202              		.thumb
 203              		.thumb_func
 204              		.type	Show_table, %function
 205              	Show_table:
 206              	.LFB66:
  85:ConfigurationMenu.c ****     
 207              		.loc 1 85 0
 208              		.cfi_startproc
 209              		@ args = 0, pretend = 0, frame = 0
 210              		@ frame_needed = 0, uses_anonymous_args = 0
 211              	.LVL14:
 212 0000 70B5     		push	{r4, r5, r6, lr}
 213              		.cfi_def_cfa_offset 16
 214              		.cfi_offset 4, -16
 215              		.cfi_offset 5, -12
 216              		.cfi_offset 6, -8
 217              		.cfi_offset 14, -4
  94:ConfigurationMenu.c ****         set_of_tables[0]= FSR;
 218              		.loc 1 94 0
 219 0002 214B     		ldr	r3, .L21
 220 0004 1B78     		ldrb	r3, [r3]	@ zero_extendqisi2
 221 0006 B3B9     		cbnz	r3, .L15
  95:ConfigurationMenu.c ****         set_of_tables[1]= SampFreq;
 222              		.loc 1 95 0
ARM GAS  C:\Users\Vanessa Aloia.Vanessa\AppData\Local\Temp\ccPBps7t.s 			page 8


 223 0008 204C     		ldr	r4, .L21+4
 224 000a 214D     		ldr	r5, .L21+8
 225 000c 7C26     		movs	r6, #124
 226 000e 3246     		mov	r2, r6
 227 0010 2946     		mov	r1, r5
 228 0012 2046     		mov	r0, r4
 229              	.LVL15:
 230 0014 FFF7FEFF 		bl	memcpy
 231              	.LVL16:
  96:ConfigurationMenu.c ****         set_of_tables[2]= TempFormat;
 232              		.loc 1 96 0
 233 0018 3246     		mov	r2, r6
 234 001a A919     		adds	r1, r5, r6
 235 001c A019     		adds	r0, r4, r6
 236 001e FFF7FEFF 		bl	memcpy
 237              	.LVL17:
  97:ConfigurationMenu.c ****         initialized=1;
 238              		.loc 1 97 0
 239 0022 3246     		mov	r2, r6
 240 0024 05F1F801 		add	r1, r5, #248
 241 0028 04F1F800 		add	r0, r4, #248
 242 002c FFF7FEFF 		bl	memcpy
 243              	.LVL18:
  98:ConfigurationMenu.c ****     }
 244              		.loc 1 98 0
 245 0030 0122     		movs	r2, #1
 246 0032 154B     		ldr	r3, .L21
 247 0034 1A70     		strb	r2, [r3]
 248              	.L15:
 249              	.LVL19:
 116:ConfigurationMenu.c ****     Menu_edge();
 250              		.loc 1 116 0
 251 0036 174B     		ldr	r3, .L21+12
 252 0038 1B78     		ldrb	r3, [r3]	@ zero_extendqisi2
 253 003a 022B     		cmp	r3, #2
 254 003c 01D1     		bne	.L19
 255 003e 3E26     		movs	r6, #62
 256 0040 00E0     		b	.L16
 257              	.L19:
 258 0042 6826     		movs	r6, #104
 259              	.L16:
 260              	.LVL20:
 117:ConfigurationMenu.c ****     
 261              		.loc 1 117 0 discriminator 4
 262 0044 FFF7FEFF 		bl	Menu_edge
 263              	.LVL21:
 121:ConfigurationMenu.c ****     UART_PutString(message);
 264              		.loc 1 121 0 discriminator 4
 265 0048 134A     		ldr	r2, .L21+16
 266 004a 144C     		ldr	r4, .L21+20
 267 004c 1346     		mov	r3, r2
 268 004e 143A     		subs	r2, r2, #20
 269 0050 1349     		ldr	r1, .L21+24
 270 0052 2046     		mov	r0, r4
 271 0054 FFF7FEFF 		bl	sprintf
 272              	.LVL22:
 122:ConfigurationMenu.c ****     
ARM GAS  C:\Users\Vanessa Aloia.Vanessa\AppData\Local\Temp\ccPBps7t.s 			page 9


 273              		.loc 1 122 0 discriminator 4
 274 0058 2046     		mov	r0, r4
 275 005a FFF7FEFF 		bl	UART_PutString
 276              	.LVL23:
 125:ConfigurationMenu.c ****     {
 277              		.loc 1 125 0 discriminator 4
 278 005e 2824     		movs	r4, #40
 279 0060 0DE0     		b	.L17
 280              	.LVL24:
 281              	.L18:
 127:ConfigurationMenu.c ****         UART_PutString( message);
 282              		.loc 1 127 0 discriminator 3
 283 0062 0A4A     		ldr	r2, .L21+4
 284 0064 631C     		adds	r3, r4, #1
 285 0066 0D4D     		ldr	r5, .L21+20
 286 0068 1344     		add	r3, r3, r2
 287 006a 125D     		ldrb	r2, [r2, r4]	@ zero_extendqisi2
 288 006c 0D49     		ldr	r1, .L21+28
 289 006e 2846     		mov	r0, r5
 290 0070 FFF7FEFF 		bl	sprintf
 291              	.LVL25:
 128:ConfigurationMenu.c ****     }  
 292              		.loc 1 128 0 discriminator 3
 293 0074 2846     		mov	r0, r5
 294 0076 FFF7FEFF 		bl	UART_PutString
 295              	.LVL26:
 125:ConfigurationMenu.c ****     {
 296              		.loc 1 125 0 discriminator 3
 297 007a 1534     		adds	r4, r4, #21
 298              	.LVL27:
 299 007c E4B2     		uxtb	r4, r4
 300              	.LVL28:
 301              	.L17:
 125:ConfigurationMenu.c ****     {
 302              		.loc 1 125 0 is_stmt 0 discriminator 1
 303 007e B442     		cmp	r4, r6
 304 0080 EFD3     		bcc	.L18
 130:ConfigurationMenu.c **** }
 305              		.loc 1 130 0 is_stmt 1
 306 0082 FFF7FEFF 		bl	Menu_edge
 307              	.LVL29:
 308 0086 70BD     		pop	{r4, r5, r6, pc}
 309              	.LVL30:
 310              	.L22:
 311              		.align	2
 312              	.L21:
 313 0088 00000000 		.word	initialized
 314 008c 00000000 		.word	set_of_tables
 315 0090 00000000 		.word	.LANCHOR0
 316 0094 00000000 		.word	option_table
 317 0098 14000000 		.word	set_of_tables+20
 318 009c 00000000 		.word	message
 319 00a0 D4010000 		.word	.LC7
 320 00a4 E4010000 		.word	.LC8
 321              		.cfi_endproc
 322              	.LFE66:
 323              		.size	Show_table, .-Show_table
ARM GAS  C:\Users\Vanessa Aloia.Vanessa\AppData\Local\Temp\ccPBps7t.s 			page 10


 324              		.section	.text.Keys_menu,"ax",%progbits
 325              		.align	2
 326              		.global	Keys_menu
 327              		.thumb
 328              		.thumb_func
 329              		.type	Keys_menu, %function
 330              	Keys_menu:
 331              	.LFB67:
 133:ConfigurationMenu.c ****     Menu_edge();
 332              		.loc 1 133 0
 333              		.cfi_startproc
 334              		@ args = 0, pretend = 0, frame = 0
 335              		@ frame_needed = 0, uses_anonymous_args = 0
 336 0000 F8B5     		push	{r3, r4, r5, r6, r7, lr}
 337              		.cfi_def_cfa_offset 24
 338              		.cfi_offset 3, -24
 339              		.cfi_offset 4, -20
 340              		.cfi_offset 5, -16
 341              		.cfi_offset 6, -12
 342              		.cfi_offset 7, -8
 343              		.cfi_offset 14, -4
 134:ConfigurationMenu.c ****     sprintf(message, "Press 'b' to start data acquisition and storage\r\n\n");
 344              		.loc 1 134 0
 345 0002 FFF7FEFF 		bl	Menu_edge
 346              	.LVL31:
 135:ConfigurationMenu.c ****     UART_PutString(message);
 347              		.loc 1 135 0
 348 0006 304E     		ldr	r6, .L28
 349 0008 304C     		ldr	r4, .L28+4
 350 000a 06F13007 		add	r7, r6, #48
 351              	.L24:
 352 000e 3546     		mov	r5, r6
 353 0010 0FCD     		ldmia	r5!, {r0, r1, r2, r3}
 354 0012 2060     		str	r0, [r4]	@ unaligned
 355 0014 6160     		str	r1, [r4, #4]	@ unaligned
 356 0016 A260     		str	r2, [r4, #8]	@ unaligned
 357 0018 E360     		str	r3, [r4, #12]	@ unaligned
 358 001a 2E46     		mov	r6, r5
 359 001c 1034     		adds	r4, r4, #16
 360 001e BD42     		cmp	r5, r7
 361 0020 F5D1     		bne	.L24
 362 0022 2A88     		ldrh	r2, [r5]	@ unaligned
 363 0024 AB78     		ldrb	r3, [r5, #2]	@ zero_extendqisi2
 364 0026 2280     		strh	r2, [r4]	@ unaligned
 365 0028 A370     		strb	r3, [r4, #2]
 136:ConfigurationMenu.c ****     
 366              		.loc 1 136 0
 367 002a 284C     		ldr	r4, .L28+4
 368 002c 2046     		mov	r0, r4
 369 002e FFF7FEFF 		bl	UART_PutString
 370              	.LVL32:
 138:ConfigurationMenu.c ****     UART_PutString(message);
 371              		.loc 1 138 0
 372 0032 274E     		ldr	r6, .L28+8
 373 0034 06F13007 		add	r7, r6, #48
 374              	.L25:
 375 0038 3546     		mov	r5, r6
ARM GAS  C:\Users\Vanessa Aloia.Vanessa\AppData\Local\Temp\ccPBps7t.s 			page 11


 376 003a 0FCD     		ldmia	r5!, {r0, r1, r2, r3}
 377 003c 2060     		str	r0, [r4]	@ unaligned
 378 003e 6160     		str	r1, [r4, #4]	@ unaligned
 379 0040 A260     		str	r2, [r4, #8]	@ unaligned
 380 0042 E360     		str	r3, [r4, #12]	@ unaligned
 381 0044 2E46     		mov	r6, r5
 382 0046 1034     		adds	r4, r4, #16
 383 0048 BD42     		cmp	r5, r7
 384 004a F5D1     		bne	.L25
 385 004c 2B88     		ldrh	r3, [r5]	@ unaligned
 386 004e 2380     		strh	r3, [r4]	@ unaligned
 139:ConfigurationMenu.c ****     
 387              		.loc 1 139 0
 388 0050 1E4C     		ldr	r4, .L28+4
 389 0052 2046     		mov	r0, r4
 390 0054 FFF7FEFF 		bl	UART_PutString
 391              	.LVL33:
 141:ConfigurationMenu.c ****     UART_PutString(message);
 392              		.loc 1 141 0
 393 0058 5F22     		movs	r2, #95
 394 005a 1E49     		ldr	r1, .L28+12
 395 005c 2046     		mov	r0, r4
 396 005e FFF7FEFF 		bl	memcpy
 397              	.LVL34:
 142:ConfigurationMenu.c ****     
 398              		.loc 1 142 0
 399 0062 2046     		mov	r0, r4
 400 0064 FFF7FEFF 		bl	UART_PutString
 401              	.LVL35:
 144:ConfigurationMenu.c ****     UART_PutString(message);
 402              		.loc 1 144 0
 403 0068 5A22     		movs	r2, #90
 404 006a 1B49     		ldr	r1, .L28+16
 405 006c 2046     		mov	r0, r4
 406 006e FFF7FEFF 		bl	memcpy
 407              	.LVL36:
 145:ConfigurationMenu.c ****     
 408              		.loc 1 145 0
 409 0072 2046     		mov	r0, r4
 410 0074 FFF7FEFF 		bl	UART_PutString
 411              	.LVL37:
 147:ConfigurationMenu.c ****     UART_PutString(message);
 412              		.loc 1 147 0
 413 0078 184E     		ldr	r6, .L28+20
 414 007a 06F13007 		add	r7, r6, #48
 415              	.L26:
 416 007e 3546     		mov	r5, r6
 417 0080 0FCD     		ldmia	r5!, {r0, r1, r2, r3}
 418 0082 2060     		str	r0, [r4]	@ unaligned
 419 0084 6160     		str	r1, [r4, #4]	@ unaligned
 420 0086 A260     		str	r2, [r4, #8]	@ unaligned
 421 0088 E360     		str	r3, [r4, #12]	@ unaligned
 422 008a 2E46     		mov	r6, r5
 423 008c 1034     		adds	r4, r4, #16
 424 008e BD42     		cmp	r5, r7
 425 0090 F5D1     		bne	.L26
 426 0092 2A88     		ldrh	r2, [r5]	@ unaligned
ARM GAS  C:\Users\Vanessa Aloia.Vanessa\AppData\Local\Temp\ccPBps7t.s 			page 12


 427 0094 AB78     		ldrb	r3, [r5, #2]	@ zero_extendqisi2
 428 0096 2280     		strh	r2, [r4]	@ unaligned
 429 0098 A370     		strb	r3, [r4, #2]
 148:ConfigurationMenu.c ****     
 430              		.loc 1 148 0
 431 009a 0C4D     		ldr	r5, .L28+4
 432 009c 2846     		mov	r0, r5
 433 009e FFF7FEFF 		bl	UART_PutString
 434              	.LVL38:
 150:ConfigurationMenu.c ****     UART_PutString(message);
 435              		.loc 1 150 0
 436 00a2 0F4C     		ldr	r4, .L28+24
 437 00a4 0FCC     		ldmia	r4!, {r0, r1, r2, r3}
 438 00a6 2860     		str	r0, [r5]	@ unaligned
 439 00a8 6960     		str	r1, [r5, #4]	@ unaligned
 440 00aa AA60     		str	r2, [r5, #8]	@ unaligned
 441 00ac EB60     		str	r3, [r5, #12]	@ unaligned
 442 00ae 07CC     		ldmia	r4!, {r0, r1, r2}
 443 00b0 2861     		str	r0, [r5, #16]	@ unaligned
 444 00b2 6961     		str	r1, [r5, #20]	@ unaligned
 445 00b4 AA61     		str	r2, [r5, #24]	@ unaligned
 446 00b6 2388     		ldrh	r3, [r4]	@ unaligned
 447 00b8 AB83     		strh	r3, [r5, #28]	@ unaligned
 151:ConfigurationMenu.c ****     Menu_edge();
 448              		.loc 1 151 0
 449 00ba 2846     		mov	r0, r5
 450 00bc FFF7FEFF 		bl	UART_PutString
 451              	.LVL39:
 152:ConfigurationMenu.c **** }
 452              		.loc 1 152 0
 453 00c0 FFF7FEFF 		bl	Menu_edge
 454              	.LVL40:
 455 00c4 F8BD     		pop	{r3, r4, r5, r6, r7, pc}
 456              	.L29:
 457 00c6 00BF     		.align	2
 458              	.L28:
 459 00c8 FC010000 		.word	.LC9
 460 00cc 00000000 		.word	message
 461 00d0 40030000 		.word	.LC10
 462 00d4 30020000 		.word	.LC11
 463 00d8 90020000 		.word	.LC12
 464 00dc EC020000 		.word	.LC13
 465 00e0 20030000 		.word	.LC14
 466              		.cfi_endproc
 467              	.LFE67:
 468              		.size	Keys_menu, .-Keys_menu
 469              		.comm	message,50,4
 470              		.global	TempFormat
 471              		.global	SampFreq
 472              		.global	FSR
 473              		.comm	set_of_tables,372,4
 474              		.comm	initialized,1,1
 475              		.comm	option_table,1,1
 476              		.comm	start,1,1
 477              		.comm	change_settings_flag,1,1
 478              		.comm	FlagReady,1,1
 479              		.section	.rodata
ARM GAS  C:\Users\Vanessa Aloia.Vanessa\AppData\Local\Temp\ccPBps7t.s 			page 13


 480              		.align	2
 481              		.set	.LANCHOR0,. + 0
 482              		.type	FSR, %object
 483              		.size	FSR, 124
 484              	FSR:
 485 0000 43686172 		.ascii	"Character\000"
 485      61637465 
 485      7200
 486 000a 00000000 		.space	10
 486      00000000 
 486      0000
 487 0014 46756C6C 		.ascii	"Full scale range\000"
 487      20736361 
 487      6C652072 
 487      616E6765 
 487      00
 488 0025 000000   		.space	3
 489 0028 31       		.byte	49
 490 0029 2B2F2D20 		.ascii	"+/- 2g\000"
 490      326700
 491 0030 00000000 		.space	13
 491      00000000 
 491      00000000 
 491      00
 492 003d 32       		.byte	50
 493 003e 2B2F2D20 		.ascii	"+/- 4g\000"
 493      346700
 494 0045 00000000 		.space	13
 494      00000000 
 494      00000000 
 494      00
 495 0052 33       		.byte	51
 496 0053 2B2F2D20 		.ascii	"+/- 8g\000"
 496      386700
 497 005a 00000000 		.space	13
 497      00000000 
 497      00000000 
 497      00
 498 0067 34       		.byte	52
 499 0068 2B2F2D20 		.ascii	"+/- 16g\000"
 499      31366700 
 500 0070 00000000 		.space	12
 500      00000000 
 500      00000000 
 501              		.type	SampFreq, %object
 502              		.size	SampFreq, 124
 503              	SampFreq:
 504 007c 43686172 		.ascii	"Character\000"
 504      61637465 
 504      7200
 505 0086 00000000 		.space	10
 505      00000000 
 505      0000
 506 0090 53616D70 		.ascii	"Sampling Frequency\000"
 506      6C696E67 
 506      20467265 
 506      7175656E 
ARM GAS  C:\Users\Vanessa Aloia.Vanessa\AppData\Local\Temp\ccPBps7t.s 			page 14


 506      637900
 507 00a3 00       		.space	1
 508 00a4 31       		.byte	49
 509 00a5 3120487A 		.ascii	"1 Hz\000"
 509      00
 510 00aa 00000000 		.space	15
 510      00000000 
 510      00000000 
 510      000000
 511 00b9 32       		.byte	50
 512 00ba 31302048 		.ascii	"10 Hz\000"
 512      7A00
 513 00c0 00000000 		.space	14
 513      00000000 
 513      00000000 
 513      0000
 514 00ce 33       		.byte	51
 515 00cf 32352048 		.ascii	"25 Hz\000"
 515      7A00
 516 00d5 00000000 		.space	14
 516      00000000 
 516      00000000 
 516      0000
 517 00e3 34       		.byte	52
 518 00e4 35302048 		.ascii	"50 Hz\000"
 518      7A00
 519 00ea 00000000 		.space	14
 519      00000000 
 519      00000000 
 519      0000
 520              		.type	TempFormat, %object
 521              		.size	TempFormat, 124
 522              	TempFormat:
 523 00f8 43686172 		.ascii	"Character\000"
 523      61637465 
 523      7200
 524 0102 00000000 		.space	10
 524      00000000 
 524      0000
 525 010c 54656D70 		.ascii	"Temperature format\000"
 525      65726174 
 525      75726520 
 525      666F726D 
 525      617400
 526 011f 00       		.space	1
 527 0120 63       		.byte	99
 528 0121 43656C73 		.ascii	"Celsius\000"
 528      69757300 
 529 0129 00000000 		.space	12
 529      00000000 
 529      00000000 
 530 0135 66       		.byte	102
 531 0136 46616872 		.ascii	"Fahrenheit\000"
 531      656E6865 
 531      697400
 532 0141 00000000 		.space	9
 532      00000000 
ARM GAS  C:\Users\Vanessa Aloia.Vanessa\AppData\Local\Temp\ccPBps7t.s 			page 15


 532      00
 533 014a 20       		.byte	32
 534 014b 2000     		.ascii	" \000"
 535 014d 00000000 		.space	18
 535      00000000 
 535      00000000 
 535      00000000 
 535      0000
 536 015f 20       		.byte	32
 537 0160 2000     		.ascii	" \000"
 538 0162 00000000 		.space	18
 538      00000000 
 538      00000000 
 538      00000000 
 538      0000
 539              		.section	.rodata.str1.4,"aMS",%progbits,1
 540              		.align	2
 541              	.LC0:
 542 0000 0D0A2020 		.ascii	"\015\012     ************************\015\012\012\000"
 542      2020202A 
 542      2A2A2A2A 
 542      2A2A2A2A 
 542      2A2A2A2A 
 543 0023 00       		.space	1
 544              	.LC1:
 545 0024 4F6E676F 		.ascii	"Ongoing data acquisition... \015\012\012\000"
 545      696E6720 
 545      64617461 
 545      20616371 
 545      75697369 
 546              	.LC2:
 547 0044 43757272 		.ascii	"Current accelerometer acquisition configuration:\015"
 547      656E7420 
 547      61636365 
 547      6C65726F 
 547      6D657465 
 548 0075 0A46756C 		.ascii	"\012Full scale range: %d\015\012Sampling frequency:"
 548      6C207363 
 548      616C6520 
 548      72616E67 
 548      653A2025 
 549 009f 2025640D 		.ascii	" %d\015\012\000"
 549      0A00
 550 00a5 000000   		.space	3
 551              	.LC3:
 552 00a8 46616872 		.ascii	"Fahrenheit\000"
 552      656E6865 
 552      697400
 553 00b3 00       		.space	1
 554              	.LC4:
 555 00b4 54656D70 		.ascii	"Temperature sensor data format:\015\012%s\015\012\012"
 555      65726174 
 555      75726520 
 555      73656E73 
 555      6F722064 
 556 00da 00       		.ascii	"\000"
 557 00db 00       		.space	1
ARM GAS  C:\Users\Vanessa Aloia.Vanessa\AppData\Local\Temp\ccPBps7t.s 			page 16


 558              	.LC5:
 559 00dc 50726573 		.ascii	"Press '?' to change the configuration settings for "
 559      7320273F 
 559      2720746F 
 559      20636861 
 559      6E676520 
 560 010f 64617461 		.ascii	"data acquisition\015\012Press 'v' to visualize data"
 560      20616371 
 560      75697369 
 560      74696F6E 
 560      0D0A5072 
 561 013c 20284461 		.ascii	" (Data acquisition will be stopped)\015\012Press 'u"
 561      74612061 
 561      63717569 
 561      73697469 
 561      6F6E2077 
 562 0169 2720746F 		.ascii	"' to stop the visualization of data\015\012\012\000"
 562      2073746F 
 562      70207468 
 562      65207669 
 562      7375616C 
 563              	.LC6:
 564 0190 44617461 		.ascii	"Data will be displayed in %d seconds. Open Bridge C"
 564      2077696C 
 564      6C206265 
 564      20646973 
 564      706C6179 
 565 01c3 6F6E7472 		.ascii	"ontrol Panel\012\012\000"
 565      6F6C2050 
 565      616E656C 
 565      0A0A00
 566 01d2 0000     		.space	2
 567              	.LC7:
 568 01d4 20202025 		.ascii	"   %s | %s\015\012\000"
 568      73207C20 
 568      25730D0A 
 568      00
 569 01e1 000000   		.space	3
 570              	.LC8:
 571 01e4 20202020 		.ascii	"       %c     |   %s\015\012\000"
 571      20202025 
 571      63202020 
 571      20207C20 
 571      20202573 
 572 01fb 00       		.space	1
 573              	.LC9:
 574 01fc 50726573 		.ascii	"Press 'b' to start data acquisition and storage\015"
 574      73202762 
 574      2720746F 
 574      20737461 
 574      72742064 
 575 022c 0A0A00   		.ascii	"\012\012\000"
 576 022f 00       		.space	1
 577              	.LC11:
 578 0230 50726573 		.ascii	"Press 'f' to change the accelerometer full scale ra"
 578      73202766 
 578      2720746F 
ARM GAS  C:\Users\Vanessa Aloia.Vanessa\AppData\Local\Temp\ccPBps7t.s 			page 17


 578      20636861 
 578      6E676520 
 579 0263 6E67652E 		.ascii	"nge.Previous stored data will be deleted\015\012\012"
 579      50726576 
 579      696F7573 
 579      2073746F 
 579      72656420 
 580 028e 00       		.ascii	"\000"
 581 028f 00       		.space	1
 582              	.LC12:
 583 0290 50726573 		.ascii	"Press 'p' to change the accelerometer sampling freq"
 583      73202770 
 583      2720746F 
 583      20636861 
 583      6E676520 
 584 02c3 75656E63 		.ascii	"uency.Previous data will be deleted\015\012\012\000"
 584      792E5072 
 584      6576696F 
 584      75732064 
 584      61746120 
 585 02ea 0000     		.space	2
 586              	.LC13:
 587 02ec 50726573 		.ascii	"Press 't' to change the temperature data format\015"
 587      73202774 
 587      2720746F 
 587      20636861 
 587      6E676520 
 588 031c 0A0A00   		.ascii	"\012\012\000"
 589 031f 00       		.space	1
 590              	.LC14:
 591 0320 50726573 		.ascii	"Press 'q' to quit the menu\015\012\012\000"
 591      73202771 
 591      2720746F 
 591      20717569 
 591      74207468 
 592 033e 0000     		.space	2
 593              	.LC10:
 594 0340 50726573 		.ascii	"Press 's' to stop data acquisition and storage\015\012"
 594      73202773 
 594      2720746F 
 594      2073746F 
 594      70206461 
 595 0370 0A00     		.ascii	"\012\000"
 596              		.text
 597              	.Letext0:
 598              		.file 2 "c:\\program files (x86)\\cypress\\psoc creator\\4.3\\psoc creator\\import\\gnu\\arm\\5.4.
 599              		.file 3 "c:\\program files (x86)\\cypress\\psoc creator\\4.3\\psoc creator\\import\\gnu\\arm\\5.4.
 600              		.file 4 "Generated_Source\\PSoC5/cytypes.h"
 601              		.file 5 "ConfigurationMenu.h"
 602              		.file 6 "Generated_Source\\PSoC5/core_cm3.h"
 603              		.file 7 "InterruptRoutines.h"
 604              		.file 8 "OptionsToBeDisplayed.h"
 605              		.file 9 "Generated_Source\\PSoC5/UART.h"
 606              		.file 10 "c:\\program files (x86)\\cypress\\psoc creator\\4.3\\psoc creator\\import\\gnu\\arm\\5.4
 607              		.section	.debug_info,"",%progbits
 608              	.Ldebug_info0:
 609 0000 17060000 		.4byte	0x617
ARM GAS  C:\Users\Vanessa Aloia.Vanessa\AppData\Local\Temp\ccPBps7t.s 			page 18


 610 0004 0400     		.2byte	0x4
 611 0006 00000000 		.4byte	.Ldebug_abbrev0
 612 000a 04       		.byte	0x4
 613 000b 01       		.uleb128 0x1
 614 000c 0B010000 		.4byte	.LASF49
 615 0010 0C       		.byte	0xc
 616 0011 12000000 		.4byte	.LASF50
 617 0015 97000000 		.4byte	.LASF51
 618 0019 00000000 		.4byte	.Ldebug_ranges0+0
 619 001d 00000000 		.4byte	0
 620 0021 00000000 		.4byte	.Ldebug_line0
 621 0025 02       		.uleb128 0x2
 622 0026 01       		.byte	0x1
 623 0027 06       		.byte	0x6
 624 0028 0A030000 		.4byte	.LASF0
 625 002c 03       		.uleb128 0x3
 626 002d 08000000 		.4byte	.LASF4
 627 0031 02       		.byte	0x2
 628 0032 1D       		.byte	0x1d
 629 0033 37000000 		.4byte	0x37
 630 0037 02       		.uleb128 0x2
 631 0038 01       		.byte	0x1
 632 0039 08       		.byte	0x8
 633 003a FD000000 		.4byte	.LASF1
 634 003e 02       		.uleb128 0x2
 635 003f 02       		.byte	0x2
 636 0040 05       		.byte	0x5
 637 0041 AB020000 		.4byte	.LASF2
 638 0045 02       		.uleb128 0x2
 639 0046 02       		.byte	0x2
 640 0047 07       		.byte	0x7
 641 0048 B7010000 		.4byte	.LASF3
 642 004c 03       		.uleb128 0x3
 643 004d 3B000000 		.4byte	.LASF5
 644 0051 02       		.byte	0x2
 645 0052 3F       		.byte	0x3f
 646 0053 57000000 		.4byte	0x57
 647 0057 02       		.uleb128 0x2
 648 0058 04       		.byte	0x4
 649 0059 05       		.byte	0x5
 650 005a F5020000 		.4byte	.LASF6
 651 005e 02       		.uleb128 0x2
 652 005f 04       		.byte	0x4
 653 0060 07       		.byte	0x7
 654 0061 A5010000 		.4byte	.LASF7
 655 0065 02       		.uleb128 0x2
 656 0066 08       		.byte	0x8
 657 0067 05       		.byte	0x5
 658 0068 7B020000 		.4byte	.LASF8
 659 006c 02       		.uleb128 0x2
 660 006d 08       		.byte	0x8
 661 006e 07       		.byte	0x7
 662 006f 38020000 		.4byte	.LASF9
 663 0073 04       		.uleb128 0x4
 664 0074 04       		.byte	0x4
 665 0075 05       		.byte	0x5
 666 0076 696E7400 		.ascii	"int\000"
ARM GAS  C:\Users\Vanessa Aloia.Vanessa\AppData\Local\Temp\ccPBps7t.s 			page 19


 667 007a 02       		.uleb128 0x2
 668 007b 04       		.byte	0x4
 669 007c 07       		.byte	0x7
 670 007d 2B020000 		.4byte	.LASF10
 671 0081 03       		.uleb128 0x3
 672 0082 4F020000 		.4byte	.LASF11
 673 0086 03       		.byte	0x3
 674 0087 18       		.byte	0x18
 675 0088 2C000000 		.4byte	0x2c
 676 008c 03       		.uleb128 0x3
 677 008d 6A020000 		.4byte	.LASF12
 678 0091 03       		.byte	0x3
 679 0092 2C       		.byte	0x2c
 680 0093 4C000000 		.4byte	0x4c
 681 0097 05       		.uleb128 0x5
 682 0098 B5020000 		.4byte	.LASF13
 683 009c 04       		.byte	0x4
 684 009d E401     		.2byte	0x1e4
 685 009f 37000000 		.4byte	0x37
 686 00a3 02       		.uleb128 0x2
 687 00a4 04       		.byte	0x4
 688 00a5 04       		.byte	0x4
 689 00a6 91000000 		.4byte	.LASF14
 690 00aa 02       		.uleb128 0x2
 691 00ab 08       		.byte	0x8
 692 00ac 04       		.byte	0x4
 693 00ad ED010000 		.4byte	.LASF15
 694 00b1 02       		.uleb128 0x2
 695 00b2 01       		.byte	0x1
 696 00b3 08       		.byte	0x8
 697 00b4 99020000 		.4byte	.LASF16
 698 00b8 06       		.uleb128 0x6
 699 00b9 97000000 		.4byte	0x97
 700 00bd 02       		.uleb128 0x2
 701 00be 08       		.byte	0x8
 702 00bf 04       		.byte	0x4
 703 00c0 FE020000 		.4byte	.LASF17
 704 00c4 02       		.uleb128 0x2
 705 00c5 04       		.byte	0x4
 706 00c6 07       		.byte	0x7
 707 00c7 72020000 		.4byte	.LASF18
 708 00cb 07       		.uleb128 0x7
 709 00cc 04       		.byte	0x4
 710 00cd B1000000 		.4byte	0xb1
 711 00d1 08       		.uleb128 0x8
 712 00d2 7C       		.byte	0x7c
 713 00d3 05       		.byte	0x5
 714 00d4 1B       		.byte	0x1b
 715 00d5 52010000 		.4byte	0x152
 716 00d9 09       		.uleb128 0x9
 717 00da 89020000 		.4byte	.LASF19
 718 00de 05       		.byte	0x5
 719 00df 1C       		.byte	0x1c
 720 00e0 52010000 		.4byte	0x152
 721 00e4 00       		.byte	0
 722 00e5 09       		.uleb128 0x9
 723 00e6 91020000 		.4byte	.LASF20
ARM GAS  C:\Users\Vanessa Aloia.Vanessa\AppData\Local\Temp\ccPBps7t.s 			page 20


 724 00ea 05       		.byte	0x5
 725 00eb 1D       		.byte	0x1d
 726 00ec 52010000 		.4byte	0x152
 727 00f0 14       		.byte	0x14
 728 00f1 09       		.uleb128 0x9
 729 00f2 D9010000 		.4byte	.LASF21
 730 00f6 05       		.byte	0x5
 731 00f7 1E       		.byte	0x1e
 732 00f8 B1000000 		.4byte	0xb1
 733 00fc 28       		.byte	0x28
 734 00fd 09       		.uleb128 0x9
 735 00fe BB020000 		.4byte	.LASF22
 736 0102 05       		.byte	0x5
 737 0103 1F       		.byte	0x1f
 738 0104 52010000 		.4byte	0x152
 739 0108 29       		.byte	0x29
 740 0109 09       		.uleb128 0x9
 741 010a DE010000 		.4byte	.LASF23
 742 010e 05       		.byte	0x5
 743 010f 20       		.byte	0x20
 744 0110 B1000000 		.4byte	0xb1
 745 0114 3D       		.byte	0x3d
 746 0115 09       		.uleb128 0x9
 747 0116 89000000 		.4byte	.LASF24
 748 011a 05       		.byte	0x5
 749 011b 21       		.byte	0x21
 750 011c 52010000 		.4byte	0x152
 751 0120 3E       		.byte	0x3e
 752 0121 09       		.uleb128 0x9
 753 0122 E3010000 		.4byte	.LASF25
 754 0126 05       		.byte	0x5
 755 0127 22       		.byte	0x22
 756 0128 B1000000 		.4byte	0xb1
 757 012c 52       		.byte	0x52
 758 012d 09       		.uleb128 0x9
 759 012e D8020000 		.4byte	.LASF26
 760 0132 05       		.byte	0x5
 761 0133 23       		.byte	0x23
 762 0134 52010000 		.4byte	0x152
 763 0138 53       		.byte	0x53
 764 0139 09       		.uleb128 0x9
 765 013a E8010000 		.4byte	.LASF27
 766 013e 05       		.byte	0x5
 767 013f 24       		.byte	0x24
 768 0140 B1000000 		.4byte	0xb1
 769 0144 67       		.byte	0x67
 770 0145 09       		.uleb128 0x9
 771 0146 E0020000 		.4byte	.LASF28
 772 014a 05       		.byte	0x5
 773 014b 25       		.byte	0x25
 774 014c 52010000 		.4byte	0x152
 775 0150 68       		.byte	0x68
 776 0151 00       		.byte	0
 777 0152 0A       		.uleb128 0xa
 778 0153 B1000000 		.4byte	0xb1
 779 0157 62010000 		.4byte	0x162
 780 015b 0B       		.uleb128 0xb
ARM GAS  C:\Users\Vanessa Aloia.Vanessa\AppData\Local\Temp\ccPBps7t.s 			page 21


 781 015c C4000000 		.4byte	0xc4
 782 0160 13       		.byte	0x13
 783 0161 00       		.byte	0
 784 0162 03       		.uleb128 0x3
 785 0163 18020000 		.4byte	.LASF29
 786 0167 05       		.byte	0x5
 787 0168 26       		.byte	0x26
 788 0169 D1000000 		.4byte	0xd1
 789 016d 0C       		.uleb128 0xc
 790 016e 57020000 		.4byte	.LASF30
 791 0172 01       		.byte	0x1
 792 0173 9B       		.byte	0x9b
 793 0174 00000000 		.4byte	.LFB68
 794 0178 38000000 		.4byte	.LFE68-.LFB68
 795 017c 01       		.uleb128 0x1
 796 017d 9C       		.byte	0x9c
 797 017e 96010000 		.4byte	0x196
 798 0182 0D       		.uleb128 0xd
 799 0183 2C000000 		.4byte	.LVL0
 800 0187 FB050000 		.4byte	0x5fb
 801 018b 0E       		.uleb128 0xe
 802 018c 01       		.uleb128 0x1
 803 018d 50       		.byte	0x50
 804 018e 05       		.uleb128 0x5
 805 018f 03       		.byte	0x3
 806 0190 00000000 		.4byte	message
 807 0194 00       		.byte	0
 808 0195 00       		.byte	0
 809 0196 0C       		.uleb128 0xc
 810 0197 68000000 		.4byte	.LASF31
 811 019b 01       		.byte	0x1
 812 019c 1A       		.byte	0x1a
 813 019d 00000000 		.4byte	.LFB64
 814 01a1 74000000 		.4byte	.LFE64-.LFB64
 815 01a5 01       		.uleb128 0x1
 816 01a6 9C       		.byte	0x9c
 817 01a7 7E020000 		.4byte	0x27e
 818 01ab 0F       		.uleb128 0xf
 819 01ac 06000000 		.4byte	.LVL1
 820 01b0 6D010000 		.4byte	0x16d
 821 01b4 10       		.uleb128 0x10
 822 01b5 24000000 		.4byte	.LVL2
 823 01b9 FB050000 		.4byte	0x5fb
 824 01bd C8010000 		.4byte	0x1c8
 825 01c1 0E       		.uleb128 0xe
 826 01c2 01       		.uleb128 0x1
 827 01c3 50       		.byte	0x50
 828 01c4 02       		.uleb128 0x2
 829 01c5 74       		.byte	0x74
 830 01c6 00       		.sleb128 0
 831 01c7 00       		.byte	0
 832 01c8 10       		.uleb128 0x10
 833 01c9 30000000 		.4byte	.LVL3
 834 01cd 06060000 		.4byte	0x606
 835 01d1 EF010000 		.4byte	0x1ef
 836 01d5 0E       		.uleb128 0xe
 837 01d6 01       		.uleb128 0x1
ARM GAS  C:\Users\Vanessa Aloia.Vanessa\AppData\Local\Temp\ccPBps7t.s 			page 22


 838 01d7 50       		.byte	0x50
 839 01d8 02       		.uleb128 0x2
 840 01d9 74       		.byte	0x74
 841 01da 00       		.sleb128 0
 842 01db 0E       		.uleb128 0xe
 843 01dc 01       		.uleb128 0x1
 844 01dd 51       		.byte	0x51
 845 01de 05       		.uleb128 0x5
 846 01df 03       		.byte	0x3
 847 01e0 44000000 		.4byte	.LC2
 848 01e4 0E       		.uleb128 0xe
 849 01e5 01       		.uleb128 0x1
 850 01e6 52       		.byte	0x52
 851 01e7 01       		.uleb128 0x1
 852 01e8 31       		.byte	0x31
 853 01e9 0E       		.uleb128 0xe
 854 01ea 01       		.uleb128 0x1
 855 01eb 53       		.byte	0x53
 856 01ec 01       		.uleb128 0x1
 857 01ed 32       		.byte	0x32
 858 01ee 00       		.byte	0
 859 01ef 10       		.uleb128 0x10
 860 01f0 36000000 		.4byte	.LVL4
 861 01f4 FB050000 		.4byte	0x5fb
 862 01f8 03020000 		.4byte	0x203
 863 01fc 0E       		.uleb128 0xe
 864 01fd 01       		.uleb128 0x1
 865 01fe 50       		.byte	0x50
 866 01ff 02       		.uleb128 0x2
 867 0200 74       		.byte	0x74
 868 0201 00       		.sleb128 0
 869 0202 00       		.byte	0
 870 0203 10       		.uleb128 0x10
 871 0204 40000000 		.4byte	.LVL5
 872 0208 06060000 		.4byte	0x606
 873 020c 29020000 		.4byte	0x229
 874 0210 0E       		.uleb128 0xe
 875 0211 01       		.uleb128 0x1
 876 0212 50       		.byte	0x50
 877 0213 02       		.uleb128 0x2
 878 0214 74       		.byte	0x74
 879 0215 00       		.sleb128 0
 880 0216 0E       		.uleb128 0xe
 881 0217 01       		.uleb128 0x1
 882 0218 51       		.byte	0x51
 883 0219 05       		.uleb128 0x5
 884 021a 03       		.byte	0x3
 885 021b B4000000 		.4byte	.LC4
 886 021f 0E       		.uleb128 0xe
 887 0220 01       		.uleb128 0x1
 888 0221 52       		.byte	0x52
 889 0222 05       		.uleb128 0x5
 890 0223 03       		.byte	0x3
 891 0224 A8000000 		.4byte	.LC3
 892 0228 00       		.byte	0
 893 0229 10       		.uleb128 0x10
 894 022a 46000000 		.4byte	.LVL6
ARM GAS  C:\Users\Vanessa Aloia.Vanessa\AppData\Local\Temp\ccPBps7t.s 			page 23


 895 022e FB050000 		.4byte	0x5fb
 896 0232 3D020000 		.4byte	0x23d
 897 0236 0E       		.uleb128 0xe
 898 0237 01       		.uleb128 0x1
 899 0238 50       		.byte	0x50
 900 0239 02       		.uleb128 0x2
 901 023a 74       		.byte	0x74
 902 023b 00       		.sleb128 0
 903 023c 00       		.byte	0
 904 023d 10       		.uleb128 0x10
 905 023e 50000000 		.4byte	.LVL7
 906 0242 11060000 		.4byte	0x611
 907 0246 60020000 		.4byte	0x260
 908 024a 0E       		.uleb128 0xe
 909 024b 01       		.uleb128 0x1
 910 024c 50       		.byte	0x50
 911 024d 02       		.uleb128 0x2
 912 024e 74       		.byte	0x74
 913 024f 00       		.sleb128 0
 914 0250 0E       		.uleb128 0xe
 915 0251 01       		.uleb128 0x1
 916 0252 51       		.byte	0x51
 917 0253 05       		.uleb128 0x5
 918 0254 03       		.byte	0x3
 919 0255 DC000000 		.4byte	.LC5
 920 0259 0E       		.uleb128 0xe
 921 025a 01       		.uleb128 0x1
 922 025b 52       		.byte	0x52
 923 025c 02       		.uleb128 0x2
 924 025d 08       		.byte	0x8
 925 025e B4       		.byte	0xb4
 926 025f 00       		.byte	0
 927 0260 10       		.uleb128 0x10
 928 0261 56000000 		.4byte	.LVL8
 929 0265 FB050000 		.4byte	0x5fb
 930 0269 74020000 		.4byte	0x274
 931 026d 0E       		.uleb128 0xe
 932 026e 01       		.uleb128 0x1
 933 026f 50       		.byte	0x50
 934 0270 02       		.uleb128 0x2
 935 0271 74       		.byte	0x74
 936 0272 00       		.sleb128 0
 937 0273 00       		.byte	0
 938 0274 0F       		.uleb128 0xf
 939 0275 5A000000 		.4byte	.LVL9
 940 0279 6D010000 		.4byte	0x16d
 941 027d 00       		.byte	0
 942 027e 0C       		.uleb128 0xc
 943 027f 4B000000 		.4byte	.LASF32
 944 0283 01       		.byte	0x1
 945 0284 41       		.byte	0x41
 946 0285 00000000 		.4byte	.LFB65
 947 0289 28000000 		.4byte	.LFE65-.LFB65
 948 028d 01       		.uleb128 0x1
 949 028e 9C       		.byte	0x9c
 950 028f DC020000 		.4byte	0x2dc
 951 0293 0F       		.uleb128 0xf
ARM GAS  C:\Users\Vanessa Aloia.Vanessa\AppData\Local\Temp\ccPBps7t.s 			page 24


 952 0294 06000000 		.4byte	.LVL10
 953 0298 6D010000 		.4byte	0x16d
 954 029c 10       		.uleb128 0x10
 955 029d 12000000 		.4byte	.LVL11
 956 02a1 06060000 		.4byte	0x606
 957 02a5 BE020000 		.4byte	0x2be
 958 02a9 0E       		.uleb128 0xe
 959 02aa 01       		.uleb128 0x1
 960 02ab 50       		.byte	0x50
 961 02ac 02       		.uleb128 0x2
 962 02ad 74       		.byte	0x74
 963 02ae 00       		.sleb128 0
 964 02af 0E       		.uleb128 0xe
 965 02b0 01       		.uleb128 0x1
 966 02b1 51       		.byte	0x51
 967 02b2 05       		.uleb128 0x5
 968 02b3 03       		.byte	0x3
 969 02b4 90010000 		.4byte	.LC6
 970 02b8 0E       		.uleb128 0xe
 971 02b9 01       		.uleb128 0x1
 972 02ba 52       		.byte	0x52
 973 02bb 01       		.uleb128 0x1
 974 02bc 31       		.byte	0x31
 975 02bd 00       		.byte	0
 976 02be 10       		.uleb128 0x10
 977 02bf 18000000 		.4byte	.LVL12
 978 02c3 FB050000 		.4byte	0x5fb
 979 02c7 D2020000 		.4byte	0x2d2
 980 02cb 0E       		.uleb128 0xe
 981 02cc 01       		.uleb128 0x1
 982 02cd 50       		.byte	0x50
 983 02ce 02       		.uleb128 0x2
 984 02cf 74       		.byte	0x74
 985 02d0 00       		.sleb128 0
 986 02d1 00       		.byte	0
 987 02d2 0F       		.uleb128 0xf
 988 02d3 1C000000 		.4byte	.LVL13
 989 02d7 6D010000 		.4byte	0x16d
 990 02db 00       		.byte	0
 991 02dc 0C       		.uleb128 0xc
 992 02dd 30000000 		.4byte	.LASF33
 993 02e1 01       		.byte	0x1
 994 02e2 54       		.byte	0x54
 995 02e3 00000000 		.4byte	.LFB66
 996 02e7 A8000000 		.4byte	.LFE66-.LFB66
 997 02eb 01       		.uleb128 0x1
 998 02ec 9C       		.byte	0x9c
 999 02ed 35040000 		.4byte	0x435
 1000 02f1 11       		.uleb128 0x11
 1001 02f2 F4010000 		.4byte	.LASF52
 1002 02f6 01       		.byte	0x1
 1003 02f7 54       		.byte	0x54
 1004 02f8 B1000000 		.4byte	0xb1
 1005 02fc 00000000 		.4byte	.LLST0
 1006 0300 12       		.uleb128 0x12
 1007 0301 6900     		.ascii	"i\000"
 1008 0303 01       		.byte	0x1
ARM GAS  C:\Users\Vanessa Aloia.Vanessa\AppData\Local\Temp\ccPBps7t.s 			page 25


 1009 0304 57       		.byte	0x57
 1010 0305 81000000 		.4byte	0x81
 1011 0309 21000000 		.4byte	.LLST1
 1012 030d 13       		.uleb128 0x13
 1013 030e 45000000 		.4byte	.LASF34
 1014 0312 01       		.byte	0x1
 1015 0313 58       		.byte	0x58
 1016 0314 81000000 		.4byte	0x81
 1017 0318 28       		.byte	0x28
 1018 0319 14       		.uleb128 0x14
 1019 031a D4010000 		.4byte	.LASF35
 1020 031e 01       		.byte	0x1
 1021 031f 59       		.byte	0x59
 1022 0320 81000000 		.4byte	0x81
 1023 0324 4C000000 		.4byte	.LLST2
 1024 0328 15       		.uleb128 0x15
 1025 0329 9E020000 		.4byte	.LASF36
 1026 032d 01       		.byte	0x1
 1027 032e 65       		.byte	0x65
 1028 032f CB000000 		.4byte	0xcb
 1029 0333 06       		.uleb128 0x6
 1030 0334 03       		.byte	0x3
 1031 0335 00000000 		.4byte	set_of_tables
 1032 0339 9F       		.byte	0x9f
 1033 033a 10       		.uleb128 0x10
 1034 033b 18000000 		.4byte	.LVL16
 1035 033f 11060000 		.4byte	0x611
 1036 0343 5A030000 		.4byte	0x35a
 1037 0347 0E       		.uleb128 0xe
 1038 0348 01       		.uleb128 0x1
 1039 0349 50       		.byte	0x50
 1040 034a 02       		.uleb128 0x2
 1041 034b 74       		.byte	0x74
 1042 034c 00       		.sleb128 0
 1043 034d 0E       		.uleb128 0xe
 1044 034e 01       		.uleb128 0x1
 1045 034f 51       		.byte	0x51
 1046 0350 02       		.uleb128 0x2
 1047 0351 75       		.byte	0x75
 1048 0352 00       		.sleb128 0
 1049 0353 0E       		.uleb128 0xe
 1050 0354 01       		.uleb128 0x1
 1051 0355 52       		.byte	0x52
 1052 0356 02       		.uleb128 0x2
 1053 0357 76       		.byte	0x76
 1054 0358 00       		.sleb128 0
 1055 0359 00       		.byte	0
 1056 035a 10       		.uleb128 0x10
 1057 035b 22000000 		.4byte	.LVL17
 1058 035f 11060000 		.4byte	0x611
 1059 0363 80030000 		.4byte	0x380
 1060 0367 0E       		.uleb128 0xe
 1061 0368 01       		.uleb128 0x1
 1062 0369 50       		.byte	0x50
 1063 036a 05       		.uleb128 0x5
 1064 036b 74       		.byte	0x74
 1065 036c 00       		.sleb128 0
ARM GAS  C:\Users\Vanessa Aloia.Vanessa\AppData\Local\Temp\ccPBps7t.s 			page 26


 1066 036d 76       		.byte	0x76
 1067 036e 00       		.sleb128 0
 1068 036f 22       		.byte	0x22
 1069 0370 0E       		.uleb128 0xe
 1070 0371 01       		.uleb128 0x1
 1071 0372 51       		.byte	0x51
 1072 0373 05       		.uleb128 0x5
 1073 0374 75       		.byte	0x75
 1074 0375 00       		.sleb128 0
 1075 0376 76       		.byte	0x76
 1076 0377 00       		.sleb128 0
 1077 0378 22       		.byte	0x22
 1078 0379 0E       		.uleb128 0xe
 1079 037a 01       		.uleb128 0x1
 1080 037b 52       		.byte	0x52
 1081 037c 02       		.uleb128 0x2
 1082 037d 76       		.byte	0x76
 1083 037e 00       		.sleb128 0
 1084 037f 00       		.byte	0
 1085 0380 10       		.uleb128 0x10
 1086 0381 30000000 		.4byte	.LVL18
 1087 0385 11060000 		.4byte	0x611
 1088 0389 A2030000 		.4byte	0x3a2
 1089 038d 0E       		.uleb128 0xe
 1090 038e 01       		.uleb128 0x1
 1091 038f 50       		.byte	0x50
 1092 0390 03       		.uleb128 0x3
 1093 0391 74       		.byte	0x74
 1094 0392 F801     		.sleb128 248
 1095 0394 0E       		.uleb128 0xe
 1096 0395 01       		.uleb128 0x1
 1097 0396 51       		.byte	0x51
 1098 0397 03       		.uleb128 0x3
 1099 0398 75       		.byte	0x75
 1100 0399 F801     		.sleb128 248
 1101 039b 0E       		.uleb128 0xe
 1102 039c 01       		.uleb128 0x1
 1103 039d 52       		.byte	0x52
 1104 039e 02       		.uleb128 0x2
 1105 039f 76       		.byte	0x76
 1106 03a0 00       		.sleb128 0
 1107 03a1 00       		.byte	0
 1108 03a2 0F       		.uleb128 0xf
 1109 03a3 48000000 		.4byte	.LVL21
 1110 03a7 6D010000 		.4byte	0x16d
 1111 03ab 10       		.uleb128 0x10
 1112 03ac 58000000 		.4byte	.LVL22
 1113 03b0 06060000 		.4byte	0x606
 1114 03b4 DA030000 		.4byte	0x3da
 1115 03b8 0E       		.uleb128 0xe
 1116 03b9 01       		.uleb128 0x1
 1117 03ba 50       		.byte	0x50
 1118 03bb 02       		.uleb128 0x2
 1119 03bc 74       		.byte	0x74
 1120 03bd 00       		.sleb128 0
 1121 03be 0E       		.uleb128 0xe
 1122 03bf 01       		.uleb128 0x1
ARM GAS  C:\Users\Vanessa Aloia.Vanessa\AppData\Local\Temp\ccPBps7t.s 			page 27


 1123 03c0 51       		.byte	0x51
 1124 03c1 05       		.uleb128 0x5
 1125 03c2 03       		.byte	0x3
 1126 03c3 D4010000 		.4byte	.LC7
 1127 03c7 0E       		.uleb128 0xe
 1128 03c8 01       		.uleb128 0x1
 1129 03c9 52       		.byte	0x52
 1130 03ca 05       		.uleb128 0x5
 1131 03cb 03       		.byte	0x3
 1132 03cc 00000000 		.4byte	set_of_tables
 1133 03d0 0E       		.uleb128 0xe
 1134 03d1 01       		.uleb128 0x1
 1135 03d2 53       		.byte	0x53
 1136 03d3 05       		.uleb128 0x5
 1137 03d4 03       		.byte	0x3
 1138 03d5 14000000 		.4byte	set_of_tables+20
 1139 03d9 00       		.byte	0
 1140 03da 10       		.uleb128 0x10
 1141 03db 5E000000 		.4byte	.LVL23
 1142 03df FB050000 		.4byte	0x5fb
 1143 03e3 EE030000 		.4byte	0x3ee
 1144 03e7 0E       		.uleb128 0xe
 1145 03e8 01       		.uleb128 0x1
 1146 03e9 50       		.byte	0x50
 1147 03ea 02       		.uleb128 0x2
 1148 03eb 74       		.byte	0x74
 1149 03ec 00       		.sleb128 0
 1150 03ed 00       		.byte	0
 1151 03ee 10       		.uleb128 0x10
 1152 03ef 74000000 		.4byte	.LVL25
 1153 03f3 06060000 		.4byte	0x606
 1154 03f7 17040000 		.4byte	0x417
 1155 03fb 0E       		.uleb128 0xe
 1156 03fc 01       		.uleb128 0x1
 1157 03fd 50       		.byte	0x50
 1158 03fe 02       		.uleb128 0x2
 1159 03ff 75       		.byte	0x75
 1160 0400 00       		.sleb128 0
 1161 0401 0E       		.uleb128 0xe
 1162 0402 01       		.uleb128 0x1
 1163 0403 51       		.byte	0x51
 1164 0404 05       		.uleb128 0x5
 1165 0405 03       		.byte	0x3
 1166 0406 E4010000 		.4byte	.LC8
 1167 040a 0E       		.uleb128 0xe
 1168 040b 01       		.uleb128 0x1
 1169 040c 53       		.byte	0x53
 1170 040d 08       		.uleb128 0x8
 1171 040e 74       		.byte	0x74
 1172 040f 00       		.sleb128 0
 1173 0410 03       		.byte	0x3
 1174 0411 01000000 		.4byte	set_of_tables+1
 1175 0415 22       		.byte	0x22
 1176 0416 00       		.byte	0
 1177 0417 10       		.uleb128 0x10
 1178 0418 7A000000 		.4byte	.LVL26
 1179 041c FB050000 		.4byte	0x5fb
ARM GAS  C:\Users\Vanessa Aloia.Vanessa\AppData\Local\Temp\ccPBps7t.s 			page 28


 1180 0420 2B040000 		.4byte	0x42b
 1181 0424 0E       		.uleb128 0xe
 1182 0425 01       		.uleb128 0x1
 1183 0426 50       		.byte	0x50
 1184 0427 02       		.uleb128 0x2
 1185 0428 75       		.byte	0x75
 1186 0429 00       		.sleb128 0
 1187 042a 00       		.byte	0
 1188 042b 0F       		.uleb128 0xf
 1189 042c 86000000 		.4byte	.LVL29
 1190 0430 6D010000 		.4byte	0x16d
 1191 0434 00       		.byte	0
 1192 0435 0C       		.uleb128 0xc
 1193 0436 26000000 		.4byte	.LASF37
 1194 043a 01       		.byte	0x1
 1195 043b 84       		.byte	0x84
 1196 043c 00000000 		.4byte	.LFB67
 1197 0440 E4000000 		.4byte	.LFE67-.LFB67
 1198 0444 01       		.uleb128 0x1
 1199 0445 9C       		.byte	0x9c
 1200 0446 1B050000 		.4byte	0x51b
 1201 044a 0F       		.uleb128 0xf
 1202 044b 06000000 		.4byte	.LVL31
 1203 044f 6D010000 		.4byte	0x16d
 1204 0453 10       		.uleb128 0x10
 1205 0454 32000000 		.4byte	.LVL32
 1206 0458 FB050000 		.4byte	0x5fb
 1207 045c 67040000 		.4byte	0x467
 1208 0460 0E       		.uleb128 0xe
 1209 0461 01       		.uleb128 0x1
 1210 0462 50       		.byte	0x50
 1211 0463 02       		.uleb128 0x2
 1212 0464 74       		.byte	0x74
 1213 0465 00       		.sleb128 0
 1214 0466 00       		.byte	0
 1215 0467 10       		.uleb128 0x10
 1216 0468 58000000 		.4byte	.LVL33
 1217 046c FB050000 		.4byte	0x5fb
 1218 0470 7B040000 		.4byte	0x47b
 1219 0474 0E       		.uleb128 0xe
 1220 0475 01       		.uleb128 0x1
 1221 0476 50       		.byte	0x50
 1222 0477 02       		.uleb128 0x2
 1223 0478 74       		.byte	0x74
 1224 0479 00       		.sleb128 0
 1225 047a 00       		.byte	0
 1226 047b 10       		.uleb128 0x10
 1227 047c 62000000 		.4byte	.LVL34
 1228 0480 11060000 		.4byte	0x611
 1229 0484 9E040000 		.4byte	0x49e
 1230 0488 0E       		.uleb128 0xe
 1231 0489 01       		.uleb128 0x1
 1232 048a 50       		.byte	0x50
 1233 048b 02       		.uleb128 0x2
 1234 048c 74       		.byte	0x74
 1235 048d 00       		.sleb128 0
 1236 048e 0E       		.uleb128 0xe
ARM GAS  C:\Users\Vanessa Aloia.Vanessa\AppData\Local\Temp\ccPBps7t.s 			page 29


 1237 048f 01       		.uleb128 0x1
 1238 0490 51       		.byte	0x51
 1239 0491 05       		.uleb128 0x5
 1240 0492 03       		.byte	0x3
 1241 0493 30020000 		.4byte	.LC11
 1242 0497 0E       		.uleb128 0xe
 1243 0498 01       		.uleb128 0x1
 1244 0499 52       		.byte	0x52
 1245 049a 02       		.uleb128 0x2
 1246 049b 08       		.byte	0x8
 1247 049c 5F       		.byte	0x5f
 1248 049d 00       		.byte	0
 1249 049e 10       		.uleb128 0x10
 1250 049f 68000000 		.4byte	.LVL35
 1251 04a3 FB050000 		.4byte	0x5fb
 1252 04a7 B2040000 		.4byte	0x4b2
 1253 04ab 0E       		.uleb128 0xe
 1254 04ac 01       		.uleb128 0x1
 1255 04ad 50       		.byte	0x50
 1256 04ae 02       		.uleb128 0x2
 1257 04af 74       		.byte	0x74
 1258 04b0 00       		.sleb128 0
 1259 04b1 00       		.byte	0
 1260 04b2 10       		.uleb128 0x10
 1261 04b3 72000000 		.4byte	.LVL36
 1262 04b7 11060000 		.4byte	0x611
 1263 04bb D5040000 		.4byte	0x4d5
 1264 04bf 0E       		.uleb128 0xe
 1265 04c0 01       		.uleb128 0x1
 1266 04c1 50       		.byte	0x50
 1267 04c2 02       		.uleb128 0x2
 1268 04c3 74       		.byte	0x74
 1269 04c4 00       		.sleb128 0
 1270 04c5 0E       		.uleb128 0xe
 1271 04c6 01       		.uleb128 0x1
 1272 04c7 51       		.byte	0x51
 1273 04c8 05       		.uleb128 0x5
 1274 04c9 03       		.byte	0x3
 1275 04ca 90020000 		.4byte	.LC12
 1276 04ce 0E       		.uleb128 0xe
 1277 04cf 01       		.uleb128 0x1
 1278 04d0 52       		.byte	0x52
 1279 04d1 02       		.uleb128 0x2
 1280 04d2 08       		.byte	0x8
 1281 04d3 5A       		.byte	0x5a
 1282 04d4 00       		.byte	0
 1283 04d5 10       		.uleb128 0x10
 1284 04d6 78000000 		.4byte	.LVL37
 1285 04da FB050000 		.4byte	0x5fb
 1286 04de E9040000 		.4byte	0x4e9
 1287 04e2 0E       		.uleb128 0xe
 1288 04e3 01       		.uleb128 0x1
 1289 04e4 50       		.byte	0x50
 1290 04e5 02       		.uleb128 0x2
 1291 04e6 74       		.byte	0x74
 1292 04e7 00       		.sleb128 0
 1293 04e8 00       		.byte	0
ARM GAS  C:\Users\Vanessa Aloia.Vanessa\AppData\Local\Temp\ccPBps7t.s 			page 30


 1294 04e9 10       		.uleb128 0x10
 1295 04ea A2000000 		.4byte	.LVL38
 1296 04ee FB050000 		.4byte	0x5fb
 1297 04f2 FD040000 		.4byte	0x4fd
 1298 04f6 0E       		.uleb128 0xe
 1299 04f7 01       		.uleb128 0x1
 1300 04f8 50       		.byte	0x50
 1301 04f9 02       		.uleb128 0x2
 1302 04fa 75       		.byte	0x75
 1303 04fb 00       		.sleb128 0
 1304 04fc 00       		.byte	0
 1305 04fd 10       		.uleb128 0x10
 1306 04fe C0000000 		.4byte	.LVL39
 1307 0502 FB050000 		.4byte	0x5fb
 1308 0506 11050000 		.4byte	0x511
 1309 050a 0E       		.uleb128 0xe
 1310 050b 01       		.uleb128 0x1
 1311 050c 50       		.byte	0x50
 1312 050d 02       		.uleb128 0x2
 1313 050e 75       		.byte	0x75
 1314 050f 00       		.sleb128 0
 1315 0510 00       		.byte	0
 1316 0511 0F       		.uleb128 0xf
 1317 0512 C4000000 		.4byte	.LVL40
 1318 0516 6D010000 		.4byte	0x16d
 1319 051a 00       		.byte	0
 1320 051b 16       		.uleb128 0x16
 1321 051c 0B020000 		.4byte	.LASF38
 1322 0520 06       		.byte	0x6
 1323 0521 1207     		.2byte	0x712
 1324 0523 27050000 		.4byte	0x527
 1325 0527 06       		.uleb128 0x6
 1326 0528 8C000000 		.4byte	0x8c
 1327 052c 17       		.uleb128 0x17
 1328 052d CA010000 		.4byte	.LASF39
 1329 0531 07       		.byte	0x7
 1330 0532 1B       		.byte	0x1b
 1331 0533 B8000000 		.4byte	0xb8
 1332 0537 05       		.uleb128 0x5
 1333 0538 03       		.byte	0x3
 1334 0539 00000000 		.4byte	FlagReady
 1335 053d 17       		.uleb128 0x17
 1336 053e C3020000 		.4byte	.LASF40
 1337 0542 07       		.byte	0x7
 1338 0543 23       		.byte	0x23
 1339 0544 B1000000 		.4byte	0xb1
 1340 0548 05       		.uleb128 0x5
 1341 0549 03       		.byte	0x3
 1342 054a 00000000 		.4byte	change_settings_flag
 1343 054e 17       		.uleb128 0x17
 1344 054f 45000000 		.4byte	.LASF34
 1345 0553 07       		.byte	0x7
 1346 0554 24       		.byte	0x24
 1347 0555 B1000000 		.4byte	0xb1
 1348 0559 05       		.uleb128 0x5
 1349 055a 03       		.byte	0x3
 1350 055b 00000000 		.4byte	start
ARM GAS  C:\Users\Vanessa Aloia.Vanessa\AppData\Local\Temp\ccPBps7t.s 			page 31


 1351 055f 17       		.uleb128 0x17
 1352 0560 E8020000 		.4byte	.LASF41
 1353 0564 07       		.byte	0x7
 1354 0565 25       		.byte	0x25
 1355 0566 81000000 		.4byte	0x81
 1356 056a 05       		.uleb128 0x5
 1357 056b 03       		.byte	0x3
 1358 056c 00000000 		.4byte	option_table
 1359 0570 17       		.uleb128 0x17
 1360 0571 99010000 		.4byte	.LASF42
 1361 0575 05       		.byte	0x5
 1362 0576 28       		.byte	0x28
 1363 0577 B1000000 		.4byte	0xb1
 1364 057b 05       		.uleb128 0x5
 1365 057c 03       		.byte	0x3
 1366 057d 00000000 		.4byte	initialized
 1367 0581 0A       		.uleb128 0xa
 1368 0582 62010000 		.4byte	0x162
 1369 0586 91050000 		.4byte	0x591
 1370 058a 0B       		.uleb128 0xb
 1371 058b C4000000 		.4byte	0xc4
 1372 058f 02       		.byte	0x2
 1373 0590 00       		.byte	0
 1374 0591 17       		.uleb128 0x17
 1375 0592 7B000000 		.4byte	.LASF43
 1376 0596 05       		.byte	0x5
 1377 0597 2A       		.byte	0x2a
 1378 0598 81050000 		.4byte	0x581
 1379 059c 05       		.uleb128 0x5
 1380 059d 03       		.byte	0x3
 1381 059e 00000000 		.4byte	set_of_tables
 1382 05a2 18       		.uleb128 0x18
 1383 05a3 46535200 		.ascii	"FSR\000"
 1384 05a7 08       		.byte	0x8
 1385 05a8 13       		.byte	0x13
 1386 05a9 B3050000 		.4byte	0x5b3
 1387 05ad 05       		.uleb128 0x5
 1388 05ae 03       		.byte	0x3
 1389 05af 00000000 		.4byte	FSR
 1390 05b3 19       		.uleb128 0x19
 1391 05b4 62010000 		.4byte	0x162
 1392 05b8 17       		.uleb128 0x17
 1393 05b9 61020000 		.4byte	.LASF44
 1394 05bd 08       		.byte	0x8
 1395 05be 14       		.byte	0x14
 1396 05bf B3050000 		.4byte	0x5b3
 1397 05c3 05       		.uleb128 0x5
 1398 05c4 03       		.byte	0x3
 1399 05c5 00000000 		.4byte	SampFreq
 1400 05c9 17       		.uleb128 0x17
 1401 05ca 00020000 		.4byte	.LASF45
 1402 05ce 08       		.byte	0x8
 1403 05cf 15       		.byte	0x15
 1404 05d0 B3050000 		.4byte	0x5b3
 1405 05d4 05       		.uleb128 0x5
 1406 05d5 03       		.byte	0x3
 1407 05d6 00000000 		.4byte	TempFormat
ARM GAS  C:\Users\Vanessa Aloia.Vanessa\AppData\Local\Temp\ccPBps7t.s 			page 32


 1408 05da 0A       		.uleb128 0xa
 1409 05db B1000000 		.4byte	0xb1
 1410 05df EA050000 		.4byte	0x5ea
 1411 05e3 0B       		.uleb128 0xb
 1412 05e4 C4000000 		.4byte	0xc4
 1413 05e8 31       		.byte	0x31
 1414 05e9 00       		.byte	0
 1415 05ea 17       		.uleb128 0x17
 1416 05eb 00000000 		.4byte	.LASF46
 1417 05ef 01       		.byte	0x1
 1418 05f0 10       		.byte	0x10
 1419 05f1 DA050000 		.4byte	0x5da
 1420 05f5 05       		.uleb128 0x5
 1421 05f6 03       		.byte	0x3
 1422 05f7 00000000 		.4byte	message
 1423 05fb 1A       		.uleb128 0x1a
 1424 05fc 16030000 		.4byte	.LASF47
 1425 0600 16030000 		.4byte	.LASF47
 1426 0604 09       		.byte	0x9
 1427 0605 8B       		.byte	0x8b
 1428 0606 1A       		.uleb128 0x1a
 1429 0607 25030000 		.4byte	.LASF48
 1430 060b 25030000 		.4byte	.LASF48
 1431 060f 0A       		.byte	0xa
 1432 0610 E7       		.byte	0xe7
 1433 0611 1B       		.uleb128 0x1b
 1434 0612 A4020000 		.4byte	.LASF53
 1435 0616 A4020000 		.4byte	.LASF53
 1436 061a 00       		.byte	0
 1437              		.section	.debug_abbrev,"",%progbits
 1438              	.Ldebug_abbrev0:
 1439 0000 01       		.uleb128 0x1
 1440 0001 11       		.uleb128 0x11
 1441 0002 01       		.byte	0x1
 1442 0003 25       		.uleb128 0x25
 1443 0004 0E       		.uleb128 0xe
 1444 0005 13       		.uleb128 0x13
 1445 0006 0B       		.uleb128 0xb
 1446 0007 03       		.uleb128 0x3
 1447 0008 0E       		.uleb128 0xe
 1448 0009 1B       		.uleb128 0x1b
 1449 000a 0E       		.uleb128 0xe
 1450 000b 55       		.uleb128 0x55
 1451 000c 17       		.uleb128 0x17
 1452 000d 11       		.uleb128 0x11
 1453 000e 01       		.uleb128 0x1
 1454 000f 10       		.uleb128 0x10
 1455 0010 17       		.uleb128 0x17
 1456 0011 00       		.byte	0
 1457 0012 00       		.byte	0
 1458 0013 02       		.uleb128 0x2
 1459 0014 24       		.uleb128 0x24
 1460 0015 00       		.byte	0
 1461 0016 0B       		.uleb128 0xb
 1462 0017 0B       		.uleb128 0xb
 1463 0018 3E       		.uleb128 0x3e
 1464 0019 0B       		.uleb128 0xb
ARM GAS  C:\Users\Vanessa Aloia.Vanessa\AppData\Local\Temp\ccPBps7t.s 			page 33


 1465 001a 03       		.uleb128 0x3
 1466 001b 0E       		.uleb128 0xe
 1467 001c 00       		.byte	0
 1468 001d 00       		.byte	0
 1469 001e 03       		.uleb128 0x3
 1470 001f 16       		.uleb128 0x16
 1471 0020 00       		.byte	0
 1472 0021 03       		.uleb128 0x3
 1473 0022 0E       		.uleb128 0xe
 1474 0023 3A       		.uleb128 0x3a
 1475 0024 0B       		.uleb128 0xb
 1476 0025 3B       		.uleb128 0x3b
 1477 0026 0B       		.uleb128 0xb
 1478 0027 49       		.uleb128 0x49
 1479 0028 13       		.uleb128 0x13
 1480 0029 00       		.byte	0
 1481 002a 00       		.byte	0
 1482 002b 04       		.uleb128 0x4
 1483 002c 24       		.uleb128 0x24
 1484 002d 00       		.byte	0
 1485 002e 0B       		.uleb128 0xb
 1486 002f 0B       		.uleb128 0xb
 1487 0030 3E       		.uleb128 0x3e
 1488 0031 0B       		.uleb128 0xb
 1489 0032 03       		.uleb128 0x3
 1490 0033 08       		.uleb128 0x8
 1491 0034 00       		.byte	0
 1492 0035 00       		.byte	0
 1493 0036 05       		.uleb128 0x5
 1494 0037 16       		.uleb128 0x16
 1495 0038 00       		.byte	0
 1496 0039 03       		.uleb128 0x3
 1497 003a 0E       		.uleb128 0xe
 1498 003b 3A       		.uleb128 0x3a
 1499 003c 0B       		.uleb128 0xb
 1500 003d 3B       		.uleb128 0x3b
 1501 003e 05       		.uleb128 0x5
 1502 003f 49       		.uleb128 0x49
 1503 0040 13       		.uleb128 0x13
 1504 0041 00       		.byte	0
 1505 0042 00       		.byte	0
 1506 0043 06       		.uleb128 0x6
 1507 0044 35       		.uleb128 0x35
 1508 0045 00       		.byte	0
 1509 0046 49       		.uleb128 0x49
 1510 0047 13       		.uleb128 0x13
 1511 0048 00       		.byte	0
 1512 0049 00       		.byte	0
 1513 004a 07       		.uleb128 0x7
 1514 004b 0F       		.uleb128 0xf
 1515 004c 00       		.byte	0
 1516 004d 0B       		.uleb128 0xb
 1517 004e 0B       		.uleb128 0xb
 1518 004f 49       		.uleb128 0x49
 1519 0050 13       		.uleb128 0x13
 1520 0051 00       		.byte	0
 1521 0052 00       		.byte	0
ARM GAS  C:\Users\Vanessa Aloia.Vanessa\AppData\Local\Temp\ccPBps7t.s 			page 34


 1522 0053 08       		.uleb128 0x8
 1523 0054 13       		.uleb128 0x13
 1524 0055 01       		.byte	0x1
 1525 0056 0B       		.uleb128 0xb
 1526 0057 0B       		.uleb128 0xb
 1527 0058 3A       		.uleb128 0x3a
 1528 0059 0B       		.uleb128 0xb
 1529 005a 3B       		.uleb128 0x3b
 1530 005b 0B       		.uleb128 0xb
 1531 005c 01       		.uleb128 0x1
 1532 005d 13       		.uleb128 0x13
 1533 005e 00       		.byte	0
 1534 005f 00       		.byte	0
 1535 0060 09       		.uleb128 0x9
 1536 0061 0D       		.uleb128 0xd
 1537 0062 00       		.byte	0
 1538 0063 03       		.uleb128 0x3
 1539 0064 0E       		.uleb128 0xe
 1540 0065 3A       		.uleb128 0x3a
 1541 0066 0B       		.uleb128 0xb
 1542 0067 3B       		.uleb128 0x3b
 1543 0068 0B       		.uleb128 0xb
 1544 0069 49       		.uleb128 0x49
 1545 006a 13       		.uleb128 0x13
 1546 006b 38       		.uleb128 0x38
 1547 006c 0B       		.uleb128 0xb
 1548 006d 00       		.byte	0
 1549 006e 00       		.byte	0
 1550 006f 0A       		.uleb128 0xa
 1551 0070 01       		.uleb128 0x1
 1552 0071 01       		.byte	0x1
 1553 0072 49       		.uleb128 0x49
 1554 0073 13       		.uleb128 0x13
 1555 0074 01       		.uleb128 0x1
 1556 0075 13       		.uleb128 0x13
 1557 0076 00       		.byte	0
 1558 0077 00       		.byte	0
 1559 0078 0B       		.uleb128 0xb
 1560 0079 21       		.uleb128 0x21
 1561 007a 00       		.byte	0
 1562 007b 49       		.uleb128 0x49
 1563 007c 13       		.uleb128 0x13
 1564 007d 2F       		.uleb128 0x2f
 1565 007e 0B       		.uleb128 0xb
 1566 007f 00       		.byte	0
 1567 0080 00       		.byte	0
 1568 0081 0C       		.uleb128 0xc
 1569 0082 2E       		.uleb128 0x2e
 1570 0083 01       		.byte	0x1
 1571 0084 3F       		.uleb128 0x3f
 1572 0085 19       		.uleb128 0x19
 1573 0086 03       		.uleb128 0x3
 1574 0087 0E       		.uleb128 0xe
 1575 0088 3A       		.uleb128 0x3a
 1576 0089 0B       		.uleb128 0xb
 1577 008a 3B       		.uleb128 0x3b
 1578 008b 0B       		.uleb128 0xb
ARM GAS  C:\Users\Vanessa Aloia.Vanessa\AppData\Local\Temp\ccPBps7t.s 			page 35


 1579 008c 27       		.uleb128 0x27
 1580 008d 19       		.uleb128 0x19
 1581 008e 11       		.uleb128 0x11
 1582 008f 01       		.uleb128 0x1
 1583 0090 12       		.uleb128 0x12
 1584 0091 06       		.uleb128 0x6
 1585 0092 40       		.uleb128 0x40
 1586 0093 18       		.uleb128 0x18
 1587 0094 9742     		.uleb128 0x2117
 1588 0096 19       		.uleb128 0x19
 1589 0097 01       		.uleb128 0x1
 1590 0098 13       		.uleb128 0x13
 1591 0099 00       		.byte	0
 1592 009a 00       		.byte	0
 1593 009b 0D       		.uleb128 0xd
 1594 009c 898201   		.uleb128 0x4109
 1595 009f 01       		.byte	0x1
 1596 00a0 11       		.uleb128 0x11
 1597 00a1 01       		.uleb128 0x1
 1598 00a2 31       		.uleb128 0x31
 1599 00a3 13       		.uleb128 0x13
 1600 00a4 00       		.byte	0
 1601 00a5 00       		.byte	0
 1602 00a6 0E       		.uleb128 0xe
 1603 00a7 8A8201   		.uleb128 0x410a
 1604 00aa 00       		.byte	0
 1605 00ab 02       		.uleb128 0x2
 1606 00ac 18       		.uleb128 0x18
 1607 00ad 9142     		.uleb128 0x2111
 1608 00af 18       		.uleb128 0x18
 1609 00b0 00       		.byte	0
 1610 00b1 00       		.byte	0
 1611 00b2 0F       		.uleb128 0xf
 1612 00b3 898201   		.uleb128 0x4109
 1613 00b6 00       		.byte	0
 1614 00b7 11       		.uleb128 0x11
 1615 00b8 01       		.uleb128 0x1
 1616 00b9 31       		.uleb128 0x31
 1617 00ba 13       		.uleb128 0x13
 1618 00bb 00       		.byte	0
 1619 00bc 00       		.byte	0
 1620 00bd 10       		.uleb128 0x10
 1621 00be 898201   		.uleb128 0x4109
 1622 00c1 01       		.byte	0x1
 1623 00c2 11       		.uleb128 0x11
 1624 00c3 01       		.uleb128 0x1
 1625 00c4 31       		.uleb128 0x31
 1626 00c5 13       		.uleb128 0x13
 1627 00c6 01       		.uleb128 0x1
 1628 00c7 13       		.uleb128 0x13
 1629 00c8 00       		.byte	0
 1630 00c9 00       		.byte	0
 1631 00ca 11       		.uleb128 0x11
 1632 00cb 05       		.uleb128 0x5
 1633 00cc 00       		.byte	0
 1634 00cd 03       		.uleb128 0x3
 1635 00ce 0E       		.uleb128 0xe
ARM GAS  C:\Users\Vanessa Aloia.Vanessa\AppData\Local\Temp\ccPBps7t.s 			page 36


 1636 00cf 3A       		.uleb128 0x3a
 1637 00d0 0B       		.uleb128 0xb
 1638 00d1 3B       		.uleb128 0x3b
 1639 00d2 0B       		.uleb128 0xb
 1640 00d3 49       		.uleb128 0x49
 1641 00d4 13       		.uleb128 0x13
 1642 00d5 02       		.uleb128 0x2
 1643 00d6 17       		.uleb128 0x17
 1644 00d7 00       		.byte	0
 1645 00d8 00       		.byte	0
 1646 00d9 12       		.uleb128 0x12
 1647 00da 34       		.uleb128 0x34
 1648 00db 00       		.byte	0
 1649 00dc 03       		.uleb128 0x3
 1650 00dd 08       		.uleb128 0x8
 1651 00de 3A       		.uleb128 0x3a
 1652 00df 0B       		.uleb128 0xb
 1653 00e0 3B       		.uleb128 0x3b
 1654 00e1 0B       		.uleb128 0xb
 1655 00e2 49       		.uleb128 0x49
 1656 00e3 13       		.uleb128 0x13
 1657 00e4 02       		.uleb128 0x2
 1658 00e5 17       		.uleb128 0x17
 1659 00e6 00       		.byte	0
 1660 00e7 00       		.byte	0
 1661 00e8 13       		.uleb128 0x13
 1662 00e9 34       		.uleb128 0x34
 1663 00ea 00       		.byte	0
 1664 00eb 03       		.uleb128 0x3
 1665 00ec 0E       		.uleb128 0xe
 1666 00ed 3A       		.uleb128 0x3a
 1667 00ee 0B       		.uleb128 0xb
 1668 00ef 3B       		.uleb128 0x3b
 1669 00f0 0B       		.uleb128 0xb
 1670 00f1 49       		.uleb128 0x49
 1671 00f2 13       		.uleb128 0x13
 1672 00f3 1C       		.uleb128 0x1c
 1673 00f4 0B       		.uleb128 0xb
 1674 00f5 00       		.byte	0
 1675 00f6 00       		.byte	0
 1676 00f7 14       		.uleb128 0x14
 1677 00f8 34       		.uleb128 0x34
 1678 00f9 00       		.byte	0
 1679 00fa 03       		.uleb128 0x3
 1680 00fb 0E       		.uleb128 0xe
 1681 00fc 3A       		.uleb128 0x3a
 1682 00fd 0B       		.uleb128 0xb
 1683 00fe 3B       		.uleb128 0x3b
 1684 00ff 0B       		.uleb128 0xb
 1685 0100 49       		.uleb128 0x49
 1686 0101 13       		.uleb128 0x13
 1687 0102 02       		.uleb128 0x2
 1688 0103 17       		.uleb128 0x17
 1689 0104 00       		.byte	0
 1690 0105 00       		.byte	0
 1691 0106 15       		.uleb128 0x15
 1692 0107 34       		.uleb128 0x34
ARM GAS  C:\Users\Vanessa Aloia.Vanessa\AppData\Local\Temp\ccPBps7t.s 			page 37


 1693 0108 00       		.byte	0
 1694 0109 03       		.uleb128 0x3
 1695 010a 0E       		.uleb128 0xe
 1696 010b 3A       		.uleb128 0x3a
 1697 010c 0B       		.uleb128 0xb
 1698 010d 3B       		.uleb128 0x3b
 1699 010e 0B       		.uleb128 0xb
 1700 010f 49       		.uleb128 0x49
 1701 0110 13       		.uleb128 0x13
 1702 0111 02       		.uleb128 0x2
 1703 0112 18       		.uleb128 0x18
 1704 0113 00       		.byte	0
 1705 0114 00       		.byte	0
 1706 0115 16       		.uleb128 0x16
 1707 0116 34       		.uleb128 0x34
 1708 0117 00       		.byte	0
 1709 0118 03       		.uleb128 0x3
 1710 0119 0E       		.uleb128 0xe
 1711 011a 3A       		.uleb128 0x3a
 1712 011b 0B       		.uleb128 0xb
 1713 011c 3B       		.uleb128 0x3b
 1714 011d 05       		.uleb128 0x5
 1715 011e 49       		.uleb128 0x49
 1716 011f 13       		.uleb128 0x13
 1717 0120 3F       		.uleb128 0x3f
 1718 0121 19       		.uleb128 0x19
 1719 0122 3C       		.uleb128 0x3c
 1720 0123 19       		.uleb128 0x19
 1721 0124 00       		.byte	0
 1722 0125 00       		.byte	0
 1723 0126 17       		.uleb128 0x17
 1724 0127 34       		.uleb128 0x34
 1725 0128 00       		.byte	0
 1726 0129 03       		.uleb128 0x3
 1727 012a 0E       		.uleb128 0xe
 1728 012b 3A       		.uleb128 0x3a
 1729 012c 0B       		.uleb128 0xb
 1730 012d 3B       		.uleb128 0x3b
 1731 012e 0B       		.uleb128 0xb
 1732 012f 49       		.uleb128 0x49
 1733 0130 13       		.uleb128 0x13
 1734 0131 3F       		.uleb128 0x3f
 1735 0132 19       		.uleb128 0x19
 1736 0133 02       		.uleb128 0x2
 1737 0134 18       		.uleb128 0x18
 1738 0135 00       		.byte	0
 1739 0136 00       		.byte	0
 1740 0137 18       		.uleb128 0x18
 1741 0138 34       		.uleb128 0x34
 1742 0139 00       		.byte	0
 1743 013a 03       		.uleb128 0x3
 1744 013b 08       		.uleb128 0x8
 1745 013c 3A       		.uleb128 0x3a
 1746 013d 0B       		.uleb128 0xb
 1747 013e 3B       		.uleb128 0x3b
 1748 013f 0B       		.uleb128 0xb
 1749 0140 49       		.uleb128 0x49
ARM GAS  C:\Users\Vanessa Aloia.Vanessa\AppData\Local\Temp\ccPBps7t.s 			page 38


 1750 0141 13       		.uleb128 0x13
 1751 0142 3F       		.uleb128 0x3f
 1752 0143 19       		.uleb128 0x19
 1753 0144 02       		.uleb128 0x2
 1754 0145 18       		.uleb128 0x18
 1755 0146 00       		.byte	0
 1756 0147 00       		.byte	0
 1757 0148 19       		.uleb128 0x19
 1758 0149 26       		.uleb128 0x26
 1759 014a 00       		.byte	0
 1760 014b 49       		.uleb128 0x49
 1761 014c 13       		.uleb128 0x13
 1762 014d 00       		.byte	0
 1763 014e 00       		.byte	0
 1764 014f 1A       		.uleb128 0x1a
 1765 0150 2E       		.uleb128 0x2e
 1766 0151 00       		.byte	0
 1767 0152 3F       		.uleb128 0x3f
 1768 0153 19       		.uleb128 0x19
 1769 0154 3C       		.uleb128 0x3c
 1770 0155 19       		.uleb128 0x19
 1771 0156 6E       		.uleb128 0x6e
 1772 0157 0E       		.uleb128 0xe
 1773 0158 03       		.uleb128 0x3
 1774 0159 0E       		.uleb128 0xe
 1775 015a 3A       		.uleb128 0x3a
 1776 015b 0B       		.uleb128 0xb
 1777 015c 3B       		.uleb128 0x3b
 1778 015d 0B       		.uleb128 0xb
 1779 015e 00       		.byte	0
 1780 015f 00       		.byte	0
 1781 0160 1B       		.uleb128 0x1b
 1782 0161 2E       		.uleb128 0x2e
 1783 0162 00       		.byte	0
 1784 0163 3F       		.uleb128 0x3f
 1785 0164 19       		.uleb128 0x19
 1786 0165 3C       		.uleb128 0x3c
 1787 0166 19       		.uleb128 0x19
 1788 0167 6E       		.uleb128 0x6e
 1789 0168 0E       		.uleb128 0xe
 1790 0169 03       		.uleb128 0x3
 1791 016a 0E       		.uleb128 0xe
 1792 016b 00       		.byte	0
 1793 016c 00       		.byte	0
 1794 016d 00       		.byte	0
 1795              		.section	.debug_loc,"",%progbits
 1796              	.Ldebug_loc0:
 1797              	.LLST0:
 1798 0000 00000000 		.4byte	.LVL14
 1799 0004 14000000 		.4byte	.LVL15
 1800 0008 0100     		.2byte	0x1
 1801 000a 50       		.byte	0x50
 1802 000b 14000000 		.4byte	.LVL15
 1803 000f A8000000 		.4byte	.LFE66
 1804 0013 0400     		.2byte	0x4
 1805 0015 F3       		.byte	0xf3
 1806 0016 01       		.uleb128 0x1
ARM GAS  C:\Users\Vanessa Aloia.Vanessa\AppData\Local\Temp\ccPBps7t.s 			page 39


 1807 0017 50       		.byte	0x50
 1808 0018 9F       		.byte	0x9f
 1809 0019 00000000 		.4byte	0
 1810 001d 00000000 		.4byte	0
 1811              	.LLST1:
 1812 0021 5E000000 		.4byte	.LVL23
 1813 0025 62000000 		.4byte	.LVL24
 1814 0029 0300     		.2byte	0x3
 1815 002b 08       		.byte	0x8
 1816 002c 28       		.byte	0x28
 1817 002d 9F       		.byte	0x9f
 1818 002e 62000000 		.4byte	.LVL24
 1819 0032 7C000000 		.4byte	.LVL27
 1820 0036 0100     		.2byte	0x1
 1821 0038 54       		.byte	0x54
 1822 0039 7E000000 		.4byte	.LVL28
 1823 003d 88000000 		.4byte	.LVL30
 1824 0041 0100     		.2byte	0x1
 1825 0043 54       		.byte	0x54
 1826 0044 00000000 		.4byte	0
 1827 0048 00000000 		.4byte	0
 1828              	.LLST2:
 1829 004c 44000000 		.4byte	.LVL20
 1830 0050 88000000 		.4byte	.LVL30
 1831 0054 0100     		.2byte	0x1
 1832 0056 56       		.byte	0x56
 1833 0057 00000000 		.4byte	0
 1834 005b 00000000 		.4byte	0
 1835              		.section	.debug_aranges,"",%progbits
 1836 0000 3C000000 		.4byte	0x3c
 1837 0004 0200     		.2byte	0x2
 1838 0006 00000000 		.4byte	.Ldebug_info0
 1839 000a 04       		.byte	0x4
 1840 000b 00       		.byte	0
 1841 000c 0000     		.2byte	0
 1842 000e 0000     		.2byte	0
 1843 0010 00000000 		.4byte	.LFB68
 1844 0014 38000000 		.4byte	.LFE68-.LFB68
 1845 0018 00000000 		.4byte	.LFB64
 1846 001c 74000000 		.4byte	.LFE64-.LFB64
 1847 0020 00000000 		.4byte	.LFB65
 1848 0024 28000000 		.4byte	.LFE65-.LFB65
 1849 0028 00000000 		.4byte	.LFB66
 1850 002c A8000000 		.4byte	.LFE66-.LFB66
 1851 0030 00000000 		.4byte	.LFB67
 1852 0034 E4000000 		.4byte	.LFE67-.LFB67
 1853 0038 00000000 		.4byte	0
 1854 003c 00000000 		.4byte	0
 1855              		.section	.debug_ranges,"",%progbits
 1856              	.Ldebug_ranges0:
 1857 0000 00000000 		.4byte	.LFB68
 1858 0004 38000000 		.4byte	.LFE68
 1859 0008 00000000 		.4byte	.LFB64
 1860 000c 74000000 		.4byte	.LFE64
 1861 0010 00000000 		.4byte	.LFB65
 1862 0014 28000000 		.4byte	.LFE65
 1863 0018 00000000 		.4byte	.LFB66
ARM GAS  C:\Users\Vanessa Aloia.Vanessa\AppData\Local\Temp\ccPBps7t.s 			page 40


 1864 001c A8000000 		.4byte	.LFE66
 1865 0020 00000000 		.4byte	.LFB67
 1866 0024 E4000000 		.4byte	.LFE67
 1867 0028 00000000 		.4byte	0
 1868 002c 00000000 		.4byte	0
 1869              		.section	.debug_line,"",%progbits
 1870              	.Ldebug_line0:
 1871 0000 CB020000 		.section	.debug_str,"MS",%progbits,1
 1871      02001E02 
 1871      00000201 
 1871      FB0E0D00 
 1871      01010101 
 1872              	.LASF46:
 1873 0000 6D657373 		.ascii	"message\000"
 1873      61676500 
 1874              	.LASF4:
 1875 0008 5F5F7569 		.ascii	"__uint8_t\000"
 1875      6E74385F 
 1875      7400
 1876              	.LASF50:
 1877 0012 436F6E66 		.ascii	"ConfigurationMenu.c\000"
 1877      69677572 
 1877      6174696F 
 1877      6E4D656E 
 1877      752E6300 
 1878              	.LASF37:
 1879 0026 4B657973 		.ascii	"Keys_menu\000"
 1879      5F6D656E 
 1879      7500
 1880              	.LASF33:
 1881 0030 53686F77 		.ascii	"Show_table\000"
 1881      5F746162 
 1881      6C6500
 1882              	.LASF5:
 1883 003b 5F5F696E 		.ascii	"__int32_t\000"
 1883      7433325F 
 1883      7400
 1884              	.LASF34:
 1885 0045 73746172 		.ascii	"start\000"
 1885      7400
 1886              	.LASF32:
 1887 004b 53776974 		.ascii	"Switch_to_BridgeControlPanel\000"
 1887      63685F74 
 1887      6F5F4272 
 1887      69646765 
 1887      436F6E74 
 1888              	.LASF31:
 1889 0068 5768696C 		.ascii	"While_Working_Menu\000"
 1889      655F576F 
 1889      726B696E 
 1889      675F4D65 
 1889      6E7500
 1890              	.LASF43:
 1891 007b 7365745F 		.ascii	"set_of_tables\000"
 1891      6F665F74 
 1891      61626C65 
 1891      7300
ARM GAS  C:\Users\Vanessa Aloia.Vanessa\AppData\Local\Temp\ccPBps7t.s 			page 41


 1892              	.LASF24:
 1893 0089 6F707469 		.ascii	"option2\000"
 1893      6F6E3200 
 1894              	.LASF14:
 1895 0091 666C6F61 		.ascii	"float\000"
 1895      7400
 1896              	.LASF51:
 1897 0097 433A5C55 		.ascii	"C:\\Users\\Vanessa Aloia.Vanessa\\Desktop\\Group_01"
 1897      73657273 
 1897      5C56616E 
 1897      65737361 
 1897      20416C6F 
 1898 00c6 5F46696E 		.ascii	"_FinalProject\\Group_01_FinalProject\\FinalProject."
 1898      616C5072 
 1898      6F6A6563 
 1898      745C4772 
 1898      6F75705F 
 1899 00f7 63796473 		.ascii	"cydsn\000"
 1899      6E00
 1900              	.LASF1:
 1901 00fd 756E7369 		.ascii	"unsigned char\000"
 1901      676E6564 
 1901      20636861 
 1901      7200
 1902              	.LASF49:
 1903 010b 474E5520 		.ascii	"GNU C11 5.4.1 20160609 (release) [ARM/embedded-5-br"
 1903      43313120 
 1903      352E342E 
 1903      31203230 
 1903      31363036 
 1904 013e 616E6368 		.ascii	"anch revision 237715] -mcpu=cortex-m3 -mthumb -g -O"
 1904      20726576 
 1904      6973696F 
 1904      6E203233 
 1904      37373135 
 1905 0171 67202D66 		.ascii	"g -ffunction-sections -ffat-lto-objects\000"
 1905      66756E63 
 1905      74696F6E 
 1905      2D736563 
 1905      74696F6E 
 1906              	.LASF42:
 1907 0199 696E6974 		.ascii	"initialized\000"
 1907      69616C69 
 1907      7A656400 
 1908              	.LASF7:
 1909 01a5 6C6F6E67 		.ascii	"long unsigned int\000"
 1909      20756E73 
 1909      69676E65 
 1909      6420696E 
 1909      7400
 1910              	.LASF3:
 1911 01b7 73686F72 		.ascii	"short unsigned int\000"
 1911      7420756E 
 1911      7369676E 
 1911      65642069 
 1911      6E7400
 1912              	.LASF39:
ARM GAS  C:\Users\Vanessa Aloia.Vanessa\AppData\Local\Temp\ccPBps7t.s 			page 42


 1913 01ca 466C6167 		.ascii	"FlagReady\000"
 1913      52656164 
 1913      7900
 1914              	.LASF35:
 1915 01d4 73746F70 		.ascii	"stop\000"
 1915      00
 1916              	.LASF21:
 1917 01d9 6B657931 		.ascii	"key1\000"
 1917      00
 1918              	.LASF23:
 1919 01de 6B657932 		.ascii	"key2\000"
 1919      00
 1920              	.LASF25:
 1921 01e3 6B657933 		.ascii	"key3\000"
 1921      00
 1922              	.LASF27:
 1923 01e8 6B657934 		.ascii	"key4\000"
 1923      00
 1924              	.LASF15:
 1925 01ed 646F7562 		.ascii	"double\000"
 1925      6C6500
 1926              	.LASF52:
 1927 01f4 696E6465 		.ascii	"index_table\000"
 1927      785F7461 
 1927      626C6500 
 1928              	.LASF45:
 1929 0200 54656D70 		.ascii	"TempFormat\000"
 1929      466F726D 
 1929      617400
 1930              	.LASF38:
 1931 020b 49544D5F 		.ascii	"ITM_RxBuffer\000"
 1931      52784275 
 1931      66666572 
 1931      00
 1932              	.LASF29:
 1933 0218 6F707469 		.ascii	"options_to_display\000"
 1933      6F6E735F 
 1933      746F5F64 
 1933      6973706C 
 1933      617900
 1934              	.LASF10:
 1935 022b 756E7369 		.ascii	"unsigned int\000"
 1935      676E6564 
 1935      20696E74 
 1935      00
 1936              	.LASF9:
 1937 0238 6C6F6E67 		.ascii	"long long unsigned int\000"
 1937      206C6F6E 
 1937      6720756E 
 1937      7369676E 
 1937      65642069 
 1938              	.LASF11:
 1939 024f 75696E74 		.ascii	"uint8_t\000"
 1939      385F7400 
 1940              	.LASF30:
 1941 0257 4D656E75 		.ascii	"Menu_edge\000"
 1941      5F656467 
ARM GAS  C:\Users\Vanessa Aloia.Vanessa\AppData\Local\Temp\ccPBps7t.s 			page 43


 1941      6500
 1942              	.LASF44:
 1943 0261 53616D70 		.ascii	"SampFreq\000"
 1943      46726571 
 1943      00
 1944              	.LASF12:
 1945 026a 696E7433 		.ascii	"int32_t\000"
 1945      325F7400 
 1946              	.LASF18:
 1947 0272 73697A65 		.ascii	"sizetype\000"
 1947      74797065 
 1947      00
 1948              	.LASF8:
 1949 027b 6C6F6E67 		.ascii	"long long int\000"
 1949      206C6F6E 
 1949      6720696E 
 1949      7400
 1950              	.LASF19:
 1951 0289 68656164 		.ascii	"header1\000"
 1951      65723100 
 1952              	.LASF20:
 1953 0291 68656164 		.ascii	"header2\000"
 1953      65723200 
 1954              	.LASF16:
 1955 0299 63686172 		.ascii	"char\000"
 1955      00
 1956              	.LASF36:
 1957 029e 696E6465 		.ascii	"index\000"
 1957      7800
 1958              	.LASF53:
 1959 02a4 6D656D63 		.ascii	"memcpy\000"
 1959      707900
 1960              	.LASF2:
 1961 02ab 73686F72 		.ascii	"short int\000"
 1961      7420696E 
 1961      7400
 1962              	.LASF13:
 1963 02b5 75696E74 		.ascii	"uint8\000"
 1963      3800
 1964              	.LASF22:
 1965 02bb 6F707469 		.ascii	"option1\000"
 1965      6F6E3100 
 1966              	.LASF40:
 1967 02c3 6368616E 		.ascii	"change_settings_flag\000"
 1967      67655F73 
 1967      65747469 
 1967      6E67735F 
 1967      666C6167 
 1968              	.LASF26:
 1969 02d8 6F707469 		.ascii	"option3\000"
 1969      6F6E3300 
 1970              	.LASF28:
 1971 02e0 6F707469 		.ascii	"option4\000"
 1971      6F6E3400 
 1972              	.LASF41:
 1973 02e8 6F707469 		.ascii	"option_table\000"
 1973      6F6E5F74 
ARM GAS  C:\Users\Vanessa Aloia.Vanessa\AppData\Local\Temp\ccPBps7t.s 			page 44


 1973      61626C65 
 1973      00
 1974              	.LASF6:
 1975 02f5 6C6F6E67 		.ascii	"long int\000"
 1975      20696E74 
 1975      00
 1976              	.LASF17:
 1977 02fe 6C6F6E67 		.ascii	"long double\000"
 1977      20646F75 
 1977      626C6500 
 1978              	.LASF0:
 1979 030a 7369676E 		.ascii	"signed char\000"
 1979      65642063 
 1979      68617200 
 1980              	.LASF47:
 1981 0316 55415254 		.ascii	"UART_PutString\000"
 1981      5F507574 
 1981      53747269 
 1981      6E6700
 1982              	.LASF48:
 1983 0325 73707269 		.ascii	"sprintf\000"
 1983      6E746600 
 1984              		.ident	"GCC: (GNU Tools for ARM Embedded Processors) 5.4.1 20160609 (release) [ARM/embedded-5-bran
