ARM GAS  C:\Users\annat\AppData\Local\Temp\ccxrACBD.s 			page 1


   1              		.syntax unified
   2              		.cpu cortex-m3
   3              		.fpu softvfp
   4              		.eabi_attribute 20, 1
   5              		.eabi_attribute 21, 1
   6              		.eabi_attribute 23, 3
   7              		.eabi_attribute 24, 1
   8              		.eabi_attribute 25, 1
   9              		.eabi_attribute 26, 1
  10              		.eabi_attribute 30, 1
  11              		.eabi_attribute 34, 1
  12              		.eabi_attribute 18, 4
  13              		.thumb
  14              		.syntax unified
  15              		.file	"cymetadata.c"
  16              		.text
  17              	.Ltext0:
  18              		.cfi_sections	.debug_frame
  19              		.global	cy_metadata
  20              		.global	cy_meta_flashprotect
  21              		.global	cy_meta_wonvl
  22              		.global	cy_meta_custnvl
  23              		.global	cy_meta_configecc
  24              		.section	.cyconfigecc,"a",%progbits
  25              		.align	2
  26              		.type	cy_meta_configecc, %object
  27              		.size	cy_meta_configecc, 1612
  28              	cy_meta_configecc:
  29 0000 02       		.byte	2
  30 0001 4F       		.byte	79
  31 0002 00       		.byte	0
  32 0003 40       		.byte	64
  33 0004 02       		.byte	2
  34 0005 52       		.byte	82
  35 0006 00       		.byte	0
  36 0007 40       		.byte	64
  37 0008 01       		.byte	1
  38 0009 64       		.byte	100
  39 000a 00       		.byte	0
  40 000b 40       		.byte	64
  41 000c 03       		.byte	3
  42 000d 65       		.byte	101
  43 000e 00       		.byte	0
  44 000f 40       		.byte	64
  45 0010 04       		.byte	4
  46 0011 00       		.byte	0
  47 0012 01       		.byte	1
  48 0013 40       		.byte	64
  49 0014 01       		.byte	1
  50 0015 01       		.byte	1
  51 0016 01       		.byte	1
  52 0017 40       		.byte	64
  53 0018 02       		.byte	2
  54 0019 03       		.byte	3
  55 001a 01       		.byte	1
  56 001b 40       		.byte	64
  57 001c 06       		.byte	6
ARM GAS  C:\Users\annat\AppData\Local\Temp\ccxrACBD.s 			page 2


  58 001d 07       		.byte	7
  59 001e 01       		.byte	1
  60 001f 40       		.byte	64
  61 0020 64       		.byte	100
  62 0021 08       		.byte	8
  63 0022 01       		.byte	1
  64 0023 40       		.byte	64
  65 0024 35       		.byte	53
  66 0025 09       		.byte	9
  67 0026 01       		.byte	1
  68 0027 40       		.byte	64
  69 0028 07       		.byte	7
  70 0029 15       		.byte	21
  71 002a 01       		.byte	1
  72 002b 40       		.byte	64
  73 002c 51       		.byte	81
  74 002d 16       		.byte	22
  75 002e 01       		.byte	1
  76 002f 40       		.byte	64
  77 0030 3F       		.byte	63
  78 0031 17       		.byte	23
  79 0032 01       		.byte	1
  80 0033 40       		.byte	64
  81 0034 5A       		.byte	90
  82 0035 18       		.byte	24
  83 0036 01       		.byte	1
  84 0037 40       		.byte	64
  85 0038 49       		.byte	73
  86 0039 19       		.byte	25
  87 003a 01       		.byte	1
  88 003b 40       		.byte	64
  89 003c 48       		.byte	72
  90 003d 1A       		.byte	26
  91 003e 01       		.byte	1
  92 003f 40       		.byte	64
  93 0040 4E       		.byte	78
  94 0041 1B       		.byte	27
  95 0042 01       		.byte	1
  96 0043 40       		.byte	64
  97 0044 02       		.byte	2
  98 0045 40       		.byte	64
  99 0046 01       		.byte	1
 100 0047 40       		.byte	64
 101 0048 07       		.byte	7
 102 0049 41       		.byte	65
 103 004a 01       		.byte	1
 104 004b 40       		.byte	64
 105 004c 08       		.byte	8
 106 004d 42       		.byte	66
 107 004e 01       		.byte	1
 108 004f 40       		.byte	64
 109 0050 09       		.byte	9
 110 0051 43       		.byte	67
 111 0052 01       		.byte	1
 112 0053 40       		.byte	64
 113 0054 02       		.byte	2
 114 0055 45       		.byte	69
ARM GAS  C:\Users\annat\AppData\Local\Temp\ccxrACBD.s 			page 3


 115 0056 01       		.byte	1
 116 0057 40       		.byte	64
 117 0058 01       		.byte	1
 118 0059 46       		.byte	70
 119 005a 01       		.byte	1
 120 005b 40       		.byte	64
 121 005c 01       		.byte	1
 122 005d 47       		.byte	71
 123 005e 01       		.byte	1
 124 005f 40       		.byte	64
 125 0060 05       		.byte	5
 126 0061 48       		.byte	72
 127 0062 01       		.byte	1
 128 0063 40       		.byte	64
 129 0064 0C       		.byte	12
 130 0065 49       		.byte	73
 131 0066 01       		.byte	1
 132 0067 40       		.byte	64
 133 0068 0D       		.byte	13
 134 0069 4C       		.byte	76
 135 006a 01       		.byte	1
 136 006b 40       		.byte	64
 137 006c 0E       		.byte	14
 138 006d 4D       		.byte	77
 139 006e 01       		.byte	1
 140 006f 40       		.byte	64
 141 0070 05       		.byte	5
 142 0071 50       		.byte	80
 143 0072 01       		.byte	1
 144 0073 40       		.byte	64
 145 0074 02       		.byte	2
 146 0075 51       		.byte	81
 147 0076 01       		.byte	1
 148 0077 40       		.byte	64
 149 0078 01       		.byte	1
 150 0079 80       		.byte	-128
 151 007a 0A       		.byte	10
 152 007b 4B       		.byte	75
 153 007c 00       		.byte	0
 154 007d 60       		.byte	96
 155 007e 01       		.byte	1
 156 007f 20       		.byte	32
 157 0080 89       		.byte	-119
 158 0081 38       		.byte	56
 159 0082 87       		.byte	-121
 160 0083 0F       		.byte	15
 161 0084 8A       		.byte	-118
 162 0085 72       		.byte	114
 163 0086 8B       		.byte	-117
 164 0087 0F       		.byte	15
 165 0088 B9       		.byte	-71
 166 0089 08       		.byte	8
 167 008a BF       		.byte	-65
 168 008b 04       		.byte	4
 169 008c D9       		.byte	-39
 170 008d 04       		.byte	4
 171 008e DF       		.byte	-33
ARM GAS  C:\Users\annat\AppData\Local\Temp\ccxrACBD.s 			page 4


 172 008f 01       		.byte	1
 173 0090 26       		.byte	38
 174 0091 08       		.byte	8
 175 0092 B2       		.byte	-78
 176 0093 08       		.byte	8
 177 0094 EE       		.byte	-18
 178 0095 80       		.byte	-128
 179 0096 81       		.byte	-127
 180 0097 01       		.byte	1
 181 0098 85       		.byte	-123
 182 0099 02       		.byte	2
 183 009a 8A       		.byte	-118
 184 009b 10       		.byte	16
 185 009c 8E       		.byte	-114
 186 009d 20       		.byte	32
 187 009e E2       		.byte	-30
 188 009f 10       		.byte	16
 189 00a0 E6       		.byte	-26
 190 00a1 03       		.byte	3
 191 00a2 03       		.byte	3
 192 00a3 53       		.byte	83
 193 00a4 05       		.byte	5
 194 00a5 30       		.byte	48
 195 00a6 07       		.byte	7
 196 00a7 40       		.byte	64
 197 00a8 0C       		.byte	12
 198 00a9 01       		.byte	1
 199 00aa 11       		.byte	17
 200 00ab 31       		.byte	49
 201 00ac 13       		.byte	19
 202 00ad 4E       		.byte	78
 203 00ae 15       		.byte	21
 204 00af AC       		.byte	-84
 205 00b0 17       		.byte	23
 206 00b1 43       		.byte	67
 207 00b2 19       		.byte	25
 208 00b3 31       		.byte	49
 209 00b4 1B       		.byte	27
 210 00b5 C6       		.byte	-58
 211 00b6 1C       		.byte	28
 212 00b7 02       		.byte	2
 213 00b8 23       		.byte	35
 214 00b9 8C       		.byte	-116
 215 00ba 26       		.byte	38
 216 00bb 01       		.byte	1
 217 00bc 28       		.byte	40
 218 00bd 01       		.byte	1
 219 00be 2B       		.byte	43
 220 00bf 08       		.byte	8
 221 00c0 32       		.byte	50
 222 00c1 03       		.byte	3
 223 00c2 33       		.byte	51
 224 00c3 F0       		.byte	-16
 225 00c4 35       		.byte	53
 226 00c5 0F       		.byte	15
 227 00c6 36       		.byte	54
 228 00c7 03       		.byte	3
ARM GAS  C:\Users\annat\AppData\Local\Temp\ccxrACBD.s 			page 5


 229 00c8 38       		.byte	56
 230 00c9 88       		.byte	-120
 231 00ca 3B       		.byte	59
 232 00cb 28       		.byte	40
 233 00cc 40       		.byte	64
 234 00cd 65       		.byte	101
 235 00ce 41       		.byte	65
 236 00cf 04       		.byte	4
 237 00d0 42       		.byte	66
 238 00d1 30       		.byte	48
 239 00d2 44       		.byte	68
 240 00d3 01       		.byte	1
 241 00d4 45       		.byte	69
 242 00d5 BE       		.byte	-66
 243 00d6 46       		.byte	70
 244 00d7 FC       		.byte	-4
 245 00d8 47       		.byte	71
 246 00d9 0D       		.byte	13
 247 00da 48       		.byte	72
 248 00db 1F       		.byte	31
 249 00dc 49       		.byte	73
 250 00dd FF       		.byte	-1
 251 00de 4A       		.byte	74
 252 00df FF       		.byte	-1
 253 00e0 4B       		.byte	75
 254 00e1 FF       		.byte	-1
 255 00e2 4C       		.byte	76
 256 00e3 22       		.byte	34
 257 00e4 4E       		.byte	78
 258 00e5 F0       		.byte	-16
 259 00e6 4F       		.byte	79
 260 00e7 08       		.byte	8
 261 00e8 50       		.byte	80
 262 00e9 04       		.byte	4
 263 00ea 54       		.byte	84
 264 00eb 40       		.byte	64
 265 00ec 58       		.byte	88
 266 00ed 04       		.byte	4
 267 00ee 59       		.byte	89
 268 00ef 04       		.byte	4
 269 00f0 5A       		.byte	90
 270 00f1 04       		.byte	4
 271 00f2 5B       		.byte	91
 272 00f3 04       		.byte	4
 273 00f4 5C       		.byte	92
 274 00f5 11       		.byte	17
 275 00f6 5F       		.byte	95
 276 00f7 01       		.byte	1
 277 00f8 62       		.byte	98
 278 00f9 C0       		.byte	-64
 279 00fa 64       		.byte	100
 280 00fb 40       		.byte	64
 281 00fc 65       		.byte	101
 282 00fd 01       		.byte	1
 283 00fe 66       		.byte	102
 284 00ff 10       		.byte	16
 285 0100 67       		.byte	103
ARM GAS  C:\Users\annat\AppData\Local\Temp\ccxrACBD.s 			page 6


 286 0101 11       		.byte	17
 287 0102 68       		.byte	104
 288 0103 C0       		.byte	-64
 289 0104 69       		.byte	105
 290 0105 01       		.byte	1
 291 0106 6B       		.byte	107
 292 0107 11       		.byte	17
 293 0108 6C       		.byte	108
 294 0109 40       		.byte	64
 295 010a 6D       		.byte	109
 296 010b 01       		.byte	1
 297 010c 6E       		.byte	110
 298 010d 40       		.byte	64
 299 010e 6F       		.byte	111
 300 010f 01       		.byte	1
 301 0110 82       		.byte	-126
 302 0111 02       		.byte	2
 303 0112 86       		.byte	-122
 304 0113 02       		.byte	2
 305 0114 87       		.byte	-121
 306 0115 02       		.byte	2
 307 0116 8A       		.byte	-118
 308 0117 01       		.byte	1
 309 0118 9F       		.byte	-97
 310 0119 01       		.byte	1
 311 011a A3       		.byte	-93
 312 011b 02       		.byte	2
 313 011c AF       		.byte	-81
 314 011d 01       		.byte	1
 315 011e B5       		.byte	-75
 316 011f 01       		.byte	1
 317 0120 B6       		.byte	-74
 318 0121 03       		.byte	3
 319 0122 B7       		.byte	-73
 320 0123 02       		.byte	2
 321 0124 BB       		.byte	-69
 322 0125 02       		.byte	2
 323 0126 BE       		.byte	-66
 324 0127 40       		.byte	64
 325 0128 BF       		.byte	-65
 326 0129 50       		.byte	80
 327 012a C0       		.byte	-64
 328 012b 36       		.byte	54
 329 012c C1       		.byte	-63
 330 012d 04       		.byte	4
 331 012e C2       		.byte	-62
 332 012f 05       		.byte	5
 333 0130 C4       		.byte	-60
 334 0131 01       		.byte	1
 335 0132 C6       		.byte	-58
 336 0133 0E       		.byte	14
 337 0134 C7       		.byte	-57
 338 0135 0C       		.byte	12
 339 0136 C8       		.byte	-56
 340 0137 14       		.byte	20
 341 0138 C9       		.byte	-55
 342 0139 FF       		.byte	-1
ARM GAS  C:\Users\annat\AppData\Local\Temp\ccxrACBD.s 			page 7


 343 013a CA       		.byte	-54
 344 013b FF       		.byte	-1
 345 013c CB       		.byte	-53
 346 013d FF       		.byte	-1
 347 013e CC       		.byte	-52
 348 013f 62       		.byte	98
 349 0140 CD       		.byte	-51
 350 0141 A0       		.byte	-96
 351 0142 CE       		.byte	-50
 352 0143 F0       		.byte	-16
 353 0144 CF       		.byte	-49
 354 0145 41       		.byte	65
 355 0146 D0       		.byte	-48
 356 0147 0C       		.byte	12
 357 0148 D4       		.byte	-44
 358 0149 18       		.byte	24
 359 014a D6       		.byte	-42
 360 014b 04       		.byte	4
 361 014c D8       		.byte	-40
 362 014d 04       		.byte	4
 363 014e D9       		.byte	-39
 364 014f 04       		.byte	4
 365 0150 DA       		.byte	-38
 366 0151 04       		.byte	4
 367 0152 DB       		.byte	-37
 368 0153 04       		.byte	4
 369 0154 DC       		.byte	-36
 370 0155 10       		.byte	16
 371 0156 DD       		.byte	-35
 372 0157 11       		.byte	17
 373 0158 DF       		.byte	-33
 374 0159 01       		.byte	1
 375 015a E6       		.byte	-26
 376 015b 40       		.byte	64
 377 015c E7       		.byte	-25
 378 015d 02       		.byte	2
 379 015e E9       		.byte	-23
 380 015f 10       		.byte	16
 381 0160 EA       		.byte	-22
 382 0161 30       		.byte	48
 383 0162 EB       		.byte	-21
 384 0163 10       		.byte	16
 385 0164 ED       		.byte	-19
 386 0165 10       		.byte	16
 387 0166 EE       		.byte	-18
 388 0167 10       		.byte	16
 389 0168 EF       		.byte	-17
 390 0169 12       		.byte	18
 391 016a 00       		.byte	0
 392 016b 2A       		.byte	42
 393 016c 07       		.byte	7
 394 016d 01       		.byte	1
 395 016e 0F       		.byte	15
 396 016f 02       		.byte	2
 397 0170 17       		.byte	23
 398 0171 14       		.byte	20
 399 0172 18       		.byte	24
ARM GAS  C:\Users\annat\AppData\Local\Temp\ccxrACBD.s 			page 8


 400 0173 01       		.byte	1
 401 0174 1E       		.byte	30
 402 0175 10       		.byte	16
 403 0176 1F       		.byte	31
 404 0177 80       		.byte	-128
 405 0178 20       		.byte	32
 406 0179 40       		.byte	64
 407 017a 21       		.byte	33
 408 017b A0       		.byte	-96
 409 017c 27       		.byte	39
 410 017d 14       		.byte	20
 411 017e 29       		.byte	41
 412 017f 02       		.byte	2
 413 0180 2A       		.byte	42
 414 0181 40       		.byte	64
 415 0182 2C       		.byte	44
 416 0183 08       		.byte	8
 417 0184 2F       		.byte	47
 418 0185 80       		.byte	-128
 419 0186 31       		.byte	49
 420 0187 40       		.byte	64
 421 0188 37       		.byte	55
 422 0189 15       		.byte	21
 423 018a 38       		.byte	56
 424 018b 08       		.byte	8
 425 018c 3F       		.byte	63
 426 018d 0A       		.byte	10
 427 018e 40       		.byte	64
 428 018f 51       		.byte	81
 429 0190 45       		.byte	69
 430 0191 01       		.byte	1
 431 0192 46       		.byte	70
 432 0193 22       		.byte	34
 433 0194 49       		.byte	73
 434 0195 10       		.byte	16
 435 0196 4A       		.byte	74
 436 0197 01       		.byte	1
 437 0198 4D       		.byte	77
 438 0199 44       		.byte	68
 439 019a 4E       		.byte	78
 440 019b 80       		.byte	-128
 441 019c 4F       		.byte	79
 442 019d 20       		.byte	32
 443 019e 50       		.byte	80
 444 019f 04       		.byte	4
 445 01a0 52       		.byte	82
 446 01a1 40       		.byte	64
 447 01a2 54       		.byte	84
 448 01a3 40       		.byte	64
 449 01a4 56       		.byte	86
 450 01a5 90       		.byte	-112
 451 01a6 57       		.byte	87
 452 01a7 08       		.byte	8
 453 01a8 5A       		.byte	90
 454 01a9 02       		.byte	2
 455 01aa 5D       		.byte	93
 456 01ab 02       		.byte	2
ARM GAS  C:\Users\annat\AppData\Local\Temp\ccxrACBD.s 			page 9


 457 01ac 5E       		.byte	94
 458 01ad 02       		.byte	2
 459 01ae 61       		.byte	97
 460 01af A0       		.byte	-96
 461 01b0 63       		.byte	99
 462 01b1 40       		.byte	64
 463 01b2 64       		.byte	100
 464 01b3 22       		.byte	34
 465 01b4 66       		.byte	102
 466 01b5 10       		.byte	16
 467 01b6 80       		.byte	-128
 468 01b7 02       		.byte	2
 469 01b8 83       		.byte	-125
 470 01b9 08       		.byte	8
 471 01ba 87       		.byte	-121
 472 01bb 40       		.byte	64
 473 01bc 88       		.byte	-120
 474 01bd 40       		.byte	64
 475 01be C0       		.byte	-64
 476 01bf 8E       		.byte	-114
 477 01c0 C2       		.byte	-62
 478 01c1 80       		.byte	-128
 479 01c2 C4       		.byte	-60
 480 01c3 60       		.byte	96
 481 01c4 CA       		.byte	-54
 482 01c5 A9       		.byte	-87
 483 01c6 CC       		.byte	-52
 484 01c7 E8       		.byte	-24
 485 01c8 CE       		.byte	-50
 486 01c9 C2       		.byte	-62
 487 01ca D0       		.byte	-48
 488 01cb DB       		.byte	-37
 489 01cc D2       		.byte	-46
 490 01cd 3C       		.byte	60
 491 01ce D6       		.byte	-42
 492 01cf 01       		.byte	1
 493 01d0 D8       		.byte	-40
 494 01d1 7D       		.byte	125
 495 01d2 E6       		.byte	-26
 496 01d3 20       		.byte	32
 497 01d4 AD       		.byte	-83
 498 01d5 20       		.byte	32
 499 01d6 B3       		.byte	-77
 500 01d7 20       		.byte	32
 501 01d8 B4       		.byte	-76
 502 01d9 40       		.byte	64
 503 01da B5       		.byte	-75
 504 01db 04       		.byte	4
 505 01dc E0       		.byte	-32
 506 01dd 08       		.byte	8
 507 01de E4       		.byte	-28
 508 01df 01       		.byte	1
 509 01e0 EC       		.byte	-20
 510 01e1 02       		.byte	2
 511 01e2 00       		.byte	0
 512 01e3 9A       		.byte	-102
 513 01e4 04       		.byte	4
ARM GAS  C:\Users\annat\AppData\Local\Temp\ccxrACBD.s 			page 10


 514 01e5 02       		.byte	2
 515 01e6 0C       		.byte	12
 516 01e7 9A       		.byte	-102
 517 01e8 0D       		.byte	13
 518 01e9 0E       		.byte	14
 519 01ea 10       		.byte	16
 520 01eb 38       		.byte	56
 521 01ec 11       		.byte	17
 522 01ed 04       		.byte	4
 523 01ee 12       		.byte	18
 524 01ef C0       		.byte	-64
 525 01f0 13       		.byte	19
 526 01f1 39       		.byte	57
 527 01f2 14       		.byte	20
 528 01f3 13       		.byte	19
 529 01f4 15       		.byte	21
 530 01f5 23       		.byte	35
 531 01f6 16       		.byte	22
 532 01f7 64       		.byte	100
 533 01f8 17       		.byte	23
 534 01f9 04       		.byte	4
 535 01fa 18       		.byte	24
 536 01fb 21       		.byte	33
 537 01fc 1A       		.byte	26
 538 01fd D8       		.byte	-40
 539 01fe 1B       		.byte	27
 540 01ff 10       		.byte	16
 541 0200 1C       		.byte	28
 542 0201 98       		.byte	-104
 543 0202 1E       		.byte	30
 544 0203 02       		.byte	2
 545 0204 20       		.byte	32
 546 0205 FC       		.byte	-4
 547 0206 22       		.byte	34
 548 0207 03       		.byte	3
 549 0208 24       		.byte	36
 550 0209 02       		.byte	2
 551 020a 25       		.byte	37
 552 020b 05       		.byte	5
 553 020c 26       		.byte	38
 554 020d 98       		.byte	-104
 555 020e 27       		.byte	39
 556 020f 3A       		.byte	58
 557 0210 28       		.byte	40
 558 0211 98       		.byte	-104
 559 0212 2A       		.byte	42
 560 0213 02       		.byte	2
 561 0214 30       		.byte	48
 562 0215 E0       		.byte	-32
 563 0216 32       		.byte	50
 564 0217 13       		.byte	19
 565 0218 34       		.byte	52
 566 0219 0F       		.byte	15
 567 021a 35       		.byte	53
 568 021b 30       		.byte	48
 569 021c 37       		.byte	55
 570 021d 0F       		.byte	15
ARM GAS  C:\Users\annat\AppData\Local\Temp\ccxrACBD.s 			page 11


 571 021e 39       		.byte	57
 572 021f 80       		.byte	-128
 573 0220 3A       		.byte	58
 574 0221 22       		.byte	34
 575 0222 58       		.byte	88
 576 0223 04       		.byte	4
 577 0224 59       		.byte	89
 578 0225 04       		.byte	4
 579 0226 5F       		.byte	95
 580 0227 01       		.byte	1
 581 0228 80       		.byte	-128
 582 0229 22       		.byte	34
 583 022a 82       		.byte	-126
 584 022b 08       		.byte	8
 585 022c 84       		.byte	-124
 586 022d 22       		.byte	34
 587 022e 85       		.byte	-123
 588 022f 84       		.byte	-124
 589 0230 86       		.byte	-122
 590 0231 04       		.byte	4
 591 0232 88       		.byte	-120
 592 0233 02       		.byte	2
 593 0234 89       		.byte	-119
 594 0235 80       		.byte	-128
 595 0236 8A       		.byte	-118
 596 0237 0D       		.byte	13
 597 0238 8B       		.byte	-117
 598 0239 04       		.byte	4
 599 023a 8C       		.byte	-116
 600 023b 1D       		.byte	29
 601 023c 8D       		.byte	-115
 602 023d 84       		.byte	-124
 603 023e 91       		.byte	-111
 604 023f 01       		.byte	1
 605 0240 92       		.byte	-110
 606 0241 10       		.byte	16
 607 0242 94       		.byte	-108
 608 0243 21       		.byte	33
 609 0244 95       		.byte	-107
 610 0245 07       		.byte	7
 611 0246 96       		.byte	-106
 612 0247 02       		.byte	2
 613 0248 97       		.byte	-105
 614 0249 38       		.byte	56
 615 024a 99       		.byte	-103
 616 024b 60       		.byte	96
 617 024c 9C       		.byte	-100
 618 024d 1D       		.byte	29
 619 024e 9D       		.byte	-99
 620 024f 84       		.byte	-124
 621 0250 A1       		.byte	-95
 622 0251 56       		.byte	86
 623 0252 A3       		.byte	-93
 624 0253 09       		.byte	9
 625 0254 A4       		.byte	-92
 626 0255 1D       		.byte	29
 627 0256 A5       		.byte	-91
ARM GAS  C:\Users\annat\AppData\Local\Temp\ccxrACBD.s 			page 12


 628 0257 0A       		.byte	10
 629 0258 A7       		.byte	-89
 630 0259 10       		.byte	16
 631 025a A8       		.byte	-88
 632 025b 1D       		.byte	29
 633 025c A9       		.byte	-87
 634 025d 04       		.byte	4
 635 025e AB       		.byte	-85
 636 025f 80       		.byte	-128
 637 0260 AC       		.byte	-84
 638 0261 0D       		.byte	13
 639 0262 AD       		.byte	-83
 640 0263 04       		.byte	4
 641 0264 AE       		.byte	-82
 642 0265 10       		.byte	16
 643 0266 B0       		.byte	-80
 644 0267 10       		.byte	16
 645 0268 B1       		.byte	-79
 646 0269 7F       		.byte	127
 647 026a B2       		.byte	-78
 648 026b 0F       		.byte	15
 649 026c B4       		.byte	-76
 650 026d 20       		.byte	32
 651 026e B5       		.byte	-75
 652 026f 80       		.byte	-128
 653 0270 B9       		.byte	-71
 654 0271 02       		.byte	2
 655 0272 BA       		.byte	-70
 656 0273 08       		.byte	8
 657 0274 BE       		.byte	-66
 658 0275 11       		.byte	17
 659 0276 BF       		.byte	-65
 660 0277 10       		.byte	16
 661 0278 D6       		.byte	-42
 662 0279 02       		.byte	2
 663 027a D7       		.byte	-41
 664 027b 20       		.byte	32
 665 027c D8       		.byte	-40
 666 027d 04       		.byte	4
 667 027e D9       		.byte	-39
 668 027f 04       		.byte	4
 669 0280 DB       		.byte	-37
 670 0281 04       		.byte	4
 671 0282 DF       		.byte	-33
 672 0283 01       		.byte	1
 673 0284 00       		.byte	0
 674 0285 90       		.byte	-112
 675 0286 01       		.byte	1
 676 0287 02       		.byte	2
 677 0288 03       		.byte	3
 678 0289 20       		.byte	32
 679 028a 04       		.byte	4
 680 028b 80       		.byte	-128
 681 028c 06       		.byte	6
 682 028d 10       		.byte	16
 683 028e 07       		.byte	7
 684 028f 40       		.byte	64
ARM GAS  C:\Users\annat\AppData\Local\Temp\ccxrACBD.s 			page 13


 685 0290 09       		.byte	9
 686 0291 01       		.byte	1
 687 0292 0A       		.byte	10
 688 0293 11       		.byte	17
 689 0294 0D       		.byte	13
 690 0295 40       		.byte	64
 691 0296 0E       		.byte	14
 692 0297 54       		.byte	84
 693 0298 10       		.byte	16
 694 0299 08       		.byte	8
 695 029a 11       		.byte	17
 696 029b 44       		.byte	68
 697 029c 14       		.byte	20
 698 029d 80       		.byte	-128
 699 029e 17       		.byte	23
 700 029f 18       		.byte	24
 701 02a0 18       		.byte	24
 702 02a1 50       		.byte	80
 703 02a2 19       		.byte	25
 704 02a3 20       		.byte	32
 705 02a4 1D       		.byte	29
 706 02a5 04       		.byte	4
 707 02a6 1E       		.byte	30
 708 02a7 54       		.byte	84
 709 02a8 1F       		.byte	31
 710 02a9 22       		.byte	34
 711 02aa 20       		.byte	32
 712 02ab 04       		.byte	4
 713 02ac 21       		.byte	33
 714 02ad 02       		.byte	2
 715 02ae 25       		.byte	37
 716 02af 40       		.byte	64
 717 02b0 26       		.byte	38
 718 02b1 20       		.byte	32
 719 02b2 28       		.byte	40
 720 02b3 80       		.byte	-128
 721 02b4 29       		.byte	41
 722 02b5 02       		.byte	2
 723 02b6 2B       		.byte	43
 724 02b7 26       		.byte	38
 725 02b8 2F       		.byte	47
 726 02b9 20       		.byte	32
 727 02ba 31       		.byte	49
 728 02bb 06       		.byte	6
 729 02bc 32       		.byte	50
 730 02bd 10       		.byte	16
 731 02be 33       		.byte	51
 732 02bf 40       		.byte	64
 733 02c0 35       		.byte	53
 734 02c1 06       		.byte	6
 735 02c2 36       		.byte	54
 736 02c3 20       		.byte	32
 737 02c4 38       		.byte	56
 738 02c5 80       		.byte	-128
 739 02c6 39       		.byte	57
 740 02c7 14       		.byte	20
 741 02c8 3D       		.byte	61
ARM GAS  C:\Users\annat\AppData\Local\Temp\ccxrACBD.s 			page 14


 742 02c9 80       		.byte	-128
 743 02ca 60       		.byte	96
 744 02cb 02       		.byte	2
 745 02cc 68       		.byte	104
 746 02cd 48       		.byte	72
 747 02ce 69       		.byte	105
 748 02cf D4       		.byte	-44
 749 02d0 6B       		.byte	107
 750 02d1 58       		.byte	88
 751 02d2 70       		.byte	112
 752 02d3 40       		.byte	64
 753 02d4 72       		.byte	114
 754 02d5 01       		.byte	1
 755 02d6 80       		.byte	-128
 756 02d7 04       		.byte	4
 757 02d8 81       		.byte	-127
 758 02d9 02       		.byte	2
 759 02da 84       		.byte	-124
 760 02db 02       		.byte	2
 761 02dc 8D       		.byte	-115
 762 02dd 40       		.byte	64
 763 02de 8F       		.byte	-113
 764 02df 04       		.byte	4
 765 02e0 92       		.byte	-110
 766 02e1 20       		.byte	32
 767 02e2 9A       		.byte	-102
 768 02e3 10       		.byte	16
 769 02e4 A1       		.byte	-95
 770 02e5 01       		.byte	1
 771 02e6 A5       		.byte	-91
 772 02e7 02       		.byte	2
 773 02e8 A6       		.byte	-90
 774 02e9 20       		.byte	32
 775 02ea B6       		.byte	-74
 776 02eb 10       		.byte	16
 777 02ec C0       		.byte	-64
 778 02ed BF       		.byte	-65
 779 02ee C2       		.byte	-62
 780 02ef FD       		.byte	-3
 781 02f0 C4       		.byte	-60
 782 02f1 77       		.byte	119
 783 02f2 CA       		.byte	-54
 784 02f3 4F       		.byte	79
 785 02f4 CC       		.byte	-52
 786 02f5 EF       		.byte	-17
 787 02f6 CE       		.byte	-50
 788 02f7 1E       		.byte	30
 789 02f8 D8       		.byte	-40
 790 02f9 08       		.byte	8
 791 02fa E0       		.byte	-32
 792 02fb 04       		.byte	4
 793 02fc E2       		.byte	-30
 794 02fd 10       		.byte	16
 795 02fe E6       		.byte	-26
 796 02ff 0E       		.byte	14
 797 0300 EA       		.byte	-22
 798 0301 02       		.byte	2
ARM GAS  C:\Users\annat\AppData\Local\Temp\ccxrACBD.s 			page 15


 799 0302 00       		.byte	0
 800 0303 04       		.byte	4
 801 0304 03       		.byte	3
 802 0305 20       		.byte	32
 803 0306 04       		.byte	4
 804 0307 31       		.byte	49
 805 0308 05       		.byte	5
 806 0309 14       		.byte	20
 807 030a 06       		.byte	6
 808 030b CA       		.byte	-54
 809 030c 09       		.byte	9
 810 030d 09       		.byte	9
 811 030e 0B       		.byte	11
 812 030f D0       		.byte	-48
 813 0310 11       		.byte	17
 814 0311 0C       		.byte	12
 815 0312 13       		.byte	19
 816 0313 71       		.byte	113
 817 0314 14       		.byte	20
 818 0315 5E       		.byte	94
 819 0316 15       		.byte	21
 820 0317 DC       		.byte	-36
 821 0318 16       		.byte	22
 822 0319 A1       		.byte	-95
 823 031a 17       		.byte	23
 824 031b 22       		.byte	34
 825 031c 18       		.byte	24
 826 031d 20       		.byte	32
 827 031e 19       		.byte	25
 828 031f 10       		.byte	16
 829 0320 1A       		.byte	26
 830 0321 D0       		.byte	-48
 831 0322 1B       		.byte	27
 832 0323 AC       		.byte	-84
 833 0324 1C       		.byte	28
 834 0325 94       		.byte	-108
 835 0326 1E       		.byte	30
 836 0327 68       		.byte	104
 837 0328 1F       		.byte	31
 838 0329 03       		.byte	3
 839 032a 29       		.byte	41
 840 032b 10       		.byte	16
 841 032c 2B       		.byte	43
 842 032d 40       		.byte	64
 843 032e 31       		.byte	49
 844 032f 1F       		.byte	31
 845 0330 32       		.byte	50
 846 0331 08       		.byte	8
 847 0332 34       		.byte	52
 848 0333 F0       		.byte	-16
 849 0334 36       		.byte	54
 850 0335 07       		.byte	7
 851 0336 37       		.byte	55
 852 0337 E0       		.byte	-32
 853 0338 3A       		.byte	58
 854 0339 A0       		.byte	-96
 855 033a 3B       		.byte	59
ARM GAS  C:\Users\annat\AppData\Local\Temp\ccxrACBD.s 			page 16


 856 033b 80       		.byte	-128
 857 033c 3E       		.byte	62
 858 033d 04       		.byte	4
 859 033e 40       		.byte	64
 860 033f 03       		.byte	3
 861 0340 47       		.byte	71
 862 0341 04       		.byte	4
 863 0342 49       		.byte	73
 864 0343 FF       		.byte	-1
 865 0344 4A       		.byte	74
 866 0345 07       		.byte	7
 867 0346 4B       		.byte	75
 868 0347 FF       		.byte	-1
 869 0348 4C       		.byte	76
 870 0349 40       		.byte	64
 871 034a 4D       		.byte	77
 872 034b 20       		.byte	32
 873 034c 4E       		.byte	78
 874 034d F0       		.byte	-16
 875 034e 4F       		.byte	79
 876 034f 05       		.byte	5
 877 0350 50       		.byte	80
 878 0351 08       		.byte	8
 879 0352 54       		.byte	84
 880 0353 09       		.byte	9
 881 0354 58       		.byte	88
 882 0355 04       		.byte	4
 883 0356 59       		.byte	89
 884 0357 04       		.byte	4
 885 0358 5A       		.byte	90
 886 0359 04       		.byte	4
 887 035a 5B       		.byte	91
 888 035b 04       		.byte	4
 889 035c 5C       		.byte	92
 890 035d 10       		.byte	16
 891 035e 5D       		.byte	93
 892 035f 01       		.byte	1
 893 0360 5F       		.byte	95
 894 0361 01       		.byte	1
 895 0362 60       		.byte	96
 896 0363 40       		.byte	64
 897 0364 61       		.byte	97
 898 0365 A8       		.byte	-88
 899 0366 62       		.byte	98
 900 0367 40       		.byte	64
 901 0368 63       		.byte	99
 902 0369 20       		.byte	32
 903 036a 81       		.byte	-127
 904 036b 10       		.byte	16
 905 036c 84       		.byte	-124
 906 036d 06       		.byte	6
 907 036e 85       		.byte	-123
 908 036f 7C       		.byte	124
 909 0370 86       		.byte	-122
 910 0371 19       		.byte	25
 911 0372 87       		.byte	-121
 912 0373 01       		.byte	1
ARM GAS  C:\Users\annat\AppData\Local\Temp\ccxrACBD.s 			page 17


 913 0374 88       		.byte	-120
 914 0375 19       		.byte	25
 915 0376 89       		.byte	-119
 916 0377 67       		.byte	103
 917 0378 8A       		.byte	-118
 918 0379 06       		.byte	6
 919 037a 8B       		.byte	-117
 920 037b 18       		.byte	24
 921 037c 8C       		.byte	-116
 922 037d 1F       		.byte	31
 923 037e 8D       		.byte	-115
 924 037f 7F       		.byte	127
 925 0380 91       		.byte	-111
 926 0381 24       		.byte	36
 927 0382 94       		.byte	-108
 928 0383 06       		.byte	6
 929 0384 95       		.byte	-107
 930 0385 18       		.byte	24
 931 0386 98       		.byte	-104
 932 0387 07       		.byte	7
 933 0388 99       		.byte	-103
 934 0389 1C       		.byte	28
 935 038a 9A       		.byte	-102
 936 038b 18       		.byte	24
 937 038c 9B       		.byte	-101
 938 038d 62       		.byte	98
 939 038e 9C       		.byte	-100
 940 038f 04       		.byte	4
 941 0390 9F       		.byte	-97
 942 0391 04       		.byte	4
 943 0392 A1       		.byte	-95
 944 0393 40       		.byte	64
 945 0394 A4       		.byte	-92
 946 0395 02       		.byte	2
 947 0396 A5       		.byte	-91
 948 0397 08       		.byte	8
 949 0398 AA       		.byte	-86
 950 0399 09       		.byte	9
 951 039a AB       		.byte	-85
 952 039b 63       		.byte	99
 953 039c AD       		.byte	-83
 954 039d 60       		.byte	96
 955 039e B0       		.byte	-80
 956 039f 07       		.byte	7
 957 03a0 B3       		.byte	-77
 958 03a1 78       		.byte	120
 959 03a2 B4       		.byte	-76
 960 03a3 0E       		.byte	14
 961 03a4 B5       		.byte	-75
 962 03a5 1F       		.byte	31
 963 03a6 B6       		.byte	-74
 964 03a7 10       		.byte	16
 965 03a8 B8       		.byte	-72
 966 03a9 80       		.byte	-128
 967 03aa BA       		.byte	-70
 968 03ab 20       		.byte	32
 969 03ac BB       		.byte	-69
ARM GAS  C:\Users\annat\AppData\Local\Temp\ccxrACBD.s 			page 18


 970 03ad 28       		.byte	40
 971 03ae D8       		.byte	-40
 972 03af 04       		.byte	4
 973 03b0 D9       		.byte	-39
 974 03b1 04       		.byte	4
 975 03b2 DC       		.byte	-36
 976 03b3 11       		.byte	17
 977 03b4 DF       		.byte	-33
 978 03b5 01       		.byte	1
 979 03b6 00       		.byte	0
 980 03b7 54       		.byte	84
 981 03b8 04       		.byte	4
 982 03b9 08       		.byte	8
 983 03ba 05       		.byte	5
 984 03bb 10       		.byte	16
 985 03bc 06       		.byte	6
 986 03bd 84       		.byte	-124
 987 03be 08       		.byte	8
 988 03bf 04       		.byte	4
 989 03c0 0B       		.byte	11
 990 03c1 15       		.byte	21
 991 03c2 0E       		.byte	14
 992 03c3 26       		.byte	38
 993 03c4 0F       		.byte	15
 994 03c5 20       		.byte	32
 995 03c6 10       		.byte	16
 996 03c7 30       		.byte	48
 997 03c8 12       		.byte	18
 998 03c9 04       		.byte	4
 999 03ca 18       		.byte	24
 1000 03cb 04       		.byte	4
 1001 03cc 19       		.byte	25
 1002 03cd 42       		.byte	66
 1003 03ce 1E       		.byte	30
 1004 03cf 06       		.byte	6
 1005 03d0 1F       		.byte	31
 1006 03d1 98       		.byte	-104
 1007 03d2 20       		.byte	32
 1008 03d3 10       		.byte	16
 1009 03d4 22       		.byte	34
 1010 03d5 10       		.byte	16
 1011 03d6 23       		.byte	35
 1012 03d7 04       		.byte	4
 1013 03d8 27       		.byte	39
 1014 03d9 41       		.byte	65
 1015 03da 28       		.byte	40
 1016 03db 90       		.byte	-112
 1017 03dc 29       		.byte	41
 1018 03dd 90       		.byte	-112
 1019 03de 2C       		.byte	44
 1020 03df 08       		.byte	8
 1021 03e0 30       		.byte	48
 1022 03e1 06       		.byte	6
 1023 03e2 32       		.byte	50
 1024 03e3 50       		.byte	80
 1025 03e4 37       		.byte	55
 1026 03e5 55       		.byte	85
ARM GAS  C:\Users\annat\AppData\Local\Temp\ccxrACBD.s 			page 19


 1027 03e6 38       		.byte	56
 1028 03e7 54       		.byte	84
 1029 03e8 3B       		.byte	59
 1030 03e9 01       		.byte	1
 1031 03ea 3D       		.byte	61
 1032 03eb 08       		.byte	8
 1033 03ec 3E       		.byte	62
 1034 03ed 10       		.byte	16
 1035 03ee 3F       		.byte	63
 1036 03ef 02       		.byte	2
 1037 03f0 45       		.byte	69
 1038 03f1 08       		.byte	8
 1039 03f2 4F       		.byte	79
 1040 03f3 02       		.byte	2
 1041 03f4 54       		.byte	84
 1042 03f5 08       		.byte	8
 1043 03f6 5D       		.byte	93
 1044 03f7 04       		.byte	4
 1045 03f8 5E       		.byte	94
 1046 03f9 01       		.byte	1
 1047 03fa 5F       		.byte	95
 1048 03fb 60       		.byte	96
 1049 03fc 64       		.byte	100
 1050 03fd 02       		.byte	2
 1051 03fe 81       		.byte	-127
 1052 03ff 40       		.byte	64
 1053 0400 82       		.byte	-126
 1054 0401 20       		.byte	32
 1055 0402 83       		.byte	-125
 1056 0403 80       		.byte	-128
 1057 0404 84       		.byte	-124
 1058 0405 10       		.byte	16
 1059 0406 85       		.byte	-123
 1060 0407 80       		.byte	-128
 1061 0408 87       		.byte	-121
 1062 0409 10       		.byte	16
 1063 040a 8B       		.byte	-117
 1064 040b 48       		.byte	72
 1065 040c 90       		.byte	-112
 1066 040d 40       		.byte	64
 1067 040e 91       		.byte	-111
 1068 040f 04       		.byte	4
 1069 0410 92       		.byte	-110
 1070 0411 10       		.byte	16
 1071 0412 94       		.byte	-108
 1072 0413 10       		.byte	16
 1073 0414 95       		.byte	-107
 1074 0415 40       		.byte	64
 1075 0416 96       		.byte	-106
 1076 0417 02       		.byte	2
 1077 0418 9A       		.byte	-102
 1078 0419 80       		.byte	-128
 1079 041a 9B       		.byte	-101
 1080 041b 14       		.byte	20
 1081 041c 9C       		.byte	-100
 1082 041d 20       		.byte	32
 1083 041e 9D       		.byte	-99
ARM GAS  C:\Users\annat\AppData\Local\Temp\ccxrACBD.s 			page 20


 1084 041f 52       		.byte	82
 1085 0420 9E       		.byte	-98
 1086 0421 20       		.byte	32
 1087 0422 9F       		.byte	-97
 1088 0423 01       		.byte	1
 1089 0424 A4       		.byte	-92
 1090 0425 1D       		.byte	29
 1091 0426 A5       		.byte	-91
 1092 0427 01       		.byte	1
 1093 0428 A7       		.byte	-89
 1094 0429 15       		.byte	21
 1095 042a AA       		.byte	-86
 1096 042b 02       		.byte	2
 1097 042c B6       		.byte	-74
 1098 042d 80       		.byte	-128
 1099 042e C0       		.byte	-64
 1100 042f 37       		.byte	55
 1101 0430 C2       		.byte	-62
 1102 0431 E7       		.byte	-25
 1103 0432 C4       		.byte	-60
 1104 0433 06       		.byte	6
 1105 0434 CA       		.byte	-54
 1106 0435 2F       		.byte	47
 1107 0436 CC       		.byte	-52
 1108 0437 FF       		.byte	-1
 1109 0438 CE       		.byte	-50
 1110 0439 EF       		.byte	-17
 1111 043a D0       		.byte	-48
 1112 043b 40       		.byte	64
 1113 043c D6       		.byte	-42
 1114 043d F0       		.byte	-16
 1115 043e D8       		.byte	-40
 1116 043f 10       		.byte	16
 1117 0440 E2       		.byte	-30
 1118 0441 10       		.byte	16
 1119 0442 E6       		.byte	-26
 1120 0443 08       		.byte	8
 1121 0444 EA       		.byte	-22
 1122 0445 42       		.byte	66
 1123 0446 EE       		.byte	-18
 1124 0447 04       		.byte	4
 1125 0448 00       		.byte	0
 1126 0449 01       		.byte	1
 1127 044a 04       		.byte	4
 1128 044b 04       		.byte	4
 1129 044c 05       		.byte	5
 1130 044d EC       		.byte	-20
 1131 044e 08       		.byte	8
 1132 044f 04       		.byte	4
 1133 0450 09       		.byte	9
 1134 0451 03       		.byte	3
 1135 0452 0C       		.byte	12
 1136 0453 04       		.byte	4
 1137 0454 0D       		.byte	13
 1138 0455 03       		.byte	3
 1139 0456 13       		.byte	19
 1140 0457 03       		.byte	3
ARM GAS  C:\Users\annat\AppData\Local\Temp\ccxrACBD.s 			page 21


 1141 0458 14       		.byte	20
 1142 0459 04       		.byte	4
 1143 045a 15       		.byte	21
 1144 045b 23       		.byte	35
 1145 045c 17       		.byte	23
 1146 045d C0       		.byte	-64
 1147 045e 1B       		.byte	27
 1148 045f 03       		.byte	3
 1149 0460 1D       		.byte	29
 1150 0461 EC       		.byte	-20
 1151 0462 20       		.byte	32
 1152 0463 02       		.byte	2
 1153 0464 21       		.byte	33
 1154 0465 45       		.byte	69
 1155 0466 23       		.byte	35
 1156 0467 38       		.byte	56
 1157 0468 24       		.byte	36
 1158 0469 02       		.byte	2
 1159 046a 27       		.byte	39
 1160 046b 03       		.byte	3
 1161 046c 28       		.byte	40
 1162 046d 02       		.byte	2
 1163 046e 29       		.byte	41
 1164 046f 8A       		.byte	-118
 1165 0470 2B       		.byte	43
 1166 0471 24       		.byte	36
 1167 0472 30       		.byte	48
 1168 0473 04       		.byte	4
 1169 0474 31       		.byte	49
 1170 0475 03       		.byte	3
 1171 0476 32       		.byte	50
 1172 0477 01       		.byte	1
 1173 0478 33       		.byte	51
 1174 0479 E0       		.byte	-32
 1175 047a 34       		.byte	52
 1176 047b 02       		.byte	2
 1177 047c 35       		.byte	53
 1178 047d 0C       		.byte	12
 1179 047e 37       		.byte	55
 1180 047f 10       		.byte	16
 1181 0480 3E       		.byte	62
 1182 0481 05       		.byte	5
 1183 0482 56       		.byte	86
 1184 0483 02       		.byte	2
 1185 0484 57       		.byte	87
 1186 0485 13       		.byte	19
 1187 0486 58       		.byte	88
 1188 0487 04       		.byte	4
 1189 0488 59       		.byte	89
 1190 0489 04       		.byte	4
 1191 048a 5B       		.byte	91
 1192 048b 04       		.byte	4
 1193 048c 5C       		.byte	92
 1194 048d 11       		.byte	17
 1195 048e 5D       		.byte	93
 1196 048f 10       		.byte	16
 1197 0490 5F       		.byte	95
ARM GAS  C:\Users\annat\AppData\Local\Temp\ccxrACBD.s 			page 22


 1198 0491 01       		.byte	1
 1199 0492 84       		.byte	-124
 1200 0493 07       		.byte	7
 1201 0494 88       		.byte	-120
 1202 0495 02       		.byte	2
 1203 0496 8A       		.byte	-118
 1204 0497 04       		.byte	4
 1205 0498 9A       		.byte	-102
 1206 0499 04       		.byte	4
 1207 049a 9E       		.byte	-98
 1208 049b 05       		.byte	5
 1209 049c A0       		.byte	-96
 1210 049d 07       		.byte	7
 1211 049e A1       		.byte	-95
 1212 049f 01       		.byte	1
 1213 04a0 B0       		.byte	-80
 1214 04a1 04       		.byte	4
 1215 04a2 B2       		.byte	-78
 1216 04a3 03       		.byte	3
 1217 04a4 B3       		.byte	-77
 1218 04a5 01       		.byte	1
 1219 04a6 B8       		.byte	-72
 1220 04a7 08       		.byte	8
 1221 04a8 BE       		.byte	-66
 1222 04a9 05       		.byte	5
 1223 04aa BF       		.byte	-65
 1224 04ab 04       		.byte	4
 1225 04ac C0       		.byte	-64
 1226 04ad 25       		.byte	37
 1227 04ae C1       		.byte	-63
 1228 04af 04       		.byte	4
 1229 04b0 C5       		.byte	-59
 1230 04b1 0C       		.byte	12
 1231 04b2 C6       		.byte	-58
 1232 04b3 0E       		.byte	14
 1233 04b4 C7       		.byte	-57
 1234 04b5 0B       		.byte	11
 1235 04b6 C8       		.byte	-56
 1236 04b7 15       		.byte	21
 1237 04b8 C9       		.byte	-55
 1238 04b9 FF       		.byte	-1
 1239 04ba CA       		.byte	-54
 1240 04bb FF       		.byte	-1
 1241 04bc CB       		.byte	-53
 1242 04bd FF       		.byte	-1
 1243 04be CE       		.byte	-50
 1244 04bf F0       		.byte	-16
 1245 04c0 CF       		.byte	-49
 1246 04c1 44       		.byte	68
 1247 04c2 D0       		.byte	-48
 1248 04c3 0C       		.byte	12
 1249 04c4 D4       		.byte	-44
 1250 04c5 01       		.byte	1
 1251 04c6 D8       		.byte	-40
 1252 04c7 04       		.byte	4
 1253 04c8 D9       		.byte	-39
 1254 04c9 04       		.byte	4
ARM GAS  C:\Users\annat\AppData\Local\Temp\ccxrACBD.s 			page 23


 1255 04ca DA       		.byte	-38
 1256 04cb 04       		.byte	4
 1257 04cc DB       		.byte	-37
 1258 04cd 04       		.byte	4
 1259 04ce DD       		.byte	-35
 1260 04cf 11       		.byte	17
 1261 04d0 DF       		.byte	-33
 1262 04d1 01       		.byte	1
 1263 04d2 E6       		.byte	-26
 1264 04d3 C0       		.byte	-64
 1265 04d4 EA       		.byte	-22
 1266 04d5 40       		.byte	64
 1267 04d6 EB       		.byte	-21
 1268 04d7 02       		.byte	2
 1269 04d8 00       		.byte	0
 1270 04d9 54       		.byte	84
 1271 04da 03       		.byte	3
 1272 04db 40       		.byte	64
 1273 04dc 07       		.byte	7
 1274 04dd 14       		.byte	20
 1275 04de 0A       		.byte	10
 1276 04df 20       		.byte	32
 1277 04e0 0F       		.byte	15
 1278 04e1 06       		.byte	6
 1279 04e2 11       		.byte	17
 1280 04e3 14       		.byte	20
 1281 04e4 13       		.byte	19
 1282 04e5 02       		.byte	2
 1283 04e6 17       		.byte	23
 1284 04e7 01       		.byte	1
 1285 04e8 19       		.byte	25
 1286 04e9 11       		.byte	17
 1287 04ea 1B       		.byte	27
 1288 04eb 08       		.byte	8
 1289 04ec 1D       		.byte	29
 1290 04ed 08       		.byte	8
 1291 04ee 1E       		.byte	30
 1292 04ef 80       		.byte	-128
 1293 04f0 20       		.byte	32
 1294 04f1 28       		.byte	40
 1295 04f2 22       		.byte	34
 1296 04f3 45       		.byte	69
 1297 04f4 26       		.byte	38
 1298 04f5 04       		.byte	4
 1299 04f6 29       		.byte	41
 1300 04f7 A0       		.byte	-96
 1301 04f8 2A       		.byte	42
 1302 04f9 06       		.byte	6
 1303 04fa 2B       		.byte	43
 1304 04fb 01       		.byte	1
 1305 04fc 2D       		.byte	45
 1306 04fd 01       		.byte	1
 1307 04fe 2F       		.byte	47
 1308 04ff 80       		.byte	-128
 1309 0500 30       		.byte	48
 1310 0501 40       		.byte	64
 1311 0502 32       		.byte	50
ARM GAS  C:\Users\annat\AppData\Local\Temp\ccxrACBD.s 			page 24


 1312 0503 14       		.byte	20
 1313 0504 33       		.byte	51
 1314 0505 02       		.byte	2
 1315 0506 38       		.byte	56
 1316 0507 50       		.byte	80
 1317 0508 39       		.byte	57
 1318 0509 04       		.byte	4
 1319 050a 47       		.byte	71
 1320 050b 11       		.byte	17
 1321 050c 48       		.byte	72
 1322 050d 04       		.byte	4
 1323 050e 49       		.byte	73
 1324 050f 20       		.byte	32
 1325 0510 4D       		.byte	77
 1326 0511 80       		.byte	-128
 1327 0512 4F       		.byte	79
 1328 0513 0C       		.byte	12
 1329 0514 55       		.byte	85
 1330 0515 04       		.byte	4
 1331 0516 57       		.byte	87
 1332 0517 80       		.byte	-128
 1333 0518 59       		.byte	89
 1334 0519 01       		.byte	1
 1335 051a 5C       		.byte	92
 1336 051b 20       		.byte	32
 1337 051c 5D       		.byte	93
 1338 051d 01       		.byte	1
 1339 051e 5E       		.byte	94
 1340 051f 88       		.byte	-120
 1341 0520 69       		.byte	105
 1342 0521 14       		.byte	20
 1343 0522 6B       		.byte	107
 1344 0523 02       		.byte	2
 1345 0524 70       		.byte	112
 1346 0525 20       		.byte	32
 1347 0526 73       		.byte	115
 1348 0527 11       		.byte	17
 1349 0528 78       		.byte	120
 1350 0529 20       		.byte	32
 1351 052a 7B       		.byte	123
 1352 052b 04       		.byte	4
 1353 052c 80       		.byte	-128
 1354 052d 04       		.byte	4
 1355 052e 83       		.byte	-125
 1356 052f 02       		.byte	2
 1357 0530 84       		.byte	-124
 1358 0531 40       		.byte	64
 1359 0532 85       		.byte	-123
 1360 0533 10       		.byte	16
 1361 0534 87       		.byte	-121
 1362 0535 08       		.byte	8
 1363 0536 88       		.byte	-120
 1364 0537 03       		.byte	3
 1365 0538 8A       		.byte	-118
 1366 0539 02       		.byte	2
 1367 053a 90       		.byte	-112
 1368 053b 54       		.byte	84
ARM GAS  C:\Users\annat\AppData\Local\Temp\ccxrACBD.s 			page 25


 1369 053c 92       		.byte	-110
 1370 053d 20       		.byte	32
 1371 053e 96       		.byte	-106
 1372 053f 82       		.byte	-126
 1373 0540 97       		.byte	-105
 1374 0541 11       		.byte	17
 1375 0542 9A       		.byte	-102
 1376 0543 04       		.byte	4
 1377 0544 9B       		.byte	-101
 1378 0545 55       		.byte	85
 1379 0546 9D       		.byte	-99
 1380 0547 10       		.byte	16
 1381 0548 A3       		.byte	-93
 1382 0549 01       		.byte	1
 1383 054a A4       		.byte	-92
 1384 054b 37       		.byte	55
 1385 054c A5       		.byte	-91
 1386 054d 0C       		.byte	12
 1387 054e A7       		.byte	-89
 1388 054f 04       		.byte	4
 1389 0550 AC       		.byte	-84
 1390 0551 02       		.byte	2
 1391 0552 B0       		.byte	-80
 1392 0553 84       		.byte	-124
 1393 0554 B2       		.byte	-78
 1394 0555 B1       		.byte	-79
 1395 0556 B3       		.byte	-77
 1396 0557 20       		.byte	32
 1397 0558 B4       		.byte	-76
 1398 0559 24       		.byte	36
 1399 055a B5       		.byte	-75
 1400 055b 01       		.byte	1
 1401 055c C0       		.byte	-64
 1402 055d 6F       		.byte	111
 1403 055e C2       		.byte	-62
 1404 055f C4       		.byte	-60
 1405 0560 C4       		.byte	-60
 1406 0561 1E       		.byte	30
 1407 0562 CA       		.byte	-54
 1408 0563 87       		.byte	-121
 1409 0564 CC       		.byte	-52
 1410 0565 0F       		.byte	15
 1411 0566 CE       		.byte	-50
 1412 0567 0E       		.byte	14
 1413 0568 D0       		.byte	-48
 1414 0569 A0       		.byte	-96
 1415 056a D2       		.byte	-46
 1416 056b 10       		.byte	16
 1417 056c D6       		.byte	-42
 1418 056d F1       		.byte	-15
 1419 056e E0       		.byte	-32
 1420 056f 08       		.byte	8
 1421 0570 E4       		.byte	-28
 1422 0571 03       		.byte	3
 1423 0572 E8       		.byte	-24
 1424 0573 D0       		.byte	-48
 1425 0574 32       		.byte	50
ARM GAS  C:\Users\annat\AppData\Local\Temp\ccxrACBD.s 			page 26


 1426 0575 20       		.byte	32
 1427 0576 CC       		.byte	-52
 1428 0577 10       		.byte	16
 1429 0578 64       		.byte	100
 1430 0579 01       		.byte	1
 1431 057a 65       		.byte	101
 1432 057b 20       		.byte	32
 1433 057c 92       		.byte	-110
 1434 057d 01       		.byte	1
 1435 057e A6       		.byte	-90
 1436 057f 20       		.byte	32
 1437 0580 B2       		.byte	-78
 1438 0581 01       		.byte	1
 1439 0582 D6       		.byte	-42
 1440 0583 80       		.byte	-128
 1441 0584 D8       		.byte	-40
 1442 0585 80       		.byte	-128
 1443 0586 3C       		.byte	60
 1444 0587 80       		.byte	-128
 1445 0588 5A       		.byte	90
 1446 0589 01       		.byte	1
 1447 058a 92       		.byte	-110
 1448 058b 01       		.byte	1
 1449 058c 9C       		.byte	-100
 1450 058d 01       		.byte	1
 1451 058e 9D       		.byte	-99
 1452 058f 20       		.byte	32
 1453 0590 A6       		.byte	-90
 1454 0591 20       		.byte	32
 1455 0592 CE       		.byte	-50
 1456 0593 20       		.byte	32
 1457 0594 D6       		.byte	-42
 1458 0595 40       		.byte	64
 1459 0596 84       		.byte	-124
 1460 0597 01       		.byte	1
 1461 0598 86       		.byte	-122
 1462 0599 20       		.byte	32
 1463 059a 8D       		.byte	-115
 1464 059b 20       		.byte	32
 1465 059c 9C       		.byte	-100
 1466 059d 01       		.byte	1
 1467 059e 9D       		.byte	-99
 1468 059f 20       		.byte	32
 1469 05a0 A4       		.byte	-92
 1470 05a1 40       		.byte	64
 1471 05a2 A6       		.byte	-90
 1472 05a3 20       		.byte	32
 1473 05a4 E2       		.byte	-30
 1474 05a5 40       		.byte	64
 1475 05a6 E6       		.byte	-26
 1476 05a7 40       		.byte	64
 1477 05a8 03       		.byte	3
 1478 05a9 20       		.byte	32
 1479 05aa C0       		.byte	-64
 1480 05ab 08       		.byte	8
 1481 05ac A3       		.byte	-93
 1482 05ad 20       		.byte	32
ARM GAS  C:\Users\annat\AppData\Local\Temp\ccxrACBD.s 			page 27


 1483 05ae A3       		.byte	-93
 1484 05af 20       		.byte	32
 1485 05b0 85       		.byte	-123
 1486 05b1 08       		.byte	8
 1487 05b2 8D       		.byte	-115
 1488 05b3 04       		.byte	4
 1489 05b4 AC       		.byte	-84
 1490 05b5 40       		.byte	64
 1491 05b6 E6       		.byte	-26
 1492 05b7 10       		.byte	16
 1493 05b8 EA       		.byte	-22
 1494 05b9 40       		.byte	64
 1495 05ba 12       		.byte	18
 1496 05bb 20       		.byte	32
 1497 05bc 16       		.byte	22
 1498 05bd 40       		.byte	64
 1499 05be 71       		.byte	113
 1500 05bf 04       		.byte	4
 1501 05c0 75       		.byte	117
 1502 05c1 08       		.byte	8
 1503 05c2 82       		.byte	-126
 1504 05c3 20       		.byte	32
 1505 05c4 86       		.byte	-122
 1506 05c5 40       		.byte	64
 1507 05c6 99       		.byte	-103
 1508 05c7 0C       		.byte	12
 1509 05c8 C4       		.byte	-60
 1510 05c9 30       		.byte	48
 1511 05ca DC       		.byte	-36
 1512 05cb 80       		.byte	-128
 1513 05cc DE       		.byte	-34
 1514 05cd 20       		.byte	32
 1515 05ce E0       		.byte	-32
 1516 05cf 10       		.byte	16
 1517 05d0 E4       		.byte	-28
 1518 05d1 80       		.byte	-128
 1519 05d2 11       		.byte	17
 1520 05d3 02       		.byte	2
 1521 05d4 13       		.byte	19
 1522 05d5 80       		.byte	-128
 1523 05d6 14       		.byte	20
 1524 05d7 40       		.byte	64
 1525 05d8 7B       		.byte	123
 1526 05d9 10       		.byte	16
 1527 05da 7F       		.byte	127
 1528 05db 40       		.byte	64
 1529 05dc 84       		.byte	-124
 1530 05dd 40       		.byte	64
 1531 05de 8D       		.byte	-115
 1532 05df 01       		.byte	1
 1533 05e0 9F       		.byte	-97
 1534 05e1 80       		.byte	-128
 1535 05e2 AB       		.byte	-85
 1536 05e3 20       		.byte	32
 1537 05e4 AF       		.byte	-81
 1538 05e5 80       		.byte	-128
 1539 05e6 C4       		.byte	-60
ARM GAS  C:\Users\annat\AppData\Local\Temp\ccxrACBD.s 			page 28


 1540 05e7 0E       		.byte	14
 1541 05e8 DE       		.byte	-34
 1542 05e9 03       		.byte	3
 1543 05ea E2       		.byte	-30
 1544 05eb 08       		.byte	8
 1545 05ec 10       		.byte	16
 1546 05ed 40       		.byte	64
 1547 05ee 11       		.byte	17
 1548 05ef 01       		.byte	1
 1549 05f0 74       		.byte	116
 1550 05f1 04       		.byte	4
 1551 05f2 83       		.byte	-125
 1552 05f3 10       		.byte	16
 1553 05f4 84       		.byte	-124
 1554 05f5 04       		.byte	4
 1555 05f6 87       		.byte	-121
 1556 05f7 40       		.byte	64
 1557 05f8 88       		.byte	-120
 1558 05f9 40       		.byte	64
 1559 05fa 89       		.byte	-119
 1560 05fb 01       		.byte	1
 1561 05fc 97       		.byte	-105
 1562 05fd 80       		.byte	-128
 1563 05fe A7       		.byte	-89
 1564 05ff 10       		.byte	16
 1565 0600 C4       		.byte	-60
 1566 0601 08       		.byte	8
 1567 0602 DE       		.byte	-34
 1568 0603 04       		.byte	4
 1569 0604 E2       		.byte	-30
 1570 0605 01       		.byte	1
 1571 0606 E6       		.byte	-26
 1572 0607 01       		.byte	1
 1573 0608 00       		.byte	0
 1574 0609 03       		.byte	3
 1575 060a 0C       		.byte	12
 1576 060b 03       		.byte	3
 1577 060c 10       		.byte	16
 1578 060d 03       		.byte	3
 1579 060e 1A       		.byte	26
 1580 060f 01       		.byte	1
 1581 0610 1C       		.byte	28
 1582 0611 03       		.byte	3
 1583 0612 00       		.byte	0
 1584 0613 03       		.byte	3
 1585 0614 03       		.byte	3
 1586 0615 C0       		.byte	-64
 1587 0616 00       		.byte	0
 1588 0617 00       		.byte	0
 1589 0618 82       		.byte	-126
 1590 0619 80       		.byte	-128
 1591 061a 00       		.byte	0
 1592 061b 00       		.byte	0
 1593 061c 43       		.byte	67
 1594 061d 00       		.byte	0
 1595 061e 00       		.byte	0
 1596 061f 00       		.byte	0
ARM GAS  C:\Users\annat\AppData\Local\Temp\ccxrACBD.s 			page 29


 1597 0620 20       		.byte	32
 1598 0621 00       		.byte	0
 1599 0622 00       		.byte	0
 1600 0623 60       		.byte	96
 1601 0624 60       		.byte	96
 1602 0625 00       		.byte	0
 1603 0626 60       		.byte	96
 1604 0627 00       		.byte	0
 1605 0628 00       		.byte	0
 1606 0629 00       		.byte	0
 1607 062a 00       		.byte	0
 1608 062b 00       		.byte	0
 1609 062c 83       		.byte	-125
 1610 062d 00       		.byte	0
 1611 062e 40       		.byte	64
 1612 062f 80       		.byte	-128
 1613 0630 83       		.byte	-125
 1614 0631 00       		.byte	0
 1615 0632 83       		.byte	-125
 1616 0633 00       		.byte	0
 1617 0634 00       		.byte	0
 1618 0635 00       		.byte	0
 1619 0636 00       		.byte	0
 1620 0637 00       		.byte	0
 1621 0638 00       		.byte	0
 1622 0639 4B       		.byte	75
 1623 063a 4B       		.byte	75
 1624 063b 00       		.byte	0
 1625 063c 00       		.byte	0
 1626 063d 00       		.byte	0
 1627 063e 00       		.byte	0
 1628 063f 00       		.byte	0
 1629 0640 10       		.byte	16
 1630 0641 00       		.byte	0
 1631 0642 01       		.byte	1
 1632 0643 10       		.byte	16
 1633 0644 10       		.byte	16
 1634 0645 00       		.byte	0
 1635 0646 00       		.byte	0
 1636 0647 00       		.byte	0
 1637 0648 00       		.byte	0
 1638 0649 00       		.byte	0
 1639 064a 00       		.byte	0
 1640 064b 00       		.byte	0
 1641              		.section	.cywolatch,"a",%progbits
 1642              		.align	2
 1643              		.type	cy_meta_wonvl, %object
 1644              		.size	cy_meta_wonvl, 4
 1645              	cy_meta_wonvl:
 1646 0000 BC       		.byte	-68
 1647 0001 90       		.byte	-112
 1648 0002 AC       		.byte	-84
 1649 0003 AF       		.byte	-81
 1650              		.section	.cycustnvl,"a",%progbits
 1651              		.align	2
 1652              		.type	cy_meta_custnvl, %object
 1653              		.size	cy_meta_custnvl, 4
ARM GAS  C:\Users\annat\AppData\Local\Temp\ccxrACBD.s 			page 30


 1654              	cy_meta_custnvl:
 1655 0000 00       		.byte	0
 1656 0001 00       		.byte	0
 1657 0002 40       		.byte	64
 1658 0003 05       		.byte	5
 1659              		.section	.cymeta,"a",%progbits
 1660              		.align	2
 1661              		.type	cy_metadata, %object
 1662              		.size	cy_metadata, 12
 1663              	cy_metadata:
 1664 0000 00       		.byte	0
 1665 0001 01       		.byte	1
 1666 0002 2E       		.byte	46
 1667 0003 16       		.byte	22
 1668 0004 10       		.byte	16
 1669 0005 69       		.byte	105
 1670 0006 00       		.byte	0
 1671 0007 01       		.byte	1
 1672 0008 00       		.byte	0
 1673 0009 00       		.byte	0
 1674 000a 00       		.byte	0
 1675 000b 00       		.byte	0
 1676              		.section	.cyflashprotect,"a",%progbits
 1677              		.align	2
 1678              		.type	cy_meta_flashprotect, %object
 1679              		.size	cy_meta_flashprotect, 256
 1680              	cy_meta_flashprotect:
 1681 0000 00000000 		.space	256
 1681      00000000 
 1681      00000000 
 1681      00000000 
 1681      00000000 
 1682              		.text
 1683              	.Letext0:
 1684              		.file 1 "c:\\program files (x86)\\cypress\\psoc creator\\4.3\\psoc creator\\import\\gnu\\arm\\5.4.
 1685              		.file 2 "c:\\program files (x86)\\cypress\\psoc creator\\4.3\\psoc creator\\import\\gnu\\arm\\5.4.
 1686              		.file 3 "Generated_Source\\PSoC5\\cymetadata.c"
 1687              		.section	.debug_info,"",%progbits
 1688              	.Ldebug_info0:
 1689 0000 34010000 		.4byte	0x134
 1690 0004 0400     		.2byte	0x4
 1691 0006 00000000 		.4byte	.Ldebug_abbrev0
 1692 000a 04       		.byte	0x4
 1693 000b 01       		.uleb128 0x1
 1694 000c 24000000 		.4byte	.LASF17
 1695 0010 0C       		.byte	0xc
 1696 0011 DD010000 		.4byte	.LASF18
 1697 0015 B2000000 		.4byte	.LASF19
 1698 0019 00000000 		.4byte	.Ldebug_line0
 1699 001d 02       		.uleb128 0x2
 1700 001e 01       		.byte	0x1
 1701 001f 06       		.byte	0x6
 1702 0020 D1010000 		.4byte	.LASF0
 1703 0024 03       		.uleb128 0x3
 1704 0025 00000000 		.4byte	.LASF9
 1705 0029 01       		.byte	0x1
 1706 002a 1D       		.byte	0x1d
ARM GAS  C:\Users\annat\AppData\Local\Temp\ccxrACBD.s 			page 31


 1707 002b 2F000000 		.4byte	0x2f
 1708 002f 02       		.uleb128 0x2
 1709 0030 01       		.byte	0x1
 1710 0031 08       		.byte	0x8
 1711 0032 16000000 		.4byte	.LASF1
 1712 0036 02       		.uleb128 0x2
 1713 0037 02       		.byte	0x2
 1714 0038 05       		.byte	0x5
 1715 0039 BE010000 		.4byte	.LASF2
 1716 003d 02       		.uleb128 0x2
 1717 003e 02       		.byte	0x2
 1718 003f 07       		.byte	0x7
 1719 0040 23010000 		.4byte	.LASF3
 1720 0044 02       		.uleb128 0x2
 1721 0045 04       		.byte	0x4
 1722 0046 05       		.byte	0x5
 1723 0047 C8010000 		.4byte	.LASF4
 1724 004b 02       		.uleb128 0x2
 1725 004c 04       		.byte	0x4
 1726 004d 07       		.byte	0x7
 1727 004e 11010000 		.4byte	.LASF5
 1728 0052 02       		.uleb128 0x2
 1729 0053 08       		.byte	0x8
 1730 0054 05       		.byte	0x5
 1731 0055 B0010000 		.4byte	.LASF6
 1732 0059 02       		.uleb128 0x2
 1733 005a 08       		.byte	0x8
 1734 005b 07       		.byte	0x7
 1735 005c 65010000 		.4byte	.LASF7
 1736 0060 04       		.uleb128 0x4
 1737 0061 04       		.byte	0x4
 1738 0062 05       		.byte	0x5
 1739 0063 696E7400 		.ascii	"int\000"
 1740 0067 02       		.uleb128 0x2
 1741 0068 04       		.byte	0x4
 1742 0069 07       		.byte	0x7
 1743 006a 58010000 		.4byte	.LASF8
 1744 006e 03       		.uleb128 0x3
 1745 006f 7C010000 		.4byte	.LASF10
 1746 0073 02       		.byte	0x2
 1747 0074 18       		.byte	0x18
 1748 0075 24000000 		.4byte	0x24
 1749 0079 05       		.uleb128 0x5
 1750 007a 91000000 		.4byte	0x91
 1751 007e 8A000000 		.4byte	0x8a
 1752 0082 06       		.uleb128 0x6
 1753 0083 8A000000 		.4byte	0x8a
 1754 0087 4B06     		.2byte	0x64b
 1755 0089 00       		.byte	0
 1756 008a 02       		.uleb128 0x2
 1757 008b 04       		.byte	0x4
 1758 008c 07       		.byte	0x7
 1759 008d A7010000 		.4byte	.LASF11
 1760 0091 07       		.uleb128 0x7
 1761 0092 6E000000 		.4byte	0x6e
 1762 0096 08       		.uleb128 0x8
 1763 0097 46010000 		.4byte	.LASF12
ARM GAS  C:\Users\annat\AppData\Local\Temp\ccxrACBD.s 			page 32


 1764 009b 03       		.byte	0x3
 1765 009c 1F       		.byte	0x1f
 1766 009d A7000000 		.4byte	0xa7
 1767 00a1 05       		.uleb128 0x5
 1768 00a2 03       		.byte	0x3
 1769 00a3 00000000 		.4byte	cy_meta_configecc
 1770 00a7 07       		.uleb128 0x7
 1771 00a8 79000000 		.4byte	0x79
 1772 00ac 05       		.uleb128 0x5
 1773 00ad 91000000 		.4byte	0x91
 1774 00b1 BC000000 		.4byte	0xbc
 1775 00b5 09       		.uleb128 0x9
 1776 00b6 8A000000 		.4byte	0x8a
 1777 00ba 03       		.byte	0x3
 1778 00bb 00       		.byte	0
 1779 00bc 08       		.uleb128 0x8
 1780 00bd 36010000 		.4byte	.LASF13
 1781 00c1 03       		.byte	0x3
 1782 00c2 F6       		.byte	0xf6
 1783 00c3 CD000000 		.4byte	0xcd
 1784 00c7 05       		.uleb128 0x5
 1785 00c8 03       		.byte	0x3
 1786 00c9 00000000 		.4byte	cy_meta_custnvl
 1787 00cd 07       		.uleb128 0x7
 1788 00ce AC000000 		.4byte	0xac
 1789 00d2 0A       		.uleb128 0xa
 1790 00d3 99010000 		.4byte	.LASF14
 1791 00d7 03       		.byte	0x3
 1792 00d8 0401     		.2byte	0x104
 1793 00da E4000000 		.4byte	0xe4
 1794 00de 05       		.uleb128 0x5
 1795 00df 03       		.byte	0x3
 1796 00e0 00000000 		.4byte	cy_meta_wonvl
 1797 00e4 07       		.uleb128 0x7
 1798 00e5 AC000000 		.4byte	0xac
 1799 00e9 05       		.uleb128 0x5
 1800 00ea 91000000 		.4byte	0x91
 1801 00ee F9000000 		.4byte	0xf9
 1802 00f2 09       		.uleb128 0x9
 1803 00f3 8A000000 		.4byte	0x8a
 1804 00f7 FF       		.byte	0xff
 1805 00f8 00       		.byte	0
 1806 00f9 0A       		.uleb128 0xa
 1807 00fa 84010000 		.4byte	.LASF15
 1808 00fe 03       		.byte	0x3
 1809 00ff 1201     		.2byte	0x112
 1810 0101 0B010000 		.4byte	0x10b
 1811 0105 05       		.uleb128 0x5
 1812 0106 03       		.byte	0x3
 1813 0107 00000000 		.4byte	cy_meta_flashprotect
 1814 010b 07       		.uleb128 0x7
 1815 010c E9000000 		.4byte	0xe9
 1816 0110 05       		.uleb128 0x5
 1817 0111 91000000 		.4byte	0x91
 1818 0115 20010000 		.4byte	0x120
 1819 0119 09       		.uleb128 0x9
 1820 011a 8A000000 		.4byte	0x8a
ARM GAS  C:\Users\annat\AppData\Local\Temp\ccxrACBD.s 			page 33


 1821 011e 0B       		.byte	0xb
 1822 011f 00       		.byte	0
 1823 0120 0A       		.uleb128 0xa
 1824 0121 0A000000 		.4byte	.LASF16
 1825 0125 03       		.byte	0x3
 1826 0126 3F01     		.2byte	0x13f
 1827 0128 32010000 		.4byte	0x132
 1828 012c 05       		.uleb128 0x5
 1829 012d 03       		.byte	0x3
 1830 012e 00000000 		.4byte	cy_metadata
 1831 0132 07       		.uleb128 0x7
 1832 0133 10010000 		.4byte	0x110
 1833 0137 00       		.byte	0
 1834              		.section	.debug_abbrev,"",%progbits
 1835              	.Ldebug_abbrev0:
 1836 0000 01       		.uleb128 0x1
 1837 0001 11       		.uleb128 0x11
 1838 0002 01       		.byte	0x1
 1839 0003 25       		.uleb128 0x25
 1840 0004 0E       		.uleb128 0xe
 1841 0005 13       		.uleb128 0x13
 1842 0006 0B       		.uleb128 0xb
 1843 0007 03       		.uleb128 0x3
 1844 0008 0E       		.uleb128 0xe
 1845 0009 1B       		.uleb128 0x1b
 1846 000a 0E       		.uleb128 0xe
 1847 000b 10       		.uleb128 0x10
 1848 000c 17       		.uleb128 0x17
 1849 000d 00       		.byte	0
 1850 000e 00       		.byte	0
 1851 000f 02       		.uleb128 0x2
 1852 0010 24       		.uleb128 0x24
 1853 0011 00       		.byte	0
 1854 0012 0B       		.uleb128 0xb
 1855 0013 0B       		.uleb128 0xb
 1856 0014 3E       		.uleb128 0x3e
 1857 0015 0B       		.uleb128 0xb
 1858 0016 03       		.uleb128 0x3
 1859 0017 0E       		.uleb128 0xe
 1860 0018 00       		.byte	0
 1861 0019 00       		.byte	0
 1862 001a 03       		.uleb128 0x3
 1863 001b 16       		.uleb128 0x16
 1864 001c 00       		.byte	0
 1865 001d 03       		.uleb128 0x3
 1866 001e 0E       		.uleb128 0xe
 1867 001f 3A       		.uleb128 0x3a
 1868 0020 0B       		.uleb128 0xb
 1869 0021 3B       		.uleb128 0x3b
 1870 0022 0B       		.uleb128 0xb
 1871 0023 49       		.uleb128 0x49
 1872 0024 13       		.uleb128 0x13
 1873 0025 00       		.byte	0
 1874 0026 00       		.byte	0
 1875 0027 04       		.uleb128 0x4
 1876 0028 24       		.uleb128 0x24
 1877 0029 00       		.byte	0
ARM GAS  C:\Users\annat\AppData\Local\Temp\ccxrACBD.s 			page 34


 1878 002a 0B       		.uleb128 0xb
 1879 002b 0B       		.uleb128 0xb
 1880 002c 3E       		.uleb128 0x3e
 1881 002d 0B       		.uleb128 0xb
 1882 002e 03       		.uleb128 0x3
 1883 002f 08       		.uleb128 0x8
 1884 0030 00       		.byte	0
 1885 0031 00       		.byte	0
 1886 0032 05       		.uleb128 0x5
 1887 0033 01       		.uleb128 0x1
 1888 0034 01       		.byte	0x1
 1889 0035 49       		.uleb128 0x49
 1890 0036 13       		.uleb128 0x13
 1891 0037 01       		.uleb128 0x1
 1892 0038 13       		.uleb128 0x13
 1893 0039 00       		.byte	0
 1894 003a 00       		.byte	0
 1895 003b 06       		.uleb128 0x6
 1896 003c 21       		.uleb128 0x21
 1897 003d 00       		.byte	0
 1898 003e 49       		.uleb128 0x49
 1899 003f 13       		.uleb128 0x13
 1900 0040 2F       		.uleb128 0x2f
 1901 0041 05       		.uleb128 0x5
 1902 0042 00       		.byte	0
 1903 0043 00       		.byte	0
 1904 0044 07       		.uleb128 0x7
 1905 0045 26       		.uleb128 0x26
 1906 0046 00       		.byte	0
 1907 0047 49       		.uleb128 0x49
 1908 0048 13       		.uleb128 0x13
 1909 0049 00       		.byte	0
 1910 004a 00       		.byte	0
 1911 004b 08       		.uleb128 0x8
 1912 004c 34       		.uleb128 0x34
 1913 004d 00       		.byte	0
 1914 004e 03       		.uleb128 0x3
 1915 004f 0E       		.uleb128 0xe
 1916 0050 3A       		.uleb128 0x3a
 1917 0051 0B       		.uleb128 0xb
 1918 0052 3B       		.uleb128 0x3b
 1919 0053 0B       		.uleb128 0xb
 1920 0054 49       		.uleb128 0x49
 1921 0055 13       		.uleb128 0x13
 1922 0056 3F       		.uleb128 0x3f
 1923 0057 19       		.uleb128 0x19
 1924 0058 02       		.uleb128 0x2
 1925 0059 18       		.uleb128 0x18
 1926 005a 00       		.byte	0
 1927 005b 00       		.byte	0
 1928 005c 09       		.uleb128 0x9
 1929 005d 21       		.uleb128 0x21
 1930 005e 00       		.byte	0
 1931 005f 49       		.uleb128 0x49
 1932 0060 13       		.uleb128 0x13
 1933 0061 2F       		.uleb128 0x2f
 1934 0062 0B       		.uleb128 0xb
ARM GAS  C:\Users\annat\AppData\Local\Temp\ccxrACBD.s 			page 35


 1935 0063 00       		.byte	0
 1936 0064 00       		.byte	0
 1937 0065 0A       		.uleb128 0xa
 1938 0066 34       		.uleb128 0x34
 1939 0067 00       		.byte	0
 1940 0068 03       		.uleb128 0x3
 1941 0069 0E       		.uleb128 0xe
 1942 006a 3A       		.uleb128 0x3a
 1943 006b 0B       		.uleb128 0xb
 1944 006c 3B       		.uleb128 0x3b
 1945 006d 05       		.uleb128 0x5
 1946 006e 49       		.uleb128 0x49
 1947 006f 13       		.uleb128 0x13
 1948 0070 3F       		.uleb128 0x3f
 1949 0071 19       		.uleb128 0x19
 1950 0072 02       		.uleb128 0x2
 1951 0073 18       		.uleb128 0x18
 1952 0074 00       		.byte	0
 1953 0075 00       		.byte	0
 1954 0076 00       		.byte	0
 1955              		.section	.debug_aranges,"",%progbits
 1956 0000 14000000 		.4byte	0x14
 1957 0004 0200     		.2byte	0x2
 1958 0006 00000000 		.4byte	.Ldebug_info0
 1959 000a 04       		.byte	0x4
 1960 000b 00       		.byte	0
 1961 000c 0000     		.2byte	0
 1962 000e 0000     		.2byte	0
 1963 0010 00000000 		.4byte	0
 1964 0014 00000000 		.4byte	0
 1965              		.section	.debug_line,"",%progbits
 1966              	.Ldebug_line0:
 1967 0000 3D010000 		.section	.debug_str,"MS",%progbits,1
 1967      02003701 
 1967      00000201 
 1967      FB0E0D00 
 1967      01010101 
 1968              	.LASF9:
 1969 0000 5F5F7569 		.ascii	"__uint8_t\000"
 1969      6E74385F 
 1969      7400
 1970              	.LASF16:
 1971 000a 63795F6D 		.ascii	"cy_metadata\000"
 1971      65746164 
 1971      61746100 
 1972              	.LASF1:
 1973 0016 756E7369 		.ascii	"unsigned char\000"
 1973      676E6564 
 1973      20636861 
 1973      7200
 1974              	.LASF17:
 1975 0024 474E5520 		.ascii	"GNU C11 5.4.1 20160609 (release) [ARM/embedded-5-br"
 1975      43313120 
 1975      352E342E 
 1975      31203230 
 1975      31363036 
 1976 0057 616E6368 		.ascii	"anch revision 237715] -mcpu=cortex-m3 -mthumb -g -O"
ARM GAS  C:\Users\annat\AppData\Local\Temp\ccxrACBD.s 			page 36


 1976      20726576 
 1976      6973696F 
 1976      6E203233 
 1976      37373135 
 1977 008a 67202D66 		.ascii	"g -ffunction-sections -ffat-lto-objects\000"
 1977      66756E63 
 1977      74696F6E 
 1977      2D736563 
 1977      74696F6E 
 1978              	.LASF19:
 1979 00b2 433A5C55 		.ascii	"C:\\Users\\annat\\OneDrive\\Desktop\\Group_01_Final"
 1979      73657273 
 1979      5C616E6E 
 1979      61745C4F 
 1979      6E654472 
 1980 00e0 50726F6A 		.ascii	"Project\\Group_01_FinalProject\\FinalProject.cydsn\000"
 1980      6563745C 
 1980      47726F75 
 1980      705F3031 
 1980      5F46696E 
 1981              	.LASF5:
 1982 0111 6C6F6E67 		.ascii	"long unsigned int\000"
 1982      20756E73 
 1982      69676E65 
 1982      6420696E 
 1982      7400
 1983              	.LASF3:
 1984 0123 73686F72 		.ascii	"short unsigned int\000"
 1984      7420756E 
 1984      7369676E 
 1984      65642069 
 1984      6E7400
 1985              	.LASF13:
 1986 0136 63795F6D 		.ascii	"cy_meta_custnvl\000"
 1986      6574615F 
 1986      63757374 
 1986      6E766C00 
 1987              	.LASF12:
 1988 0146 63795F6D 		.ascii	"cy_meta_configecc\000"
 1988      6574615F 
 1988      636F6E66 
 1988      69676563 
 1988      6300
 1989              	.LASF8:
 1990 0158 756E7369 		.ascii	"unsigned int\000"
 1990      676E6564 
 1990      20696E74 
 1990      00
 1991              	.LASF7:
 1992 0165 6C6F6E67 		.ascii	"long long unsigned int\000"
 1992      206C6F6E 
 1992      6720756E 
 1992      7369676E 
 1992      65642069 
 1993              	.LASF10:
 1994 017c 75696E74 		.ascii	"uint8_t\000"
 1994      385F7400 
ARM GAS  C:\Users\annat\AppData\Local\Temp\ccxrACBD.s 			page 37


 1995              	.LASF15:
 1996 0184 63795F6D 		.ascii	"cy_meta_flashprotect\000"
 1996      6574615F 
 1996      666C6173 
 1996      6870726F 
 1996      74656374 
 1997              	.LASF14:
 1998 0199 63795F6D 		.ascii	"cy_meta_wonvl\000"
 1998      6574615F 
 1998      776F6E76 
 1998      6C00
 1999              	.LASF11:
 2000 01a7 73697A65 		.ascii	"sizetype\000"
 2000      74797065 
 2000      00
 2001              	.LASF6:
 2002 01b0 6C6F6E67 		.ascii	"long long int\000"
 2002      206C6F6E 
 2002      6720696E 
 2002      7400
 2003              	.LASF2:
 2004 01be 73686F72 		.ascii	"short int\000"
 2004      7420696E 
 2004      7400
 2005              	.LASF4:
 2006 01c8 6C6F6E67 		.ascii	"long int\000"
 2006      20696E74 
 2006      00
 2007              	.LASF0:
 2008 01d1 7369676E 		.ascii	"signed char\000"
 2008      65642063 
 2008      68617200 
 2009              	.LASF18:
 2010 01dd 47656E65 		.ascii	"Generated_Source\\PSoC5\\cymetadata.c\000"
 2010      72617465 
 2010      645F536F 
 2010      75726365 
 2010      5C50536F 
 2011              		.ident	"GCC: (GNU Tools for ARM Embedded Processors) 5.4.1 20160609 (release) [ARM/embedded-5-bran
